TN:
SF:src/html2pdf.d.ts
FNF:0
FNH:0
LF:0
LH:0
BRF:0
BRH:0
end_of_record
TN:
SF:src/index.tsx
FNF:0
FNH:0
DA:1,0
DA:3,0
DA:4,0
DA:5,0
DA:7,0
DA:8,0
DA:13,0
DA:14,0
DA:16,0
DA:18,0
DA:20,0
DA:22,0
DA:24,0
LF:13
LH:0
BRF:0
BRH:0
end_of_record
TN:
SF:src/init.ts
FN:14,init
FN:28,(anonymous_1)
FN:31,(anonymous_2)
FNF:3
FNH:0
FNDA:0,init
FNDA:0,(anonymous_1)
FNDA:0,(anonymous_2)
DA:1,0
DA:14,0
DA:15,0
DA:17,0
DA:18,0
DA:21,0
DA:22,0
DA:23,0
DA:24,0
DA:25,0
DA:26,0
DA:29,0
DA:32,0
DA:33,0
DA:37,0
DA:38,0
LF:16
LH:0
BRDA:17,0,0,0
BRDA:17,1,0,0
BRDA:17,1,1,0
BRF:3
BRH:0
end_of_record
TN:
SF:src/mockData.ts
FN:263,(anonymous_0)
FN:325,(anonymous_1)
FN:348,(anonymous_2)
FNF:3
FNH:2
FNDA:201,(anonymous_0)
FNDA:0,(anonymous_1)
FNDA:192,(anonymous_2)
DA:7,4
DA:9,4
DA:32,4
DA:225,4
DA:263,4
DA:264,201
DA:267,201
DA:268,88
DA:272,113
DA:278,4
DA:313,4
DA:325,4
DA:326,0
DA:328,0
DA:329,0
DA:331,0
DA:334,4
DA:348,4
DA:349,192
DA:350,192
DA:351,192
DA:352,131
DA:355,61
LF:23
LH:19
BRDA:267,0,0,88
BRDA:328,1,0,0
BRDA:331,2,0,0
BRDA:331,2,1,0
BRDA:349,3,0,192
BRDA:351,4,0,131
BRF:6
BRH:3
end_of_record
TN:
SF:src/utils.ts
FN:5,(anonymous_0)
FN:20,(anonymous_1)
FN:102,(anonymous_2)
FN:123,(anonymous_3)
FN:144,(anonymous_4)
FN:151,(anonymous_5)
FN:158,(anonymous_6)
FN:166,(anonymous_7)
FN:173,(anonymous_8)
FN:188,(anonymous_9)
FN:192,(anonymous_10)
FN:197,(anonymous_11)
FN:203,(anonymous_12)
FN:208,(anonymous_13)
FN:214,formatWorkTime
FN:245,addToResult
FN:286,parseTimeToMinutes
FN:292,formatMinutesToTime
FN:311,(anonymous_18)
FN:339,(anonymous_19)
FN:380,(anonymous_20)
FN:381,(anonymous_21)
FN:392,(anonymous_22)
FN:419,(anonymous_23)
FN:443,(anonymous_24)
FN:472,(anonymous_25)
FN:473,(anonymous_26)
FN:484,(anonymous_27)
FN:509,UserLocation
FN:515,Deg2Rad
FN:519,PythagorasEquirectangular
FN:538,NearestCity
FN:554,(anonymous_32)
FN:562,(anonymous_33)
FN:566,(anonymous_34)
FN:570,(anonymous_35)
FN:579,(anonymous_36)
FN:582,(anonymous_37)
FN:586,(anonymous_38)
FN:593,(anonymous_39)
FN:599,(anonymous_40)
FN:601,(anonymous_41)
FN:604,(anonymous_42)
FN:607,(anonymous_43)
FN:611,(anonymous_44)
FNF:45
FNH:12
FNDA:0,(anonymous_0)
FNDA:165,(anonymous_1)
FNDA:255,(anonymous_2)
FNDA:0,(anonymous_3)
FNDA:0,(anonymous_4)
FNDA:0,(anonymous_5)
FNDA:0,(anonymous_6)
FNDA:21,(anonymous_7)
FNDA:139,(anonymous_8)
FNDA:21,(anonymous_9)
FNDA:21,(anonymous_10)
FNDA:0,(anonymous_11)
FNDA:0,(anonymous_12)
FNDA:89,(anonymous_13)
FNDA:0,formatWorkTime
FNDA:0,addToResult
FNDA:240,parseTimeToMinutes
FNDA:16,formatMinutesToTime
FNDA:16,(anonymous_18)
FNDA:0,(anonymous_19)
FNDA:9,(anonymous_20)
FNDA:0,(anonymous_21)
FNDA:0,(anonymous_22)
FNDA:0,(anonymous_23)
FNDA:0,(anonymous_24)
FNDA:0,(anonymous_25)
FNDA:0,(anonymous_26)
FNDA:0,(anonymous_27)
FNDA:0,UserLocation
FNDA:0,Deg2Rad
FNDA:0,PythagorasEquirectangular
FNDA:0,NearestCity
FNDA:0,(anonymous_32)
FNDA:24,(anonymous_33)
FNDA:0,(anonymous_34)
FNDA:0,(anonymous_35)
FNDA:0,(anonymous_36)
FNDA:0,(anonymous_37)
FNDA:0,(anonymous_38)
FNDA:0,(anonymous_39)
FNDA:0,(anonymous_40)
FNDA:0,(anonymous_41)
FNDA:0,(anonymous_42)
FNDA:0,(anonymous_43)
FNDA:0,(anonymous_44)
DA:2,25
DA:3,25
DA:5,25
DA:7,0
DA:20,25
DA:23,165
DA:24,165
DA:26,0
DA:29,165
DA:30,0
DA:33,165
DA:34,165
DA:35,0
DA:37,165
DA:38,165
DA:40,124
DA:44,41
DA:46,0
DA:50,25
DA:64,25
DA:78,25
DA:92,25
DA:102,25
DA:103,255
DA:104,255
DA:107,255
DA:108,255
DA:110,255
DA:111,255
DA:112,255
DA:114,255
DA:115,0
DA:116,255
DA:118,0
DA:120,255
DA:123,25
DA:124,0
DA:125,0
DA:128,0
DA:129,0
DA:131,0
DA:132,0
DA:134,0
DA:135,0
DA:136,0
DA:138,0
DA:140,0
DA:144,25
DA:145,0
DA:146,0
DA:148,0
DA:151,25
DA:152,0
DA:153,0
DA:155,0
DA:158,25
DA:159,0
DA:160,0
DA:161,0
DA:163,0
DA:166,25
DA:167,21
DA:168,21
DA:169,21
DA:171,21
DA:173,25
DA:174,139
DA:175,139
DA:178,139
DA:179,139
DA:181,139
DA:182,139
DA:183,139
DA:185,139
DA:188,25
DA:189,21
DA:190,21
DA:192,25
DA:193,21
DA:194,21
DA:197,25
DA:198,0
DA:199,0
DA:200,0
DA:203,25
DA:204,0
DA:205,0
DA:206,0
DA:208,25
DA:209,89
DA:210,89
DA:211,89
DA:214,25
DA:215,0
DA:216,0
DA:218,0
DA:219,0
DA:220,0
DA:221,0
DA:224,0
DA:225,0
DA:227,0
DA:231,0
DA:233,0
DA:234,0
DA:238,0
DA:239,0
DA:242,0
DA:246,0
DA:247,0
DA:251,0
DA:252,0
DA:253,0
DA:265,25
DA:275,25
DA:287,240
DA:288,240
DA:295,16
DA:296,16
DA:297,16
DA:299,16
DA:300,16
DA:301,16
DA:311,25
DA:316,16
DA:317,16
DA:320,16
DA:321,16
DA:322,112
DA:323,112
DA:324,112
DA:327,112
DA:328,32
DA:331,112
DA:332,112
DA:334,112
DA:338,16
DA:339,112
DA:344,16
DA:346,16
DA:348,16
DA:349,16
DA:355,16
DA:357,8
DA:358,8
DA:361,2
DA:368,14
DA:369,14
DA:370,14
DA:373,14
DA:374,5
DA:379,9
DA:380,9
DA:381,0
DA:382,9
DA:383,7
DA:389,2
DA:390,2
DA:392,2
DA:393,0
DA:395,2
DA:399,0
DA:419,25
DA:424,0
DA:425,0
DA:428,0
DA:429,0
DA:430,0
DA:431,0
DA:432,0
DA:433,0
DA:434,0
DA:436,0
DA:437,0
DA:439,0
DA:442,0
DA:443,0
DA:446,0
DA:448,0
DA:450,0
DA:451,0
DA:452,0
DA:453,0
DA:454,0
DA:455,0
DA:464,0
DA:465,0
DA:466,0
DA:467,0
DA:468,0
DA:471,0
DA:472,0
DA:473,0
DA:474,0
DA:475,0
DA:482,0
DA:483,0
DA:484,0
DA:485,0
DA:487,0
DA:492,0
DA:509,25
DA:510,0
DA:516,0
DA:520,0
DA:521,0
DA:522,0
DA:523,0
DA:524,0
DA:525,0
DA:526,0
DA:527,0
DA:528,0
DA:531,25
DA:538,25
DA:539,0
DA:542,0
DA:543,0
DA:544,0
DA:545,0
DA:546,0
DA:551,0
DA:554,25
DA:555,0
DA:556,0
DA:558,0
DA:562,25
DA:563,24
DA:566,25
DA:567,0
DA:570,25
DA:575,0
DA:576,0
DA:579,25
DA:580,0
DA:581,0
DA:582,0
DA:583,0
DA:586,25
DA:587,0
DA:588,0
DA:589,0
DA:590,0
DA:593,25
DA:594,0
DA:595,0
DA:596,0
DA:597,0
DA:599,25
DA:601,0
DA:604,0
DA:607,25
DA:611,0
DA:613,0
DA:616,25
DA:622,25
LF:256
LH:121
BRDA:23,0,0,165
BRDA:23,0,1,0
BRDA:29,1,0,0
BRDA:34,2,0,0
BRDA:34,3,0,165
BRDA:34,3,1,0
BRDA:38,4,0,124
BRDA:38,4,1,35
BRDA:38,4,2,41
BRDA:38,4,3,41
BRDA:38,4,4,0
BRDA:114,5,0,0
BRDA:114,5,1,255
BRDA:116,6,0,0
BRDA:116,6,1,255
BRDA:134,7,0,0
BRDA:134,7,1,0
BRDA:136,8,0,0
BRDA:136,8,1,0
BRDA:219,9,0,0
BRDA:227,10,0,0
BRDA:227,10,1,0
BRDA:228,11,0,0
BRDA:228,11,1,0
BRDA:238,12,0,0
BRDA:246,13,0,0
BRDA:246,13,1,0
BRDA:327,14,0,32
BRDA:331,15,0,112
BRDA:346,16,0,16
BRDA:355,17,0,8
BRDA:358,18,0,2
BRDA:358,19,0,8
BRDA:358,19,1,8
BRDA:368,20,0,14
BRDA:373,21,0,5
BRDA:373,22,0,14
BRDA:373,22,1,7
BRDA:382,23,0,7
BRDA:390,24,0,2
BRDA:390,25,0,2
BRDA:390,25,1,2
BRDA:393,26,0,0
BRDA:393,26,1,0
BRDA:433,27,0,0
BRDA:436,28,0,0
BRDA:448,29,0,0
BRDA:452,30,0,0
BRDA:454,31,0,0
BRDA:454,32,0,0
BRDA:454,32,1,0
BRDA:464,33,0,0
BRDA:467,34,0,0
BRDA:467,35,0,0
BRDA:467,35,1,0
BRDA:474,36,0,0
BRDA:483,37,0,0
BRDA:483,38,0,0
BRDA:483,38,1,0
BRDA:485,39,0,0
BRDA:485,39,1,0
BRDA:544,40,0,0
BRDA:583,41,0,0
BRDA:583,41,1,0
BRDA:586,42,0,0
BRDA:586,43,0,0
BRDA:593,44,0,0
BRDA:622,45,0,25
BRDA:622,45,1,0
BRF:69
BRH:24
end_of_record
TN:
SF:src/vite-env.d.ts
FNF:0
FNH:0
LF:0
LH:0
BRF:0
BRH:0
end_of_record
TN:
SF:src/api/auth.api.ts
FN:10,(anonymous_1)
FN:28,(anonymous_2)
FNF:2
FNH:0
FNDA:0,(anonymous_1)
FNDA:0,(anonymous_2)
DA:1,4
DA:2,4
DA:10,4
DA:11,0
DA:12,0
DA:15,0
DA:16,0
DA:18,0
DA:19,0
DA:28,4
DA:29,0
LF:11
LH:4
BRDA:15,0,0,0
BRF:1
BRH:0
end_of_record
TN:
SF:src/api/banquet.api.ts
FN:5,(anonymous_1)
FN:15,(anonymous_2)
FNF:2
FNH:0
FNDA:0,(anonymous_1)
FNDA:0,(anonymous_2)
DA:1,0
DA:2,0
DA:5,0
DA:6,0
DA:15,0
DA:16,0
LF:6
LH:0
BRF:0
BRH:0
end_of_record
TN:
SF:src/api/base.ts
FNF:0
FNH:0
DA:1,12
DA:2,12
DA:3,12
DA:4,12
DA:5,12
DA:13,12
DA:27,12
LF:7
LH:7
BRDA:2,0,0,12
BRDA:2,0,1,0
BRDA:3,1,0,12
BRDA:3,1,1,0
BRDA:4,2,0,12
BRDA:4,2,1,0
BRDA:5,3,0,12
BRDA:5,3,1,0
BRF:8
BRH:4
end_of_record
TN:
SF:src/api/certificates.api.ts
FN:5,(anonymous_1)
FN:17,(anonymous_2)
FN:28,(anonymous_3)
FN:54,(anonymous_4)
FN:64,(anonymous_5)
FN:76,(anonymous_6)
FN:88,(anonymous_7)
FN:100,(anonymous_8)
FN:119,(anonymous_9)
FN:140,(anonymous_10)
FNF:10
FNH:0
FNDA:0,(anonymous_1)
FNDA:0,(anonymous_2)
FNDA:0,(anonymous_3)
FNDA:0,(anonymous_4)
FNDA:0,(anonymous_5)
FNDA:0,(anonymous_6)
FNDA:0,(anonymous_7)
FNDA:0,(anonymous_8)
FNDA:0,(anonymous_9)
FNDA:0,(anonymous_10)
DA:1,0
DA:2,0
DA:5,0
DA:6,0
DA:17,0
DA:18,0
DA:28,0
DA:36,0
DA:54,0
DA:55,0
DA:64,0
DA:65,0
DA:76,0
DA:77,0
DA:88,0
DA:89,0
DA:100,0
DA:101,0
DA:119,0
DA:126,0
DA:140,0
DA:144,0
LF:22
LH:0
BRDA:124,0,0,0
BRF:1
BRH:0
end_of_record
TN:
SF:src/api/city.api.ts
FN:5,(anonymous_1)
FNF:1
FNH:0
FNDA:0,(anonymous_1)
DA:1,0
DA:2,0
DA:5,0
DA:6,0
LF:4
LH:0
BRF:0
BRH:0
end_of_record
TN:
SF:src/api/config.ts
FN:8,(anonymous_1)
FNF:1
FNH:0
FNDA:0,(anonymous_1)
DA:1,0
DA:2,0
DA:8,0
DA:9,0
LF:4
LH:0
BRF:0
BRH:0
end_of_record
TN:
SF:src/api/events.api.ts
FN:6,(anonymous_1)
FN:14,(anonymous_2)
FN:40,(anonymous_3)
FN:81,(anonymous_4)
FN:92,(anonymous_5)
FN:103,(anonymous_6)
FN:111,(anonymous_7)
FN:119,(anonymous_8)
FN:127,(anonymous_9)
FN:135,(anonymous_10)
FN:164,(anonymous_11)
FN:172,(anonymous_12)
FN:180,(anonymous_13)
FNF:13
FNH:0
FNDA:0,(anonymous_1)
FNDA:0,(anonymous_2)
FNDA:0,(anonymous_3)
FNDA:0,(anonymous_4)
FNDA:0,(anonymous_5)
FNDA:0,(anonymous_6)
FNDA:0,(anonymous_7)
FNDA:0,(anonymous_8)
FNDA:0,(anonymous_9)
FNDA:0,(anonymous_10)
FNDA:0,(anonymous_11)
FNDA:0,(anonymous_12)
FNDA:0,(anonymous_13)
DA:1,0
DA:2,0
DA:6,0
DA:7,0
DA:14,0
DA:20,0
DA:40,0
DA:48,0
DA:81,0
DA:82,0
DA:92,0
DA:93,0
DA:103,0
DA:104,0
DA:111,0
DA:112,0
DA:119,0
DA:120,0
DA:127,0
DA:128,0
DA:135,0
DA:146,0
DA:164,0
DA:165,0
DA:172,0
DA:173,0
DA:180,0
DA:186,0
LF:28
LH:0
BRF:0
BRH:0
end_of_record
TN:
SF:src/api/gastronomy.api.ts
FN:5,(anonymous_1)
FN:16,(anonymous_2)
FN:30,(anonymous_3)
FN:41,(anonymous_4)
FN:55,(anonymous_5)
FN:68,(anonymous_6)
FN:84,(anonymous_7)
FN:96,(anonymous_8)
FNF:8
FNH:0
FNDA:0,(anonymous_1)
FNDA:0,(anonymous_2)
FNDA:0,(anonymous_3)
FNDA:0,(anonymous_4)
FNDA:0,(anonymous_5)
FNDA:0,(anonymous_6)
FNDA:0,(anonymous_7)
FNDA:0,(anonymous_8)
DA:1,0
DA:2,0
DA:5,0
DA:6,0
DA:16,0
DA:17,0
DA:30,0
DA:31,0
DA:41,0
DA:42,0
DA:55,0
DA:56,0
DA:68,0
DA:69,0
DA:84,0
DA:85,0
DA:96,0
DA:97,0
LF:18
LH:0
BRF:0
BRH:0
end_of_record
TN:
SF:src/api/menu.api.ts
FN:9,(anonymous_1)
FNF:1
FNH:0
FNDA:0,(anonymous_1)
DA:1,1
DA:2,1
DA:9,1
DA:10,0
DA:12,0
LF:5
LH:3
BRDA:10,0,0,0
BRDA:10,0,1,0
BRF:2
BRH:0
end_of_record
TN:
SF:src/api/restaurants.api.ts
FN:13,(anonymous_1)
FN:21,(anonymous_2)
FN:32,(anonymous_3)
FN:44,(anonymous_4)
FN:87,(anonymous_5)
FN:98,(anonymous_6)
FN:106,(anonymous_7)
FN:114,(anonymous_8)
FN:122,(anonymous_9)
FN:130,(anonymous_10)
FN:146,(anonymous_11)
FN:154,(anonymous_12)
FN:166,(anonymous_13)
FN:180,(anonymous_14)
FNF:14
FNH:0
FNDA:0,(anonymous_1)
FNDA:0,(anonymous_2)
FNDA:0,(anonymous_3)
FNDA:0,(anonymous_4)
FNDA:0,(anonymous_5)
FNDA:0,(anonymous_6)
FNDA:0,(anonymous_7)
FNDA:0,(anonymous_8)
FNDA:0,(anonymous_9)
FNDA:0,(anonymous_10)
FNDA:0,(anonymous_11)
FNDA:0,(anonymous_12)
FNDA:0,(anonymous_13)
FNDA:0,(anonymous_14)
DA:1,1
DA:2,1
DA:13,1
DA:14,0
DA:21,1
DA:22,0
DA:32,1
DA:33,0
DA:44,1
DA:61,0
DA:87,1
DA:88,0
DA:98,1
DA:99,0
DA:106,1
DA:107,0
DA:114,1
DA:115,0
DA:122,1
DA:123,0
DA:130,1
DA:131,0
DA:146,1
DA:147,0
DA:154,1
DA:155,0
DA:166,1
DA:167,0
DA:180,1
DA:181,0
LF:30
LH:16
BRDA:71,0,0,0
BRDA:71,0,1,0
BRF:2
BRH:0
end_of_record
TN:
SF:src/api/stories.api.ts
FN:5,(anonymous_1)
FNF:1
FNH:0
FNDA:0,(anonymous_1)
DA:1,0
DA:3,0
DA:5,0
DA:6,0
LF:4
LH:0
BRF:0
BRH:0
end_of_record
TN:
SF:src/api/user.api.ts
FN:5,(anonymous_1)
FN:24,(anonymous_2)
FN:36,(anonymous_3)
FN:50,(anonymous_4)
FN:65,(anonymous_5)
FN:73,(anonymous_6)
FN:81,(anonymous_7)
FNF:7
FNH:0
FNDA:0,(anonymous_1)
FNDA:0,(anonymous_2)
FNDA:0,(anonymous_3)
FNDA:0,(anonymous_4)
FNDA:0,(anonymous_5)
FNDA:0,(anonymous_6)
FNDA:0,(anonymous_7)
DA:1,0
DA:2,0
DA:5,0
DA:9,0
DA:10,0
DA:11,0
DA:12,0
DA:13,0
DA:14,0
DA:15,0
DA:17,0
DA:24,0
DA:25,0
DA:36,0
DA:37,0
DA:50,0
DA:51,0
DA:65,0
DA:66,0
DA:73,0
DA:74,0
DA:81,0
DA:82,0
LF:23
LH:0
BRDA:10,0,0,0
BRDA:10,0,1,0
BRDA:11,1,0,0
BRDA:11,1,1,0
BRDA:12,2,0,0
BRDA:12,2,1,0
BRDA:13,3,0,0
BRDA:13,3,1,0
BRDA:14,4,0,0
BRDA:14,4,1,0
BRDA:15,5,0,0
BRDA:15,5,1,0
BRDA:50,6,0,0
BRF:13
BRH:0
end_of_record
TN:
SF:src/atoms/backButtonAtom.ts
FNF:0
FNH:0
DA:1,0
DA:3,0
LF:2
LH:0
BRF:0
BRH:0
end_of_record
TN:
SF:src/atoms/banquetFormAtom.ts
FN:48,(anonymous_0)
FN:77,(anonymous_1)
FN:88,(anonymous_2)
FN:99,(anonymous_3)
FN:100,(anonymous_4)
FN:107,(anonymous_5)
FN:108,(anonymous_6)
FN:115,(anonymous_7)
FN:116,(anonymous_8)
FN:123,(anonymous_9)
FN:124,(anonymous_10)
FN:131,(anonymous_11)
FN:132,(anonymous_12)
FN:139,(anonymous_13)
FN:140,(anonymous_14)
FN:147,(anonymous_15)
FN:148,(anonymous_16)
FN:158,(anonymous_17)
FN:170,(anonymous_18)
FNF:19
FNH:3
FNDA:1,(anonymous_0)
FNDA:7,(anonymous_1)
FNDA:2,(anonymous_2)
FNDA:0,(anonymous_3)
FNDA:0,(anonymous_4)
FNDA:0,(anonymous_5)
FNDA:0,(anonymous_6)
FNDA:0,(anonymous_7)
FNDA:0,(anonymous_8)
FNDA:0,(anonymous_9)
FNDA:0,(anonymous_10)
FNDA:0,(anonymous_11)
FNDA:0,(anonymous_12)
FNDA:0,(anonymous_13)
FNDA:0,(anonymous_14)
FNDA:0,(anonymous_15)
FNDA:0,(anonymous_16)
FNDA:0,(anonymous_17)
FNDA:0,(anonymous_18)
DA:4,1
DA:5,1
DA:48,1
DA:70,1
DA:75,1
DA:78,7
DA:79,7
DA:86,1
DA:89,2
DA:98,1
DA:99,0
DA:101,0
DA:106,1
DA:107,0
DA:109,0
DA:114,1
DA:115,0
DA:117,0
DA:122,1
DA:123,0
DA:125,0
DA:130,1
DA:131,0
DA:133,0
DA:138,1
DA:139,0
DA:141,0
DA:146,1
DA:147,0
DA:149,0
DA:158,1
DA:159,0
DA:160,0
DA:170,1
DA:171,0
DA:172,0
LF:36
LH:18
BRDA:161,0,0,0
BRDA:161,0,1,0
BRDA:161,0,2,0
BRDA:161,0,3,0
BRDA:161,0,4,0
BRDA:172,1,0,0
BRDA:172,1,1,0
BRF:7
BRH:0
end_of_record
TN:
SF:src/atoms/bookingCommAtom.ts
FN:6,(anonymous_0)
FN:7,(anonymous_1)
FN:12,(anonymous_2)
FNF:3
FNH:2
FNDA:138,(anonymous_0)
FNDA:62,(anonymous_1)
FNDA:0,(anonymous_2)
DA:1,6
DA:3,6
DA:5,6
DA:6,138
DA:8,62
DA:9,62
DA:12,0
LF:7
LH:6
BRDA:9,0,0,0
BRDA:9,0,1,62
BRF:2
BRH:1
end_of_record
TN:
SF:src/atoms/bookingFormAtom.ts
FN:102,(anonymous_0)
FN:160,(anonymous_1)
FN:179,(anonymous_2)
FN:191,(anonymous_3)
FN:202,(anonymous_4)
FN:203,(anonymous_5)
FN:210,(anonymous_6)
FN:211,(anonymous_7)
FN:218,(anonymous_8)
FN:219,(anonymous_9)
FN:226,(anonymous_10)
FN:230,(anonymous_11)
FN:237,(anonymous_12)
FN:242,(anonymous_13)
FN:249,(anonymous_14)
FN:250,(anonymous_15)
FN:257,(anonymous_16)
FN:258,(anonymous_17)
FN:265,(anonymous_18)
FN:266,(anonymous_19)
FN:273,(anonymous_20)
FN:274,(anonymous_21)
FN:284,(anonymous_22)
FN:291,(anonymous_23)
FN:296,(anonymous_24)
FN:300,(anonymous_25)
FN:306,(anonymous_26)
FNF:27
FNH:2
FNDA:380,(anonymous_0)
FNDA:76,(anonymous_1)
FNDA:0,(anonymous_2)
FNDA:0,(anonymous_3)
FNDA:0,(anonymous_4)
FNDA:0,(anonymous_5)
FNDA:0,(anonymous_6)
FNDA:0,(anonymous_7)
FNDA:0,(anonymous_8)
FNDA:0,(anonymous_9)
FNDA:0,(anonymous_10)
FNDA:0,(anonymous_11)
FNDA:0,(anonymous_12)
FNDA:0,(anonymous_13)
FNDA:0,(anonymous_14)
FNDA:0,(anonymous_15)
FNDA:0,(anonymous_16)
FNDA:0,(anonymous_17)
FNDA:0,(anonymous_18)
FNDA:0,(anonymous_19)
FNDA:0,(anonymous_20)
FNDA:0,(anonymous_21)
FNDA:0,(anonymous_22)
FNDA:0,(anonymous_23)
FNDA:0,(anonymous_24)
FNDA:0,(anonymous_25)
FNDA:0,(anonymous_26)
DA:41,4
DA:42,4
DA:50,4
DA:58,4
DA:102,4
DA:106,380
DA:129,4
DA:135,4
DA:141,4
DA:148,4
DA:160,4
DA:161,76
DA:163,23
DA:165,26
DA:167,27
DA:169,0
DA:177,4
DA:180,0
DA:181,0
DA:189,4
DA:192,0
DA:201,4
DA:202,0
DA:204,0
DA:209,4
DA:210,0
DA:212,0
DA:217,4
DA:218,0
DA:220,0
DA:225,4
DA:226,0
DA:231,0
DA:236,4
DA:237,0
DA:243,0
DA:248,4
DA:249,0
DA:251,0
DA:256,4
DA:257,0
DA:259,0
DA:264,4
DA:265,0
DA:267,0
DA:272,4
DA:273,0
DA:275,0
DA:284,4
DA:285,0
DA:286,0
DA:290,4
DA:291,0
DA:295,4
DA:296,0
DA:300,4
DA:301,0
DA:302,0
DA:306,4
LF:59
LH:31
BRDA:112,0,0,380
BRDA:112,0,1,318
BRDA:113,1,0,380
BRDA:113,1,1,318
BRDA:114,2,0,380
BRDA:114,2,1,380
BRDA:161,3,0,23
BRDA:161,3,1,26
BRDA:161,3,2,27
BRDA:161,3,3,0
BRDA:302,4,0,0
BRDA:302,4,1,0
BRF:12
BRH:9
end_of_record
TN:
SF:src/atoms/bookingInfoAtom.ts
FNF:0
FNH:0
DA:1,0
DA:15,0
DA:16,0
DA:20,0
DA:24,0
LF:5
LH:0
BRF:0
BRH:0
end_of_record
TN:
SF:src/atoms/certificatesListAtom.ts
FNF:0
FNH:0
DA:1,8
DA:8,8
LF:2
LH:2
BRF:0
BRH:0
end_of_record
TN:
SF:src/atoms/cityListAtom.ts
FN:54,(anonymous_0)
FN:57,(anonymous_1)
FN:66,(anonymous_2)
FN:77,(anonymous_3)
FN:78,(anonymous_4)
FNF:5
FNH:2
FNDA:29,(anonymous_0)
FNDA:35,(anonymous_1)
FNDA:0,(anonymous_2)
FNDA:0,(anonymous_3)
FNDA:0,(anonymous_4)
DA:1,4
DA:20,4
DA:39,4
DA:47,4
DA:54,4
DA:55,29
DA:56,29
DA:57,35
DA:66,4
DA:67,0
DA:76,4
DA:77,0
DA:79,0
DA:80,0
LF:14
LH:10
BRDA:47,0,0,4
BRDA:47,0,1,4
BRDA:57,1,0,29
BRDA:57,1,1,8
BRF:4
BRH:4
end_of_record
TN:
SF:src/atoms/dishesListAtom.ts
FNF:0
FNH:0
DA:1,1
DA:8,1
DA:14,1
LF:3
LH:3
BRF:0
BRH:0
end_of_record
TN:
SF:src/atoms/eventListAtom.ts
FNF:0
FNH:0
DA:1,5
DA:8,5
DA:14,5
DA:52,5
DA:58,5
LF:5
LH:5
BRF:0
BRH:0
end_of_record
TN:
SF:src/atoms/gastronomyCartAtom.ts
FNF:0
FNH:0
DA:1,2
DA:19,2
LF:2
LH:2
BRF:0
BRH:0
end_of_record
TN:
SF:src/atoms/localStoriesListAtom.ts
FNF:0
FNH:0
DA:2,0
DA:13,0
LF:2
LH:0
BRF:0
BRH:0
end_of_record
TN:
SF:src/atoms/navigationHistoryAtom.ts
FNF:0
FNH:0
DA:1,12
DA:6,12
LF:2
LH:2
BRF:0
BRH:0
end_of_record
TN:
SF:src/atoms/restaurantMenuAtom.ts
FNF:0
FNH:0
DA:1,1
DA:9,1
LF:2
LH:2
BRF:0
BRH:0
end_of_record
TN:
SF:src/atoms/restaurantPageAtom.ts
FNF:0
FNH:0
DA:1,0
DA:9,0
LF:2
LH:0
BRF:0
BRH:0
end_of_record
TN:
SF:src/atoms/restaurantsListAtom.ts
FN:16,(anonymous_0)
FN:17,(anonymous_1)
FN:19,(anonymous_2)
FN:28,(anonymous_3)
FNF:4
FNH:4
FNDA:13,(anonymous_0)
FNDA:124,(anonymous_1)
FNDA:159,(anonymous_2)
FNDA:339,(anonymous_3)
DA:1,13
DA:2,13
DA:9,13
DA:16,13
DA:17,13
DA:18,124
DA:19,159
DA:28,13
DA:29,339
LF:9
LH:9
BRF:0
BRH:0
end_of_record
TN:
SF:src/atoms/toastAtom.ts
FN:29,(anonymous_0)
FN:34,(anonymous_1)
FN:35,(anonymous_2)
FNF:3
FNH:3
FNDA:20,(anonymous_0)
FNDA:2,(anonymous_1)
FNDA:2,(anonymous_2)
DA:1,7
DA:17,7
DA:29,7
DA:30,20
DA:31,20
DA:34,20
DA:35,2
LF:7
LH:7
BRDA:30,0,0,20
BRDA:30,0,1,14
BRF:2
BRH:2
end_of_record
TN:
SF:src/atoms/userAtom.ts
FN:36,(anonymous_0)
FN:47,(anonymous_1)
FN:48,(anonymous_2)
FN:55,(anonymous_3)
FN:67,(anonymous_4)
FN:78,(anonymous_5)
FN:88,(anonymous_6)
FN:99,(anonymous_7)
FNF:8
FNH:2
FNDA:73,(anonymous_0)
FNDA:0,(anonymous_1)
FNDA:0,(anonymous_2)
FNDA:0,(anonymous_3)
FNDA:24,(anonymous_4)
FNDA:0,(anonymous_5)
FNDA:0,(anonymous_6)
FNDA:0,(anonymous_7)
DA:1,24
DA:3,24
DA:9,24
DA:15,24
DA:36,24
DA:37,73
DA:38,73
DA:41,73
DA:42,0
DA:46,73
DA:47,0
DA:48,0
DA:55,24
DA:67,24
DA:68,24
DA:69,24
DA:71,24
DA:77,24
DA:80,0
DA:82,0
DA:83,0
DA:86,0
DA:90,0
DA:91,0
DA:99,24
DA:100,0
DA:109,24
LF:27
LH:17
BRDA:41,0,0,0
BRDA:69,1,0,0
BRDA:69,1,1,24
BRDA:82,2,0,0
BRF:4
BRH:1
end_of_record
TN:
SF:src/components/App.tsx
FN:30,(anonymous_9)
FN:30,(anonymous_10)
FN:30,(anonymous_11)
FN:31,(anonymous_12)
FN:31,(anonymous_13)
FN:31,(anonymous_14)
FN:32,(anonymous_15)
FN:32,(anonymous_16)
FN:32,(anonymous_17)
FN:33,(anonymous_18)
FN:33,(anonymous_19)
FN:33,(anonymous_20)
FN:36,(anonymous_21)
FN:36,(anonymous_22)
FN:36,(anonymous_23)
FN:37,(anonymous_24)
FN:37,(anonymous_25)
FN:37,(anonymous_26)
FN:38,(anonymous_27)
FN:38,(anonymous_28)
FN:38,(anonymous_29)
FN:39,(anonymous_30)
FN:39,(anonymous_31)
FN:39,(anonymous_32)
FN:42,(anonymous_33)
FN:42,(anonymous_34)
FN:42,(anonymous_35)
FN:43,(anonymous_36)
FN:43,(anonymous_37)
FN:43,(anonymous_38)
FN:44,(anonymous_39)
FN:44,(anonymous_40)
FN:44,(anonymous_41)
FN:45,(anonymous_42)
FN:45,(anonymous_43)
FN:45,(anonymous_44)
FN:48,(anonymous_45)
FN:48,(anonymous_46)
FN:48,(anonymous_47)
FN:49,(anonymous_48)
FN:49,(anonymous_49)
FN:49,(anonymous_50)
FN:50,(anonymous_51)
FN:50,(anonymous_52)
FN:50,(anonymous_53)
FN:51,(anonymous_54)
FN:51,(anonymous_55)
FN:51,(anonymous_56)
FN:54,(anonymous_57)
FN:54,(anonymous_58)
FN:54,(anonymous_59)
FN:55,(anonymous_60)
FN:55,(anonymous_61)
FN:55,(anonymous_62)
FN:56,(anonymous_63)
FN:56,(anonymous_64)
FN:56,(anonymous_65)
FN:57,(anonymous_66)
FN:57,(anonymous_67)
FN:57,(anonymous_68)
FN:60,(anonymous_69)
FN:60,(anonymous_70)
FN:60,(anonymous_71)
FN:63,(anonymous_72)
FN:63,(anonymous_73)
FN:63,(anonymous_74)
FN:64,(anonymous_75)
FN:64,(anonymous_76)
FN:64,(anonymous_77)
FN:65,(anonymous_78)
FN:65,(anonymous_79)
FN:65,(anonymous_80)
FN:66,(anonymous_81)
FN:66,(anonymous_82)
FN:66,(anonymous_83)
FN:67,(anonymous_84)
FN:67,(anonymous_85)
FN:67,(anonymous_86)
FN:68,(anonymous_87)
FN:68,(anonymous_88)
FN:68,(anonymous_89)
FN:71,(anonymous_90)
FN:71,(anonymous_91)
FN:71,(anonymous_92)
FN:72,(anonymous_93)
FN:72,(anonymous_94)
FN:72,(anonymous_95)
FN:73,(anonymous_96)
FN:73,(anonymous_97)
FN:73,(anonymous_98)
FN:74,(anonymous_99)
FN:74,(anonymous_100)
FN:74,(anonymous_101)
FN:77,(anonymous_102)
FN:77,(anonymous_103)
FN:77,(anonymous_104)
FN:78,(anonymous_105)
FN:78,(anonymous_106)
FN:78,(anonymous_107)
FN:79,(anonymous_108)
FN:79,(anonymous_109)
FN:79,(anonymous_110)
FN:80,(anonymous_111)
FN:80,(anonymous_112)
FN:80,(anonymous_113)
FN:81,(anonymous_114)
FN:81,(anonymous_115)
FN:81,(anonymous_116)
FN:84,(anonymous_117)
FN:84,(anonymous_118)
FN:84,(anonymous_119)
FN:85,(anonymous_120)
FN:85,(anonymous_121)
FN:85,(anonymous_122)
FN:86,(anonymous_123)
FN:86,(anonymous_124)
FN:86,(anonymous_125)
FN:87,(anonymous_126)
FN:87,(anonymous_127)
FN:87,(anonymous_128)
FN:88,(anonymous_129)
FN:88,(anonymous_130)
FN:88,(anonymous_131)
FN:89,(anonymous_132)
FN:89,(anonymous_133)
FN:89,(anonymous_134)
FN:90,(anonymous_135)
FN:90,(anonymous_136)
FN:90,(anonymous_137)
FN:91,(anonymous_138)
FN:91,(anonymous_139)
FN:91,(anonymous_140)
FN:92,(anonymous_141)
FN:92,(anonymous_142)
FN:92,(anonymous_143)
FN:95,(anonymous_144)
FN:95,(anonymous_145)
FN:95,(anonymous_146)
FN:96,(anonymous_147)
FN:96,(anonymous_148)
FN:96,(anonymous_149)
FN:97,(anonymous_150)
FN:97,(anonymous_151)
FN:97,(anonymous_152)
FN:98,(anonymous_153)
FN:98,(anonymous_154)
FN:98,(anonymous_155)
FN:99,(anonymous_156)
FN:99,(anonymous_157)
FN:99,(anonymous_158)
FN:100,(anonymous_159)
FN:100,(anonymous_160)
FN:100,(anonymous_161)
FN:101,(anonymous_162)
FN:101,(anonymous_163)
FN:101,(anonymous_164)
FN:104,(anonymous_165)
FN:104,(anonymous_166)
FN:104,(anonymous_167)
FN:105,(anonymous_168)
FN:105,(anonymous_169)
FN:105,(anonymous_170)
FN:106,(anonymous_171)
FN:106,(anonymous_172)
FN:106,(anonymous_173)
FN:109,(anonymous_174)
FN:109,(anonymous_175)
FN:109,(anonymous_176)
FN:114,(anonymous_177)
FN:128,(anonymous_178)
FN:147,(anonymous_179)
FN:152,(anonymous_180)
FN:331,(anonymous_181)
FN:335,(anonymous_182)
FNF:174
FNH:0
FNDA:0,(anonymous_9)
FNDA:0,(anonymous_10)
FNDA:0,(anonymous_11)
FNDA:0,(anonymous_12)
FNDA:0,(anonymous_13)
FNDA:0,(anonymous_14)
FNDA:0,(anonymous_15)
FNDA:0,(anonymous_16)
FNDA:0,(anonymous_17)
FNDA:0,(anonymous_18)
FNDA:0,(anonymous_19)
FNDA:0,(anonymous_20)
FNDA:0,(anonymous_21)
FNDA:0,(anonymous_22)
FNDA:0,(anonymous_23)
FNDA:0,(anonymous_24)
FNDA:0,(anonymous_25)
FNDA:0,(anonymous_26)
FNDA:0,(anonymous_27)
FNDA:0,(anonymous_28)
FNDA:0,(anonymous_29)
FNDA:0,(anonymous_30)
FNDA:0,(anonymous_31)
FNDA:0,(anonymous_32)
FNDA:0,(anonymous_33)
FNDA:0,(anonymous_34)
FNDA:0,(anonymous_35)
FNDA:0,(anonymous_36)
FNDA:0,(anonymous_37)
FNDA:0,(anonymous_38)
FNDA:0,(anonymous_39)
FNDA:0,(anonymous_40)
FNDA:0,(anonymous_41)
FNDA:0,(anonymous_42)
FNDA:0,(anonymous_43)
FNDA:0,(anonymous_44)
FNDA:0,(anonymous_45)
FNDA:0,(anonymous_46)
FNDA:0,(anonymous_47)
FNDA:0,(anonymous_48)
FNDA:0,(anonymous_49)
FNDA:0,(anonymous_50)
FNDA:0,(anonymous_51)
FNDA:0,(anonymous_52)
FNDA:0,(anonymous_53)
FNDA:0,(anonymous_54)
FNDA:0,(anonymous_55)
FNDA:0,(anonymous_56)
FNDA:0,(anonymous_57)
FNDA:0,(anonymous_58)
FNDA:0,(anonymous_59)
FNDA:0,(anonymous_60)
FNDA:0,(anonymous_61)
FNDA:0,(anonymous_62)
FNDA:0,(anonymous_63)
FNDA:0,(anonymous_64)
FNDA:0,(anonymous_65)
FNDA:0,(anonymous_66)
FNDA:0,(anonymous_67)
FNDA:0,(anonymous_68)
FNDA:0,(anonymous_69)
FNDA:0,(anonymous_70)
FNDA:0,(anonymous_71)
FNDA:0,(anonymous_72)
FNDA:0,(anonymous_73)
FNDA:0,(anonymous_74)
FNDA:0,(anonymous_75)
FNDA:0,(anonymous_76)
FNDA:0,(anonymous_77)
FNDA:0,(anonymous_78)
FNDA:0,(anonymous_79)
FNDA:0,(anonymous_80)
FNDA:0,(anonymous_81)
FNDA:0,(anonymous_82)
FNDA:0,(anonymous_83)
FNDA:0,(anonymous_84)
FNDA:0,(anonymous_85)
FNDA:0,(anonymous_86)
FNDA:0,(anonymous_87)
FNDA:0,(anonymous_88)
FNDA:0,(anonymous_89)
FNDA:0,(anonymous_90)
FNDA:0,(anonymous_91)
FNDA:0,(anonymous_92)
FNDA:0,(anonymous_93)
FNDA:0,(anonymous_94)
FNDA:0,(anonymous_95)
FNDA:0,(anonymous_96)
FNDA:0,(anonymous_97)
FNDA:0,(anonymous_98)
FNDA:0,(anonymous_99)
FNDA:0,(anonymous_100)
FNDA:0,(anonymous_101)
FNDA:0,(anonymous_102)
FNDA:0,(anonymous_103)
FNDA:0,(anonymous_104)
FNDA:0,(anonymous_105)
FNDA:0,(anonymous_106)
FNDA:0,(anonymous_107)
FNDA:0,(anonymous_108)
FNDA:0,(anonymous_109)
FNDA:0,(anonymous_110)
FNDA:0,(anonymous_111)
FNDA:0,(anonymous_112)
FNDA:0,(anonymous_113)
FNDA:0,(anonymous_114)
FNDA:0,(anonymous_115)
FNDA:0,(anonymous_116)
FNDA:0,(anonymous_117)
FNDA:0,(anonymous_118)
FNDA:0,(anonymous_119)
FNDA:0,(anonymous_120)
FNDA:0,(anonymous_121)
FNDA:0,(anonymous_122)
FNDA:0,(anonymous_123)
FNDA:0,(anonymous_124)
FNDA:0,(anonymous_125)
FNDA:0,(anonymous_126)
FNDA:0,(anonymous_127)
FNDA:0,(anonymous_128)
FNDA:0,(anonymous_129)
FNDA:0,(anonymous_130)
FNDA:0,(anonymous_131)
FNDA:0,(anonymous_132)
FNDA:0,(anonymous_133)
FNDA:0,(anonymous_134)
FNDA:0,(anonymous_135)
FNDA:0,(anonymous_136)
FNDA:0,(anonymous_137)
FNDA:0,(anonymous_138)
FNDA:0,(anonymous_139)
FNDA:0,(anonymous_140)
FNDA:0,(anonymous_141)
FNDA:0,(anonymous_142)
FNDA:0,(anonymous_143)
FNDA:0,(anonymous_144)
FNDA:0,(anonymous_145)
FNDA:0,(anonymous_146)
FNDA:0,(anonymous_147)
FNDA:0,(anonymous_148)
FNDA:0,(anonymous_149)
FNDA:0,(anonymous_150)
FNDA:0,(anonymous_151)
FNDA:0,(anonymous_152)
FNDA:0,(anonymous_153)
FNDA:0,(anonymous_154)
FNDA:0,(anonymous_155)
FNDA:0,(anonymous_156)
FNDA:0,(anonymous_157)
FNDA:0,(anonymous_158)
FNDA:0,(anonymous_159)
FNDA:0,(anonymous_160)
FNDA:0,(anonymous_161)
FNDA:0,(anonymous_162)
FNDA:0,(anonymous_163)
FNDA:0,(anonymous_164)
FNDA:0,(anonymous_165)
FNDA:0,(anonymous_166)
FNDA:0,(anonymous_167)
FNDA:0,(anonymous_168)
FNDA:0,(anonymous_169)
FNDA:0,(anonymous_170)
FNDA:0,(anonymous_171)
FNDA:0,(anonymous_172)
FNDA:0,(anonymous_173)
FNDA:0,(anonymous_174)
FNDA:0,(anonymous_175)
FNDA:0,(anonymous_176)
FNDA:0,(anonymous_177)
FNDA:0,(anonymous_178)
FNDA:0,(anonymous_179)
FNDA:0,(anonymous_180)
FNDA:0,(anonymous_181)
FNDA:0,(anonymous_182)
DA:1,0
DA:2,0
DA:3,0
DA:4,0
DA:5,0
DA:6,0
DA:8,0
DA:10,0
DA:12,0
DA:14,0
DA:15,0
DA:16,0
DA:17,0
DA:18,0
DA:23,0
DA:30,0
DA:31,0
DA:32,0
DA:33,0
DA:36,0
DA:37,0
DA:38,0
DA:39,0
DA:42,0
DA:43,0
DA:44,0
DA:45,0
DA:48,0
DA:49,0
DA:50,0
DA:51,0
DA:54,0
DA:55,0
DA:56,0
DA:57,0
DA:60,0
DA:63,0
DA:64,0
DA:65,0
DA:66,0
DA:67,0
DA:68,0
DA:71,0
DA:72,0
DA:73,0
DA:74,0
DA:77,0
DA:78,0
DA:79,0
DA:80,0
DA:81,0
DA:84,0
DA:85,0
DA:86,0
DA:87,0
DA:88,0
DA:89,0
DA:90,0
DA:91,0
DA:92,0
DA:95,0
DA:96,0
DA:97,0
DA:98,0
DA:99,0
DA:100,0
DA:101,0
DA:104,0
DA:105,0
DA:106,0
DA:109,0
DA:114,0
DA:115,0
DA:128,0
DA:129,0
DA:130,0
DA:132,0
DA:147,0
DA:148,0
DA:149,0
DA:152,0
DA:154,0
DA:156,0
DA:158,0
DA:160,0
DA:163,0
DA:164,0
DA:168,0
DA:171,0
DA:174,0
DA:331,0
DA:333,0
DA:335,0
DA:336,0
DA:339,0
DA:341,0
LF:96
LH:0
BRDA:148,0,0,0
BRDA:148,1,0,0
BRDA:148,1,1,0
BRDA:156,2,0,0
BRDA:156,2,1,0
BRDA:175,3,0,0
BRDA:175,3,1,0
BRDA:179,4,0,0
BRDA:179,4,1,0
BRDA:342,5,0,0
BRDA:342,5,1,0
BRDA:343,6,0,0
BRDA:343,6,1,0
BRF:13
BRH:0
end_of_record
TN:
SF:src/components/EnvUnsupported.tsx
FN:6,EnvUnsupported
FN:7,(anonymous_2)
FNF:2
FNH:0
FNDA:0,EnvUnsupported
FNDA:0,(anonymous_2)
DA:1,0
DA:2,0
DA:3,0
DA:4,0
DA:6,0
DA:7,0
DA:8,0
DA:9,0
DA:10,0
DA:11,0
DA:12,0
DA:17,0
DA:20,0
LF:13
LH:0
BRDA:22,0,0,0
BRDA:22,0,1,0
BRDA:23,1,0,0
BRDA:23,1,1,0
BRF:4
BRH:0
end_of_record
TN:
SF:src/components/ErrorBoundary.tsx
FN:27,(anonymous_0)
FN:29,(anonymous_1)
FN:33,(anonymous_2)
FNF:3
FNH:0
FNDA:0,(anonymous_0)
FNDA:0,(anonymous_1)
FNDA:0,(anonymous_2)
DA:1,0
DA:17,0
DA:21,0
DA:27,0
DA:30,0
DA:37,0
DA:39,0
LF:7
LH:0
BRDA:39,0,0,0
BRDA:39,0,1,0
BRDA:40,1,0,0
BRDA:40,1,1,0
BRF:4
BRH:0
end_of_record
TN:
SF:src/components/Page.tsx
FN:18,(anonymous_0)
FN:21,(anonymous_1)
FN:24,(anonymous_2)
FNF:3
FNH:2
FNDA:580,(anonymous_0)
FNDA:199,(anonymous_1)
FNDA:0,(anonymous_2)
DA:1,11
DA:2,11
DA:4,11
DA:18,11
DA:19,580
DA:21,580
DA:22,199
DA:23,197
DA:24,197
DA:25,0
DA:28,2
DA:31,580
LF:12
LH:11
BRDA:18,0,0,67
BRDA:22,1,0,197
BRF:2
BRH:2
end_of_record
TN:
SF:src/components/Accordion/AccordionComponent.tsx
FN:13,(anonymous_1)
FN:17,(anonymous_2)
FN:17,(anonymous_3)
FNF:3
FNH:1
FNDA:8,(anonymous_1)
FNDA:0,(anonymous_2)
FNDA:0,(anonymous_3)
DA:1,1
DA:2,1
DA:3,1
DA:4,1
DA:5,1
DA:13,1
DA:14,8
DA:15,8
DA:17,0
DA:28,1
LF:10
LH:9
BRDA:19,0,0,8
BRDA:19,0,1,0
BRF:2
BRH:1
end_of_record
TN:
SF:src/components/AddToCalendarButton/AddToCalendarButton.tsx
FN:5,(anonymous_0)
FN:6,(anonymous_1)
FN:22,(anonymous_2)
FNF:3
FNH:0
FNDA:0,(anonymous_0)
FNDA:0,(anonymous_1)
FNDA:0,(anonymous_2)
DA:2,0
DA:3,0
DA:5,0
DA:6,0
DA:7,0
DA:22,0
DA:23,0
DA:24,0
DA:25,0
DA:29,0
DA:32,0
DA:35,0
DA:36,0
DA:37,0
DA:38,0
DA:39,0
DA:41,0
DA:49,0
DA:53,0
DA:56,0
LF:20
LH:0
BRDA:23,0,0,0
BRF:1
BRH:0
end_of_record
TN:
SF:src/components/AgeVerificationPopup/AgeVerificationPopup.tsx
FN:11,(anonymous_1)
FN:13,(anonymous_2)
FN:20,(anonymous_3)
FN:28,(anonymous_4)
FN:34,(anonymous_5)
FNF:5
FNH:0
FNDA:0,(anonymous_1)
FNDA:0,(anonymous_2)
FNDA:0,(anonymous_3)
FNDA:0,(anonymous_4)
FNDA:0,(anonymous_5)
DA:1,0
DA:2,0
DA:3,0
DA:11,0
DA:13,0
DA:14,0
DA:15,0
DA:17,0
DA:20,0
DA:21,0
DA:25,0
DA:27,0
DA:30,0
DA:31,0
DA:34,0
LF:15
LH:0
BRDA:14,0,0,0
BRDA:14,0,1,0
BRDA:25,1,0,0
BRDA:30,2,0,0
BRF:4
BRH:0
end_of_record
TN:
SF:src/components/AppLoadingScreen/AppLoadingScreen.tsx
FN:17,(anonymous_1)
FN:26,(anonymous_2)
FN:33,(anonymous_3)
FN:36,(anonymous_4)
FN:40,(anonymous_5)
FN:41,(anonymous_6)
FN:45,(anonymous_7)
FNF:7
FNH:1
FNDA:45,(anonymous_1)
FNDA:0,(anonymous_2)
FNDA:0,(anonymous_3)
FNDA:0,(anonymous_4)
FNDA:0,(anonymous_5)
FNDA:0,(anonymous_6)
FNDA:0,(anonymous_7)
DA:1,4
DA:2,4
DA:3,4
DA:5,4
DA:7,4
DA:9,4
DA:17,4
DA:18,45
DA:26,4
DA:27,0
DA:28,0
DA:29,0
DA:30,0
DA:31,0
DA:33,0
DA:34,0
DA:35,0
DA:37,0
DA:38,0
DA:41,0
DA:42,0
DA:46,0
DA:51,0
LF:23
LH:9
BRDA:34,0,0,0
BRF:1
BRH:0
end_of_record
TN:
SF:src/components/BannerPopup/BannerPopup.tsx
FN:34,(anonymous_1)
FN:38,(anonymous_2)
FN:42,(anonymous_3)
FN:44,(anonymous_4)
FNF:4
FNH:0
FNDA:0,(anonymous_1)
FNDA:0,(anonymous_2)
FNDA:0,(anonymous_3)
FNDA:0,(anonymous_4)
DA:1,0
DA:2,0
DA:3,0
DA:5,0
DA:6,0
DA:7,0
DA:8,0
DA:9,0
DA:14,0
DA:34,0
DA:35,0
DA:36,0
DA:38,0
DA:39,0
DA:40,0
DA:42,0
DA:43,0
DA:44,0
DA:46,0
DA:55,0
DA:56,0
LF:21
LH:0
BRDA:43,0,0,0
BRDA:55,1,0,0
BRF:2
BRH:0
end_of_record
TN:
SF:src/components/Banners/Banner.tsx
FN:9,(anonymous_1)
FN:14,(anonymous_2)
FN:21,(anonymous_3)
FN:22,(anonymous_4)
FNF:4
FNH:0
FNDA:0,(anonymous_1)
FNDA:0,(anonymous_2)
FNDA:0,(anonymous_3)
FNDA:0,(anonymous_4)
DA:1,0
DA:2,0
DA:3,0
DA:4,0
DA:5,0
DA:7,0
DA:9,0
DA:10,0
DA:12,0
DA:14,0
DA:15,0
DA:18,0
DA:22,0
LF:13
LH:0
BRF:0
BRH:0
end_of_record
TN:
SF:src/components/BanquetCheckbox/BanquetCheckbox.tsx
FN:11,(anonymous_1)
FNF:1
FNH:0
FNDA:0,(anonymous_1)
DA:2,0
DA:3,0
DA:11,0
DA:12,0
LF:4
LH:0
BRDA:14,0,0,0
BRDA:14,0,1,0
BRDA:15,1,0,0
BRDA:15,1,1,0
BRF:4
BRH:0
end_of_record
TN:
SF:src/components/BanquetDatepicker/BanquetDatepicker.tsx
FN:15,(anonymous_1)
FN:33,(anonymous_2)
FN:37,(anonymous_3)
FN:47,(anonymous_4)
FN:52,(anonymous_5)
FN:65,(anonymous_6)
FN:76,(anonymous_7)
FN:80,(anonymous_8)
FN:87,(anonymous_9)
FN:88,(anonymous_10)
FN:108,(anonymous_11)
FN:137,(anonymous_12)
FN:142,(anonymous_13)
FN:156,(anonymous_14)
FNF:14
FNH:0
FNDA:0,(anonymous_1)
FNDA:0,(anonymous_2)
FNDA:0,(anonymous_3)
FNDA:0,(anonymous_4)
FNDA:0,(anonymous_5)
FNDA:0,(anonymous_6)
FNDA:0,(anonymous_7)
FNDA:0,(anonymous_8)
FNDA:0,(anonymous_9)
FNDA:0,(anonymous_10)
FNDA:0,(anonymous_11)
FNDA:0,(anonymous_12)
FNDA:0,(anonymous_13)
FNDA:0,(anonymous_14)
DA:1,1
DA:2,1
DA:3,1
DA:13,1
DA:15,1
DA:21,0
DA:22,0
DA:23,0
DA:24,0
DA:25,0
DA:27,0
DA:29,0
DA:30,0
DA:31,0
DA:33,0
DA:34,0
DA:37,0
DA:38,0
DA:39,0
DA:41,0
DA:42,0
DA:44,0
DA:47,0
DA:48,0
DA:49,0
DA:52,0
DA:53,0
DA:55,0
DA:56,0
DA:57,0
DA:58,0
DA:59,0
DA:61,0
DA:62,0
DA:65,0
DA:66,0
DA:67,0
DA:68,0
DA:69,0
DA:70,0
DA:72,0
DA:73,0
DA:76,0
DA:77,0
DA:80,0
DA:81,0
DA:82,0
DA:83,0
DA:84,0
DA:87,0
DA:88,0
DA:89,0
DA:90,0
DA:91,0
DA:92,0
DA:94,0
DA:104,0
DA:108,0
DA:115,0
DA:116,0
DA:117,0
DA:118,0
DA:121,0
DA:135,0
DA:137,0
DA:138,0
DA:139,0
DA:142,0
DA:143,0
DA:146,0
DA:157,0
LF:71
LH:5
BRDA:21,0,0,0
BRDA:21,0,1,0
BRDA:34,1,0,0
BRDA:34,1,1,0
BRDA:49,2,0,0
BRDA:49,2,1,0
BRDA:53,3,0,0
BRDA:57,4,0,0
BRDA:68,5,0,0
BRDA:81,6,0,0
BRDA:82,7,0,0
BRDA:82,8,0,0
BRDA:82,8,1,0
BRDA:97,9,0,0
BRDA:97,9,1,0
BRDA:98,10,0,0
BRDA:98,10,1,0
BRDA:99,11,0,0
BRDA:99,11,1,0
BRDA:99,12,0,0
BRDA:99,12,1,0
BRDA:138,13,0,0
BRDA:143,14,0,0
BRDA:165,15,0,0
BRDA:165,15,1,0
BRF:25
BRH:0
end_of_record
TN:
SF:src/components/BanquetGallery/BanquetGallery.tsx
FN:28,(anonymous_1)
FN:31,(anonymous_2)
FN:36,(anonymous_3)
FN:37,(anonymous_4)
FN:46,(anonymous_5)
FN:47,(anonymous_6)
FN:56,(anonymous_7)
FN:82,(anonymous_8)
FNF:8
FNH:0
FNDA:0,(anonymous_1)
FNDA:0,(anonymous_2)
FNDA:0,(anonymous_3)
FNDA:0,(anonymous_4)
FNDA:0,(anonymous_5)
FNDA:0,(anonymous_6)
FNDA:0,(anonymous_7)
FNDA:0,(anonymous_8)
DA:1,0
DA:2,0
DA:3,0
DA:4,0
DA:5,0
DA:6,0
DA:7,0
DA:16,0
DA:28,0
DA:29,0
DA:31,0
DA:32,0
DA:33,0
DA:36,0
DA:37,0
DA:38,0
DA:39,0
DA:41,0
DA:46,0
DA:47,0
DA:48,0
DA:49,0
DA:51,0
DA:56,0
DA:57,0
DA:60,0
DA:82,0
DA:106,0
LF:28
LH:0
BRDA:38,0,0,0
BRDA:38,0,1,0
BRDA:48,1,0,0
BRDA:48,1,1,0
BRDA:67,2,0,0
BRDA:67,2,1,0
BRDA:92,3,0,0
BRDA:92,3,1,0
BRF:8
BRH:0
end_of_record
TN:
SF:src/components/BanquetOptionsPopup/BanquetOpitonsPopup.tsx
FN:35,(anonymous_1)
FN:43,(anonymous_2)
FN:51,(anonymous_3)
FN:57,(anonymous_4)
FN:73,(anonymous_5)
FN:75,(anonymous_6)
FNF:6
FNH:0
FNDA:0,(anonymous_1)
FNDA:0,(anonymous_2)
FNDA:0,(anonymous_3)
FNDA:0,(anonymous_4)
FNDA:0,(anonymous_5)
FNDA:0,(anonymous_6)
DA:1,0
DA:2,0
DA:3,0
DA:4,0
DA:5,0
DA:6,0
DA:7,0
DA:8,0
DA:19,0
DA:35,0
DA:43,0
DA:44,0
DA:45,0
DA:51,0
DA:52,0
DA:53,0
DA:57,0
DA:58,0
DA:65,0
DA:74,0
DA:76,0
DA:90,0
LF:22
LH:0
BRDA:52,0,0,0
BRDA:52,1,0,0
BRDA:52,1,1,0
BRDA:77,2,0,0
BRDA:77,2,1,0
BRF:5
BRH:0
end_of_record
TN:
SF:src/components/BookingCard/BookingCard.tsx
FN:18,(anonymous_1)
FN:36,(anonymous_2)
FNF:2
FNH:0
FNDA:0,(anonymous_1)
FNDA:0,(anonymous_2)
DA:1,0
DA:3,0
DA:4,0
DA:5,0
DA:18,0
DA:28,0
DA:36,0
LF:7
LH:0
BRDA:33,0,0,0
BRDA:33,0,1,0
BRDA:33,1,0,0
BRDA:33,1,1,0
BRDA:35,2,0,0
BRDA:35,2,1,0
BRDA:41,3,0,0
BRDA:41,3,1,0
BRDA:41,4,0,0
BRDA:41,4,1,0
BRF:10
BRH:0
end_of_record
TN:
SF:src/components/BookingCertificate/BookingCertificate.tsx
FN:9,(anonymous_1)
FNF:1
FNH:0
FNDA:0,(anonymous_1)
DA:1,1
DA:2,1
DA:9,1
DA:10,0
DA:27,1
LF:5
LH:4
BRF:0
BRH:0
end_of_record
TN:
SF:src/components/BookingErrorPopup/BookingErrorPopup.tsx
FN:30,(anonymous_1)
FN:31,(anonymous_2)
FN:34,(anonymous_3)
FN:40,(anonymous_4)
FN:45,(anonymous_5)
FN:47,(anonymous_6)
FN:51,(anonymous_7)
FN:57,(anonymous_8)
FN:66,(anonymous_9)
FNF:9
FNH:5
FNDA:257,(anonymous_1)
FNDA:0,(anonymous_2)
FNDA:257,(anonymous_3)
FNDA:257,(anonymous_4)
FNDA:73,(anonymous_5)
FNDA:0,(anonymous_6)
FNDA:75,(anonymous_7)
FNDA:0,(anonymous_8)
FNDA:0,(anonymous_9)
DA:1,3
DA:2,3
DA:3,3
DA:4,3
DA:5,3
DA:6,3
DA:8,3
DA:30,3
DA:31,257
DA:32,257
DA:34,257
DA:35,257
DA:36,4
DA:38,253
DA:40,257
DA:41,257
DA:45,257
DA:46,73
DA:47,0
DA:51,257
DA:52,75
DA:53,2
DA:57,257
DA:58,0
DA:59,0
DA:62,0
DA:66,257
DA:67,0
DA:68,0
DA:71,0
DA:75,257
LF:31
LH:24
BRDA:35,0,0,4
BRDA:35,0,1,253
BRDA:46,1,0,0
BRDA:52,2,0,2
BRDA:58,3,0,0
BRDA:58,3,1,0
BRDA:67,4,0,0
BRDA:67,4,1,0
BRDA:80,5,0,0
BRDA:80,5,1,257
BRDA:85,6,0,0
BRDA:85,6,1,257
BRDA:89,7,0,257
BRDA:89,7,1,0
BRDA:90,8,0,257
BRDA:90,8,1,0
BRDA:90,9,0,4
BRDA:90,9,1,253
BRF:18
BRH:9
end_of_record
TN:
SF:src/components/BookingInfoPopup/BookingInfoPopup.tsx
FN:30,(anonymous_1)
FN:31,(anonymous_2)
FN:34,(anonymous_3)
FN:40,(anonymous_4)
FN:64,(anonymous_5)
FNF:5
FNH:3
FNDA:257,(anonymous_1)
FNDA:0,(anonymous_2)
FNDA:257,(anonymous_3)
FNDA:257,(anonymous_4)
FNDA:0,(anonymous_5)
DA:1,3
DA:2,3
DA:3,3
DA:4,3
DA:5,3
DA:7,3
DA:8,3
DA:11,3
DA:30,3
DA:31,257
DA:34,257
DA:35,257
DA:36,0
DA:38,257
DA:40,257
DA:41,257
DA:45,257
DA:64,0
LF:18
LH:16
BRDA:35,0,0,0
BRDA:35,0,1,257
BRF:2
BRH:1
end_of_record
TN:
SF:src/components/BookingReminder/BookingReminder.tsx
FN:32,(anonymous_1)
FN:53,(anonymous_2)
FN:56,(anonymous_3)
FN:96,(anonymous_4)
FN:102,(anonymous_5)
FN:106,(anonymous_6)
FNF:6
FNH:0
FNDA:0,(anonymous_1)
FNDA:0,(anonymous_2)
FNDA:0,(anonymous_3)
FNDA:0,(anonymous_4)
FNDA:0,(anonymous_5)
FNDA:0,(anonymous_6)
DA:1,0
DA:2,0
DA:6,0
DA:8,0
DA:10,0
DA:11,0
DA:12,0
DA:13,0
DA:32,0
DA:33,0
DA:34,0
DA:53,0
DA:54,0
DA:55,0
DA:57,0
DA:58,0
DA:60,0
DA:70,0
DA:71,0
DA:92,0
DA:97,0
DA:103,0
DA:106,0
LF:23
LH:0
BRDA:57,0,0,0
BRDA:57,0,1,0
BRDA:70,1,0,0
BRDA:106,2,0,0
BRDA:106,2,1,0
BRDA:117,3,0,0
BRDA:117,3,1,0
BRDA:124,4,0,0
BRDA:124,4,1,0
BRDA:128,5,0,0
BRDA:128,5,1,0
BRDA:132,6,0,0
BRDA:132,6,1,0
BRF:13
BRH:0
end_of_record
TN:
SF:src/components/BookingSpecialPopup/BookingSpecialPopup.tsx
FN:33,(anonymous_1)
FN:34,(anonymous_2)
FN:37,(anonymous_3)
FN:43,(anonymous_4)
FN:60,(anonymous_5)
FN:83,(anonymous_6)
FNF:6
FNH:0
FNDA:0,(anonymous_1)
FNDA:0,(anonymous_2)
FNDA:0,(anonymous_3)
FNDA:0,(anonymous_4)
FNDA:0,(anonymous_5)
FNDA:0,(anonymous_6)
DA:1,0
DA:2,0
DA:3,0
DA:4,0
DA:5,0
DA:7,0
DA:8,0
DA:11,0
DA:33,0
DA:34,0
DA:37,0
DA:38,0
DA:39,0
DA:41,0
DA:43,0
DA:44,0
DA:60,0
DA:61,0
DA:64,0
DA:83,0
LF:20
LH:0
BRDA:38,0,0,0
BRDA:38,0,1,0
BRF:2
BRH:0
end_of_record
TN:
SF:src/components/BookingWish/BookingWish.tsx
FN:50,(anonymous_1)
FN:71,(anonymous_2)
FN:74,(anonymous_3)
FN:79,(anonymous_4)
FN:84,(anonymous_5)
FN:91,(anonymous_6)
FNF:6
FNH:3
FNDA:257,(anonymous_1)
FNDA:0,(anonymous_2)
FNDA:0,(anonymous_3)
FNDA:0,(anonymous_4)
FNDA:1319,(anonymous_5)
FNDA:1319,(anonymous_6)
DA:1,3
DA:2,3
DA:3,3
DA:5,3
DA:6,3
DA:7,3
DA:8,3
DA:9,3
DA:10,3
DA:11,3
DA:12,3
DA:13,3
DA:15,3
DA:17,3
DA:18,3
DA:19,3
DA:20,3
DA:50,3
DA:60,257
DA:61,257
DA:71,0
DA:74,0
DA:79,0
DA:85,1319
DA:86,0
DA:88,1319
DA:92,1319
LF:27
LH:23
BRDA:67,0,0,257
BRDA:67,0,1,0
BRDA:82,1,0,257
BRDA:82,1,1,201
BRDA:85,2,0,0
BRDA:85,2,1,1319
BRF:6
BRH:4
end_of_record
TN:
SF:src/components/BottomButtonWrapper/BottomButtonWrapper.tsx
FN:18,(anonymous_1)
FNF:1
FNH:1
FNDA:383,(anonymous_1)
DA:2,7
DA:4,7
DA:18,7
DA:29,383
LF:4
LH:4
BRDA:24,0,0,169
BRDA:25,1,0,383
BRDA:26,2,0,383
BRDA:27,3,0,316
BRDA:45,4,0,383
BRDA:45,4,1,0
BRF:6
BRH:5
end_of_record
TN:
SF:src/components/Buttons/UniversalButton/UniversalButton.tsx
FN:17,(anonymous_1)
FN:39,(anonymous_2)
FNF:2
FNH:2
FNDA:85,(anonymous_1)
FNDA:9,(anonymous_2)
DA:2,6
DA:3,6
DA:4,6
DA:17,6
DA:18,85
DA:39,9
LF:6
LH:6
BRDA:20,0,0,0
BRDA:20,0,1,85
BRDA:25,1,0,0
BRDA:25,1,1,0
BRDA:26,2,0,0
BRDA:26,2,1,0
BRDA:36,3,0,34
BRDA:36,3,1,51
BRDA:37,4,0,85
BRDA:37,4,1,0
BRDA:39,5,0,9
BRDA:39,5,1,0
BRF:12
BRH:5
end_of_record
TN:
SF:src/components/CallRestaurantPopup/CallRestaurantPopup.tsx
FN:26,(anonymous_1)
FN:27,(anonymous_2)
FN:51,(anonymous_3)
FNF:3
FNH:0
FNDA:0,(anonymous_1)
FNDA:0,(anonymous_2)
FNDA:0,(anonymous_3)
DA:2,0
DA:3,0
DA:4,0
DA:5,0
DA:6,0
DA:14,0
DA:26,0
DA:27,0
DA:29,0
DA:51,0
LF:10
LH:0
BRF:0
BRH:0
end_of_record
TN:
SF:src/components/CartItem/CartItem.tsx
FN:19,(anonymous_1)
FNF:1
FNH:1
FNDA:27,(anonymous_1)
DA:2,1
DA:3,1
DA:4,1
DA:5,1
DA:19,1
DA:29,27
DA:30,27
LF:7
LH:7
BRDA:42,0,0,27
BRDA:42,0,1,27
BRF:2
BRH:2
end_of_record
TN:
SF:src/components/Certificate/Certificate.tsx
FN:19,(anonymous_1)
FNF:1
FNH:1
FNDA:11,(anonymous_1)
DA:2,1
DA:4,1
DA:6,1
DA:7,1
DA:19,1
DA:28,11
LF:6
LH:6
BRDA:44,0,0,11
BRDA:44,0,1,0
BRF:2
BRH:1
end_of_record
TN:
SF:src/components/CertificatesSelector/CertificatesSelector.tsx
FN:29,(anonymous_1)
FN:55,(anonymous_2)
FN:59,(anonymous_3)
FN:89,(anonymous_4)
FN:98,(anonymous_5)
FN:99,(anonymous_6)
FN:106,(anonymous_7)
FN:107,(anonymous_8)
FN:115,(anonymous_9)
FN:116,(anonymous_10)
FN:117,(anonymous_11)
FN:134,(anonymous_12)
FN:137,(anonymous_13)
FN:146,(anonymous_14)
FN:152,(anonymous_15)
FN:153,(anonymous_16)
FN:175,(anonymous_17)
FN:178,(anonymous_18)
FNF:18
FNH:11
FNDA:3,(anonymous_1)
FNDA:2,(anonymous_2)
FNDA:0,(anonymous_3)
FNDA:172,(anonymous_4)
FNDA:54,(anonymous_5)
FNDA:3,(anonymous_6)
FNDA:0,(anonymous_7)
FNDA:0,(anonymous_8)
FNDA:0,(anonymous_9)
FNDA:0,(anonymous_10)
FNDA:0,(anonymous_11)
FNDA:55,(anonymous_12)
FNDA:1,(anonymous_13)
FNDA:170,(anonymous_14)
FNDA:1,(anonymous_15)
FNDA:1,(anonymous_16)
FNDA:6,(anonymous_17)
FNDA:0,(anonymous_18)
DA:2,3
DA:3,3
DA:4,3
DA:5,3
DA:7,3
DA:9,3
DA:11,3
DA:12,3
DA:14,3
DA:29,3
DA:30,3
DA:55,3
DA:56,2
DA:59,0
DA:89,3
DA:90,172
DA:91,172
DA:93,172
DA:98,172
DA:99,54
DA:106,172
DA:107,0
DA:115,172
DA:116,0
DA:117,0
DA:118,0
DA:119,0
DA:120,0
DA:123,0
DA:124,0
DA:134,172
DA:135,55
DA:136,55
DA:137,1
DA:139,55
DA:146,172
DA:147,170
DA:148,3
DA:149,3
DA:150,3
DA:151,3
DA:152,3
DA:153,3
DA:156,3
DA:157,1
DA:158,1
DA:163,172
DA:164,170
DA:167,2
DA:176,6
DA:178,0
LF:51
LH:41
BRDA:63,0,0,2
BRDA:63,0,1,1
BRDA:107,1,0,0
BRDA:107,1,1,0
BRDA:116,2,0,0
BRDA:116,2,1,0
BRDA:118,3,0,0
BRDA:123,4,0,0
BRDA:123,4,1,0
BRDA:136,5,0,1
BRDA:137,6,0,1
BRDA:137,6,1,0
BRDA:147,7,0,3
BRDA:147,8,0,170
BRDA:147,8,1,3
BRDA:151,9,0,3
BRDA:152,10,0,3
BRDA:152,10,1,2
BRDA:156,11,0,1
BRDA:156,12,0,3
BRDA:156,12,1,3
BRDA:163,13,0,170
BRF:22
BRH:14
end_of_record
TN:
SF:src/components/CheckBoxInput/CheckBoxInput.tsx
FN:15,(anonymous_1)
FNF:1
FNH:1
FNDA:2,(anonymous_1)
DA:2,4
DA:3,4
DA:4,4
DA:15,4
DA:23,2
LF:5
LH:5
BRDA:25,0,0,0
BRDA:25,0,1,2
BRDA:32,1,0,1
BRDA:32,1,1,1
BRDA:33,2,0,2
BRDA:33,2,1,1
BRF:6
BRH:5
end_of_record
TN:
SF:src/components/CitySelect/CitySelect.tsx
FN:51,(anonymous_1)
FN:64,(anonymous_2)
FN:64,(anonymous_3)
FN:71,(anonymous_4)
FN:72,(anonymous_5)
FN:81,(anonymous_6)
FN:100,(anonymous_7)
FN:104,(anonymous_8)
FNF:8
FNH:3
FNDA:28,(anonymous_1)
FNDA:14,(anonymous_2)
FNDA:0,(anonymous_3)
FNDA:0,(anonymous_4)
FNDA:0,(anonymous_5)
FNDA:0,(anonymous_6)
FNDA:56,(anonymous_7)
FNDA:0,(anonymous_8)
DA:1,1
DA:2,1
DA:4,1
DA:5,1
DA:7,1
DA:9,1
DA:11,1
DA:51,1
DA:52,28
DA:55,28
DA:56,28
DA:57,28
DA:63,28
DA:64,14
DA:71,28
DA:72,0
DA:81,28
DA:82,0
DA:83,0
DA:86,28
DA:101,56
DA:104,0
LF:22
LH:18
BRDA:64,0,0,14
BRDA:64,0,1,0
BRDA:94,1,0,28
BRDA:94,1,1,28
BRF:4
BRH:3
end_of_record
TN:
SF:src/components/CommentaryOptionButton/CommentaryOptionButton.tsx
FN:28,(anonymous_1)
FN:38,(anonymous_2)
FNF:2
FNH:1
FNDA:1319,(anonymous_1)
FNDA:0,(anonymous_2)
DA:2,5
DA:3,5
DA:5,5
DA:7,5
DA:28,5
DA:37,1319
DA:38,1319
DA:39,0
DA:40,0
DA:42,0
DA:45,1319
LF:11
LH:8
BRDA:39,0,0,0
BRDA:39,0,1,0
BRDA:39,1,0,0
BRDA:39,1,1,0
BRDA:42,2,0,0
BRDA:42,2,1,0
BRDA:49,3,0,0
BRDA:49,3,1,1319
BRDA:50,4,0,0
BRDA:50,4,1,1319
BRDA:50,5,0,1319
BRDA:50,5,1,0
BRDA:51,6,0,0
BRDA:51,6,1,1319
BRDA:51,7,0,1319
BRDA:51,7,1,0
BRDA:52,8,0,0
BRDA:52,8,1,1319
BRF:18
BRH:6
end_of_record
TN:
SF:src/components/ConfirmationSelect/ConfirmationSelect.tsx
FN:32,(anonymous_1)
FN:39,(anonymous_2)
FN:45,(anonymous_3)
FN:54,(anonymous_4)
FN:54,(anonymous_5)
FN:66,(anonymous_6)
FN:67,(anonymous_7)
FN:68,(anonymous_8)
FNF:8
FNH:3
FNDA:257,(anonymous_1)
FNDA:0,(anonymous_2)
FNDA:0,(anonymous_3)
FNDA:0,(anonymous_4)
FNDA:0,(anonymous_5)
FNDA:771,(anonymous_6)
FNDA:514,(anonymous_7)
FNDA:0,(anonymous_8)
DA:1,3
DA:2,3
DA:6,3
DA:8,3
DA:9,3
DA:10,3
DA:11,3
DA:12,3
DA:14,3
DA:32,3
DA:38,257
DA:39,257
DA:40,0
DA:44,0
DA:45,0
DA:48,257
DA:54,0
DA:66,771
DA:68,514
LF:19
LH:15
BRF:0
BRH:0
end_of_record
TN:
SF:src/components/ContentBlock/ContentBlock.tsx
FN:35,(anonymous_1)
FNF:1
FNH:1
FNDA:4441,(anonymous_1)
DA:2,13
DA:4,13
DA:35,13
DA:36,4441
LF:4
LH:4
BRF:0
BRH:0
end_of_record
TN:
SF:src/components/ContentBlock/HeaderContainer/HeaderContainer.tsx
FN:21,(anonymous_1)
FNF:1
FNH:1
FNDA:951,(anonymous_1)
DA:2,4
DA:4,4
DA:21,4
DA:22,951
LF:4
LH:4
BRF:0
BRH:0
end_of_record
TN:
SF:src/components/ContentBlock/HeaderContainer/HeaderContent/HeaderContainer.tsx
FN:12,(anonymous_1)
FNF:1
FNH:1
FNDA:1494,(anonymous_1)
DA:2,10
DA:3,10
DA:12,10
DA:19,1494
LF:4
LH:4
BRDA:17,0,0,332
BRF:1
BRH:1
end_of_record
TN:
SF:src/components/ContentBlock/HeaderContainer/HeaderSubText/HeaderContainer.tsx
FN:19,(anonymous_1)
FNF:1
FNH:1
FNDA:113,(anonymous_1)
DA:2,1
DA:3,1
DA:19,1
DA:20,113
LF:4
LH:4
BRF:0
BRH:0
end_of_record
TN:
SF:src/components/ContentContainer/ContentContainer.tsx
FN:21,(anonymous_1)
FNF:1
FNH:1
FNDA:1509,(anonymous_1)
DA:2,11
DA:4,11
DA:21,11
DA:25,1509
LF:4
LH:4
BRF:0
BRH:0
end_of_record
TN:
SF:src/components/DateListSelector/DateListSelector.tsx
FN:36,(anonymous_0)
FN:56,(anonymous_1)
FN:63,(anonymous_2)
FN:70,(anonymous_3)
FN:79,(anonymous_4)
FN:93,(anonymous_5)
FN:98,(anonymous_6)
FN:112,(anonymous_7)
FN:120,(anonymous_8)
FN:131,(anonymous_9)
FNF:10
FNH:3
FNDA:267,(anonymous_0)
FNDA:87,(anonymous_1)
FNDA:0,(anonymous_2)
FNDA:0,(anonymous_3)
FNDA:0,(anonymous_4)
FNDA:0,(anonymous_5)
FNDA:0,(anonymous_6)
FNDA:0,(anonymous_7)
FNDA:0,(anonymous_8)
FNDA:267,(anonymous_9)
DA:1,3
DA:3,3
DA:4,3
DA:5,3
DA:6,3
DA:8,3
DA:10,3
DA:36,3
DA:44,267
DA:45,267
DA:46,267
DA:47,267
DA:50,267
DA:53,267
DA:56,267
DA:57,87
DA:58,24
DA:63,267
DA:64,0
DA:65,0
DA:69,267
DA:71,0
DA:72,0
DA:78,267
DA:80,0
DA:84,0
DA:85,0
DA:86,0
DA:92,267
DA:94,0
DA:98,0
DA:101,0
DA:102,0
DA:103,0
DA:105,0
DA:112,267
DA:113,0
DA:114,0
DA:116,0
DA:120,267
DA:121,0
DA:122,0
DA:131,267
DA:132,267
DA:133,51
DA:135,216
DA:136,46
DA:138,170
DA:141,267
LF:49
LH:30
BRDA:40,0,0,123
BRDA:41,1,0,0
BRDA:42,2,0,267
BRDA:44,3,0,267
BRDA:44,3,1,88
BRDA:50,4,0,267
BRDA:50,4,1,179
BRDA:53,5,0,267
BRDA:53,5,1,123
BRDA:57,6,0,24
BRDA:57,7,0,87
BRDA:57,7,1,67
BRDA:64,8,0,0
BRDA:71,9,0,0
BRDA:94,10,0,0
BRDA:98,11,0,0
BRDA:98,11,1,0
BRDA:101,12,0,0
BRDA:101,12,1,0
BRDA:113,13,0,0
BRDA:132,14,0,51
BRDA:132,15,0,267
BRDA:132,15,1,179
BRDA:132,15,2,168
BRDA:135,16,0,46
BRDA:135,17,0,216
BRDA:135,17,1,72
BRDA:145,18,0,267
BRDA:145,18,1,267
BRDA:150,19,0,267
BRDA:150,19,1,267
BRDA:153,20,0,267
BRDA:153,20,1,88
BRF:33
BRH:24
end_of_record
TN:
SF:src/components/DatePicker/DateInput.tsx
FN:10,(anonymous_0)
FN:27,(anonymous_1)
FN:38,(anonymous_2)
FN:49,(anonymous_3)
FN:54,(anonymous_4)
FN:61,(anonymous_5)
FN:62,(anonymous_6)
FN:83,(anonymous_7)
FN:123,(anonymous_8)
FNF:9
FNH:0
FNDA:0,(anonymous_0)
FNDA:0,(anonymous_1)
FNDA:0,(anonymous_2)
FNDA:0,(anonymous_3)
FNDA:0,(anonymous_4)
FNDA:0,(anonymous_5)
FNDA:0,(anonymous_6)
FNDA:0,(anonymous_7)
FNDA:0,(anonymous_8)
DA:1,1
DA:2,1
DA:3,1
DA:10,1
DA:16,0
DA:19,0
DA:20,0
DA:21,0
DA:24,0
DA:27,0
DA:28,0
DA:29,0
DA:30,0
DA:31,0
DA:32,0
DA:34,0
DA:35,0
DA:38,0
DA:39,0
DA:40,0
DA:41,0
DA:42,0
DA:43,0
DA:45,0
DA:46,0
DA:49,0
DA:50,0
DA:54,0
DA:55,0
DA:56,0
DA:57,0
DA:61,0
DA:62,0
DA:63,0
DA:65,0
DA:68,0
DA:70,0
DA:79,0
DA:83,0
DA:90,0
DA:91,0
DA:92,0
DA:93,0
DA:97,0
DA:111,0
DA:113,0
DA:124,0
LF:47
LH:4
BRDA:16,0,0,0
BRDA:16,0,1,0
BRDA:30,1,0,0
BRDA:41,2,0,0
BRDA:55,3,0,0
BRDA:72,4,0,0
BRDA:72,4,1,0
BRDA:73,5,0,0
BRDA:73,5,1,0
BRDA:74,6,0,0
BRDA:74,6,1,0
BRF:11
BRH:0
end_of_record
TN:
SF:src/components/DatePicker/dateUtils.ts
FN:7,(anonymous_0)
FN:75,isSameDayUTC
FNF:2
FNH:0
FNDA:0,(anonymous_0)
FNDA:0,isSameDayUTC
DA:7,1
DA:12,0
DA:16,0
DA:19,0
DA:21,0
DA:25,0
DA:26,0
DA:29,0
DA:30,0
DA:31,0
DA:38,0
DA:46,0
DA:49,0
DA:50,0
DA:51,0
DA:59,0
DA:60,0
DA:62,0
DA:63,0
DA:64,0
DA:71,0
DA:76,0
LF:22
LH:1
BRDA:21,0,0,0
BRDA:77,1,0,0
BRDA:77,1,1,0
BRDA:77,1,2,0
BRF:4
BRH:0
end_of_record
TN:
SF:src/components/DepositCancelModal/DepositCancelModal.tsx
FN:24,(anonymous_1)
FNF:1
FNH:1
FNDA:36,(anonymous_1)
DA:3,1
DA:5,1
DA:24,1
DA:29,36
LF:4
LH:4
BRF:0
BRH:0
end_of_record
TN:
SF:src/components/DepositInfoModal/DepositInfoModal.tsx
FN:23,(anonymous_1)
FNF:1
FNH:1
FNDA:267,(anonymous_1)
DA:2,3
DA:3,3
DA:23,3
DA:29,267
LF:4
LH:4
BRF:0
BRH:0
end_of_record
TN:
SF:src/components/DishCard/DishCard.tsx
FN:15,(anonymous_1)
FN:49,(anonymous_2)
FN:56,(anonymous_3)
FN:68,(anonymous_4)
FNF:4
FNH:0
FNDA:0,(anonymous_1)
FNDA:0,(anonymous_2)
FNDA:0,(anonymous_3)
FNDA:0,(anonymous_4)
DA:2,1
DA:4,1
DA:5,1
DA:6,1
DA:15,1
DA:29,0
DA:30,0
DA:32,0
DA:49,0
DA:57,0
DA:58,0
DA:69,0
DA:70,0
LF:13
LH:5
BRDA:42,0,0,0
BRDA:42,0,1,0
BRDA:48,1,0,0
BRDA:48,1,1,0
BRDA:49,2,0,0
BRDA:49,2,1,0
BRDA:52,3,0,0
BRDA:52,3,1,0
BRF:8
BRH:0
end_of_record
TN:
SF:src/components/DisplayData/DisplayData.tsx
FN:21,(anonymous_0)
FN:23,(anonymous_1)
FNF:2
FNH:0
FNDA:0,(anonymous_0)
FNDA:0,(anonymous_1)
DA:1,0
DA:2,0
DA:5,0
DA:6,0
DA:8,0
DA:21,0
DA:22,0
DA:26,0
DA:27,0
DA:29,0
DA:30,0
DA:31,0
DA:32,0
DA:37,0
DA:38,0
DA:40,0
DA:44,0
LF:17
LH:0
BRDA:26,0,0,0
BRDA:26,0,1,0
BRDA:29,1,0,0
BRDA:29,1,1,0
BRDA:31,2,0,0
BRDA:31,2,1,0
BRDA:32,3,0,0
BRDA:32,3,1,0
BRDA:37,4,0,0
BRDA:37,4,1,0
BRF:10
BRH:0
end_of_record
TN:
SF:src/components/DropDownSelect/DropDownSelect.tsx
FN:30,(anonymous_1)
FNF:1
FNH:1
FNDA:595,(anonymous_1)
DA:2,4
DA:4,4
DA:6,4
DA:30,4
DA:38,595
LF:5
LH:5
BRDA:49,0,0,595
BRDA:49,0,1,595
BRF:2
BRH:2
end_of_record
TN:
SF:src/components/EventCard/EventCard.tsx
FN:11,(anonymous_1)
FN:22,(anonymous_2)
FNF:2
FNH:2
FNDA:58,(anonymous_1)
FNDA:1,(anonymous_2)
DA:1,1
DA:2,1
DA:3,1
DA:7,1
DA:9,1
DA:11,1
DA:21,58
DA:22,58
DA:23,1
DA:26,58
DA:27,10
DA:45,48
LF:12
LH:12
BRDA:26,0,0,10
BRDA:26,1,0,58
BRDA:26,1,1,48
BRDA:26,1,2,48
BRDA:26,1,3,48
BRDA:48,2,0,0
BRDA:48,2,1,48
BRDA:50,3,0,48
BRDA:50,3,1,0
BRDA:54,4,0,48
BRDA:54,4,1,0
BRDA:56,5,0,24
BRDA:56,5,1,24
BRDA:67,6,0,48
BRDA:67,6,1,48
BRF:15
BRH:12
end_of_record
TN:
SF:src/components/FloatingCartButton/FloatingCartButton.tsx
FN:10,(anonymous_1)
FNF:1
FNH:0
FNDA:0,(anonymous_1)
DA:2,0
DA:3,0
DA:10,0
DA:14,0
LF:4
LH:0
BRF:0
BRH:0
end_of_record
TN:
SF:src/components/GastronomyOrderPopup/GastronomyOrderPopup.tsx
FN:28,(anonymous_1)
FN:32,(anonymous_2)
FN:36,(anonymous_3)
FN:39,(anonymous_4)
FN:42,(anonymous_5)
FN:47,(anonymous_6)
FN:50,(anonymous_7)
FN:61,(anonymous_8)
FNF:8
FNH:0
FNDA:0,(anonymous_1)
FNDA:0,(anonymous_2)
FNDA:0,(anonymous_3)
FNDA:0,(anonymous_4)
FNDA:0,(anonymous_5)
FNDA:0,(anonymous_6)
FNDA:0,(anonymous_7)
FNDA:0,(anonymous_8)
DA:2,0
DA:3,0
DA:4,0
DA:5,0
DA:6,0
DA:7,0
DA:8,0
DA:9,0
DA:10,0
DA:11,0
DA:19,0
DA:28,0
DA:29,0
DA:30,0
DA:32,0
DA:33,0
DA:36,0
DA:37,0
DA:38,0
DA:40,0
DA:41,0
DA:42,0
DA:43,0
DA:48,0
DA:50,0
DA:54,0
DA:61,0
DA:79,0
LF:28
LH:0
BRDA:37,0,0,0
BRDA:41,1,0,0
BRF:2
BRH:0
end_of_record
TN:
SF:src/components/GuestCountSelector/GuestCountSelector.tsx
FN:58,(anonymous_1)
FN:68,(anonymous_2)
FN:76,(anonymous_3)
FN:78,(anonymous_4)
FN:79,(anonymous_5)
FN:81,(anonymous_6)
FN:82,(anonymous_7)
FN:86,(anonymous_8)
FN:87,(anonymous_9)
FN:89,(anonymous_10)
FN:90,(anonymous_11)
FN:150,(anonymous_12)
FN:159,(anonymous_13)
FNF:13
FNH:3
FNDA:257,(anonymous_1)
FNDA:73,(anonymous_2)
FNDA:0,(anonymous_3)
FNDA:0,(anonymous_4)
FNDA:0,(anonymous_5)
FNDA:0,(anonymous_6)
FNDA:0,(anonymous_7)
FNDA:0,(anonymous_8)
FNDA:0,(anonymous_9)
FNDA:0,(anonymous_10)
FNDA:0,(anonymous_11)
FNDA:257,(anonymous_12)
FNDA:0,(anonymous_13)
DA:1,3
DA:2,3
DA:3,3
DA:5,3
DA:6,3
DA:7,3
DA:8,3
DA:9,3
DA:10,3
DA:11,3
DA:13,3
DA:58,3
DA:68,257
DA:69,73
DA:70,0
DA:71,0
DA:76,257
DA:78,257
DA:79,0
DA:81,257
DA:82,0
DA:83,0
DA:86,257
DA:87,0
DA:89,257
DA:90,0
DA:92,257
DA:150,3
DA:158,257
DA:159,257
DA:160,257
LF:31
LH:24
BRDA:69,0,0,0
BRDA:70,1,0,0
BRDA:70,2,0,0
BRDA:70,2,1,0
BRDA:79,3,0,0
BRDA:79,3,1,0
BRDA:83,4,0,0
BRDA:83,4,1,0
BRDA:87,5,0,0
BRDA:87,5,1,0
BRDA:87,6,0,0
BRDA:87,6,1,0
BRDA:90,7,0,0
BRDA:90,7,1,0
BRDA:96,8,0,257
BRDA:96,8,1,0
BRDA:173,9,0,165
BRDA:173,9,1,92
BRF:18
BRH:3
end_of_record
TN:
SF:src/components/Header/Header.tsx
FN:8,(anonymous_1)
FN:12,(anonymous_2)
FNF:2
FNH:0
FNDA:0,(anonymous_1)
FNDA:0,(anonymous_2)
DA:1,0
DA:2,0
DA:3,0
DA:4,0
DA:5,0
DA:6,0
DA:8,0
DA:9,0
DA:10,0
DA:12,0
DA:13,0
DA:14,0
DA:17,0
LF:13
LH:0
BRF:0
BRH:0
end_of_record
TN:
SF:src/components/IOSSelect/IOSSelect.tsx
FN:10,(anonymous_0)
FN:28,(anonymous_1)
FN:32,(anonymous_2)
FN:40,(anonymous_3)
FN:62,(anonymous_4)
FN:68,(anonymous_5)
FN:90,(anonymous_6)
FN:95,(anonymous_7)
FN:107,(anonymous_8)
FN:108,(anonymous_9)
FN:109,(anonymous_10)
FN:111,(anonymous_11)
FN:113,(anonymous_12)
FN:114,(anonymous_13)
FN:117,(anonymous_14)
FN:144,(anonymous_15)
FN:152,(anonymous_16)
FNF:17
FNH:0
FNDA:0,(anonymous_0)
FNDA:0,(anonymous_1)
FNDA:0,(anonymous_2)
FNDA:0,(anonymous_3)
FNDA:0,(anonymous_4)
FNDA:0,(anonymous_5)
FNDA:0,(anonymous_6)
FNDA:0,(anonymous_7)
FNDA:0,(anonymous_8)
FNDA:0,(anonymous_9)
FNDA:0,(anonymous_10)
FNDA:0,(anonymous_11)
FNDA:0,(anonymous_12)
FNDA:0,(anonymous_13)
FNDA:0,(anonymous_14)
FNDA:0,(anonymous_15)
FNDA:0,(anonymous_16)
DA:1,0
DA:2,0
DA:10,0
DA:15,0
DA:16,0
DA:17,0
DA:18,0
DA:19,0
DA:20,0
DA:21,0
DA:22,0
DA:24,0
DA:25,0
DA:28,0
DA:29,0
DA:32,0
DA:33,0
DA:34,0
DA:35,0
DA:36,0
DA:37,0
DA:40,0
DA:41,0
DA:43,0
DA:44,0
DA:45,0
DA:46,0
DA:49,0
DA:52,0
DA:55,0
DA:56,0
DA:57,0
DA:58,0
DA:59,0
DA:62,0
DA:63,0
DA:64,0
DA:65,0
DA:68,0
DA:69,0
DA:70,0
DA:71,0
DA:74,0
DA:75,0
DA:76,0
DA:78,0
DA:79,0
DA:80,0
DA:83,0
DA:86,0
DA:87,0
DA:90,0
DA:91,0
DA:92,0
DA:95,0
DA:96,0
DA:97,0
DA:98,0
DA:100,0
DA:101,0
DA:102,0
DA:107,0
DA:108,0
DA:109,0
DA:111,0
DA:112,0
DA:113,0
DA:114,0
DA:117,0
DA:118,0
DA:119,0
DA:122,0
DA:145,0
DA:152,0
LF:74
LH:0
BRDA:41,0,0,0
BRDA:63,1,0,0
BRDA:74,2,0,0
BRDA:78,3,0,0
BRDA:101,4,0,0
BRDA:139,5,0,0
BRDA:139,5,1,0
BRDA:148,6,0,0
BRDA:148,6,1,0
BRF:9
BRH:0
end_of_record
TN:
SF:src/components/Icons/BackIcon.tsx
FN:6,(anonymous_0)
FNF:1
FNH:1
FNDA:223,(anonymous_0)
DA:6,7
DA:7,223
LF:2
LH:2
BRDA:6,0,0,183
BRDA:6,1,0,49
BRF:2
BRH:2
end_of_record
TN:
SF:src/components/Icons/BasketIcon.tsx
FN:6,(anonymous_0)
FNF:1
FNH:0
FNDA:0,(anonymous_0)
DA:6,0
DA:7,0
LF:2
LH:0
BRDA:6,0,0,0
BRDA:6,1,0,0
BRF:2
BRH:0
end_of_record
TN:
SF:src/components/Icons/BellIcon.tsx
FN:12,(anonymous_0)
FNF:1
FNH:0
FNDA:0,(anonymous_0)
DA:12,0
DA:13,0
LF:2
LH:0
BRDA:12,0,0,0
BRDA:12,1,0,0
BRF:2
BRH:0
end_of_record
TN:
SF:src/components/Icons/BookIcon.tsx
FN:6,(anonymous_0)
FNF:1
FNH:0
FNDA:0,(anonymous_0)
DA:6,0
DA:7,0
LF:2
LH:0
BRDA:6,0,0,0
BRDA:6,1,0,0
BRF:2
BRH:0
end_of_record
TN:
SF:src/components/Icons/CakeIcon.tsx
FN:6,(anonymous_0)
FNF:1
FNH:0
FNDA:0,(anonymous_0)
DA:6,0
DA:7,0
LF:2
LH:0
BRF:0
BRH:0
end_of_record
TN:
SF:src/components/Icons/CalendarIcon.tsx
FN:6,(anonymous_0)
FNF:1
FNH:1
FNDA:335,(anonymous_0)
DA:6,6
DA:7,335
LF:2
LH:2
BRDA:6,0,0,0
BRDA:6,1,0,303
BRF:2
BRH:1
end_of_record
TN:
SF:src/components/Icons/ChatIcon.tsx
FN:6,(anonymous_0)
FNF:1
FNH:0
FNDA:0,(anonymous_0)
DA:6,0
DA:7,0
LF:2
LH:0
BRDA:6,0,0,0
BRDA:6,1,0,0
BRF:2
BRH:0
end_of_record
TN:
SF:src/components/Icons/CheckboxIcon.tsx
FN:6,(anonymous_0)
FNF:1
FNH:1
FNDA:1,(anonymous_0)
DA:6,4
DA:7,1
LF:2
LH:2
BRF:0
BRH:0
end_of_record
TN:
SF:src/components/Icons/ChildrenIcon.tsx
FN:6,(anonymous_0)
FNF:1
FNH:0
FNDA:0,(anonymous_0)
DA:6,1
DA:7,0
LF:2
LH:1
BRDA:6,0,0,0
BRDA:6,1,0,0
BRF:2
BRH:0
end_of_record
TN:
SF:src/components/Icons/ClockIcon.tsx
FN:6,(anonymous_0)
FNF:1
FNH:1
FNDA:30,(anonymous_0)
DA:6,1
DA:7,30
LF:2
LH:2
BRDA:6,0,0,0
BRF:1
BRH:0
end_of_record
TN:
SF:src/components/Icons/CloseIcon.tsx
FN:6,(anonymous_0)
FNF:1
FNH:0
FNDA:0,(anonymous_0)
DA:6,0
DA:7,0
LF:2
LH:0
BRDA:6,0,0,0
BRF:1
BRH:0
end_of_record
TN:
SF:src/components/Icons/CrossIcon.tsx
FN:6,(anonymous_0)
FNF:1
FNH:1
FNDA:309,(anonymous_0)
DA:6,5
DA:7,309
LF:2
LH:2
BRDA:6,0,0,0
BRDA:6,1,0,265
BRF:2
BRH:1
end_of_record
TN:
SF:src/components/Icons/DTHospitalityIcon.tsx
FN:7,(anonymous_0)
FNF:1
FNH:1
FNDA:8,(anonymous_0)
DA:7,1
DA:8,8
LF:2
LH:2
BRDA:7,0,0,8
BRDA:7,1,0,8
BRF:2
BRH:2
end_of_record
TN:
SF:src/components/Icons/DepositIcon.tsx
FN:6,(anonymous_0)
FNF:1
FNH:0
FNDA:0,(anonymous_0)
DA:6,0
DA:7,0
LF:2
LH:0
BRDA:6,0,0,0
BRDA:6,1,0,0
BRF:2
BRH:0
end_of_record
TN:
SF:src/components/Icons/DoubleCheckIcon.tsx
FN:6,(anonymous_0)
FNF:1
FNH:1
FNDA:35,(anonymous_0)
DA:6,1
DA:7,35
LF:2
LH:2
BRDA:6,0,0,35
BRDA:6,1,0,0
BRF:2
BRH:1
end_of_record
TN:
SF:src/components/Icons/DownArrow.tsx
FN:6,(anonymous_0)
FNF:1
FNH:1
FNDA:874,(anonymous_0)
DA:6,5
DA:7,874
LF:2
LH:2
BRDA:6,0,0,595
BRDA:6,1,0,603
BRF:2
BRH:2
end_of_record
TN:
SF:src/components/Icons/DownloadIcon.tsx
FN:6,(anonymous_0)
FNF:1
FNH:0
FNDA:0,(anonymous_0)
DA:6,0
DA:7,0
DA:9,0
LF:3
LH:0
BRDA:6,0,0,0
BRDA:6,1,0,0
BRDA:7,2,0,0
BRDA:7,2,1,0
BRF:4
BRH:0
end_of_record
TN:
SF:src/components/Icons/EventClock.tsx
FN:6,(anonymous_0)
FNF:1
FNH:0
FNDA:0,(anonymous_0)
DA:6,0
DA:7,0
LF:2
LH:0
BRDA:6,0,0,0
BRDA:6,1,0,0
BRF:2
BRH:0
end_of_record
TN:
SF:src/components/Icons/GiftIcon.tsx
FN:6,(anonymous_0)
FNF:1
FNH:0
FNDA:0,(anonymous_0)
DA:6,0
DA:11,0
LF:2
LH:0
BRDA:8,0,0,0
BRF:1
BRH:0
end_of_record
TN:
SF:src/components/Icons/GoToPathIcon.tsx
FN:6,(anonymous_0)
FNF:1
FNH:1
FNDA:21,(anonymous_0)
DA:6,1
DA:7,21
LF:2
LH:2
BRDA:6,0,0,0
BRDA:6,1,0,0
BRF:2
BRH:0
end_of_record
TN:
SF:src/components/Icons/GuestsIcon.tsx
FN:6,(anonymous_0)
FNF:1
FNH:0
FNDA:0,(anonymous_0)
DA:6,0
DA:7,0
LF:2
LH:0
BRDA:6,0,0,0
BRDA:6,1,0,0
BRF:2
BRH:0
end_of_record
TN:
SF:src/components/Icons/HomeIcon.tsx
FN:6,(anonymous_0)
FNF:1
FNH:1
FNDA:30,(anonymous_0)
DA:6,1
DA:7,30
LF:2
LH:2
BRDA:6,0,0,0
BRDA:6,1,0,0
BRF:2
BRH:0
end_of_record
TN:
SF:src/components/Icons/InfoIcon.tsx
FN:6,(anonymous_0)
FNF:1
FNH:0
FNDA:0,(anonymous_0)
DA:6,3
DA:7,0
LF:2
LH:1
BRDA:6,0,0,0
BRF:1
BRH:0
end_of_record
TN:
SF:src/components/Icons/Instagram.tsx
FN:6,(anonymous_0)
FNF:1
FNH:0
FNDA:0,(anonymous_0)
DA:6,0
DA:7,0
LF:2
LH:0
BRDA:6,0,0,0
BRDA:6,1,0,0
BRF:2
BRH:0
end_of_record
TN:
SF:src/components/Icons/KitchenIcon.tsx
FN:6,(anonymous_0)
FNF:1
FNH:1
FNDA:71,(anonymous_0)
DA:6,2
DA:7,71
LF:2
LH:2
BRDA:6,0,0,0
BRF:1
BRH:0
end_of_record
TN:
SF:src/components/Icons/Location.tsx
FN:6,(anonymous_0)
FNF:1
FNH:0
FNDA:0,(anonymous_0)
DA:6,0
DA:10,0
LF:2
LH:0
BRDA:7,0,0,0
BRDA:8,1,0,0
BRF:2
BRH:0
end_of_record
TN:
SF:src/components/Icons/LogoMapIcon.tsx
FN:6,(anonymous_0)
FNF:1
FNH:0
FNDA:0,(anonymous_0)
DA:6,0
DA:7,0
LF:2
LH:0
BRDA:6,0,0,0
BRF:1
BRH:0
end_of_record
TN:
SF:src/components/Icons/MenuIcon.tsx
FN:6,(anonymous_0)
FNF:1
FNH:0
FNDA:0,(anonymous_0)
DA:6,0
DA:7,0
LF:2
LH:0
BRDA:6,0,0,0
BRF:1
BRH:0
end_of_record
TN:
SF:src/components/Icons/MiniCrossIcon.tsx
FN:6,(anonymous_0)
FNF:1
FNH:0
FNDA:0,(anonymous_0)
DA:6,0
DA:7,0
LF:2
LH:0
BRDA:6,0,0,0
BRDA:6,1,0,0
BRF:2
BRH:0
end_of_record
TN:
SF:src/components/Icons/MinusIcon.tsx
FN:6,(anonymous_0)
FNF:1
FNH:1
FNDA:27,(anonymous_0)
DA:6,1
DA:7,27
LF:2
LH:2
BRDA:6,0,0,0
BRDA:6,1,0,0
BRF:2
BRH:0
end_of_record
TN:
SF:src/components/Icons/MoneyIcon.tsx
FN:6,(anonymous_0)
FNF:1
FNH:0
FNDA:0,(anonymous_0)
DA:6,0
DA:7,0
LF:2
LH:0
BRDA:6,0,0,0
BRDA:6,1,0,0
BRF:2
BRH:0
end_of_record
TN:
SF:src/components/Icons/PenIcon.tsx
FN:6,(anonymous_0)
FNF:1
FNH:0
FNDA:0,(anonymous_0)
DA:6,0
DA:7,0
LF:2
LH:0
BRDA:6,0,0,0
BRDA:6,1,0,0
BRF:2
BRH:0
end_of_record
TN:
SF:src/components/Icons/PersonFeedback.tsx
FN:6,(anonymous_0)
FNF:1
FNH:0
FNDA:0,(anonymous_0)
DA:6,0
DA:10,0
LF:2
LH:0
BRDA:7,0,0,0
BRDA:8,1,0,0
BRF:2
BRH:0
end_of_record
TN:
SF:src/components/Icons/PhoneCallIcon.tsx
FN:6,(anonymous_0)
FNF:1
FNH:1
FNDA:1,(anonymous_0)
DA:6,1
DA:7,1
LF:2
LH:2
BRDA:6,0,0,0
BRDA:6,1,0,1
BRF:2
BRH:1
end_of_record
TN:
SF:src/components/Icons/PinIcon.tsx
FN:6,(anonymous_0)
FNF:1
FNH:1
FNDA:30,(anonymous_0)
DA:6,1
DA:7,30
LF:2
LH:2
BRDA:6,0,0,0
BRF:1
BRH:0
end_of_record
TN:
SF:src/components/Icons/PlaingGiftIcon.tsx
FN:6,(anonymous_0)
FNF:1
FNH:0
FNDA:0,(anonymous_0)
DA:6,0
DA:11,0
LF:2
LH:0
BRDA:8,0,0,0
BRDA:9,1,0,0
BRF:2
BRH:0
end_of_record
TN:
SF:src/components/Icons/PlusIcon.tsx
FN:6,(anonymous_0)
FNF:1
FNH:1
FNDA:27,(anonymous_0)
DA:6,1
DA:7,27
LF:2
LH:2
BRDA:6,0,0,0
BRDA:6,1,0,0
BRF:2
BRH:0
end_of_record
TN:
SF:src/components/Icons/Profile.tsx
FN:6,(anonymous_0)
FNF:1
FNH:0
FNDA:0,(anonymous_0)
DA:6,0
DA:10,0
LF:2
LH:0
BRDA:7,0,0,0
BRDA:8,1,0,0
BRF:2
BRH:0
end_of_record
TN:
SF:src/components/Icons/QRCodeIcon.tsx
FN:6,(anonymous_0)
FNF:1
FNH:0
FNDA:0,(anonymous_0)
DA:6,0
DA:7,0
LF:2
LH:0
BRDA:6,0,0,0
BRDA:6,1,0,0
BRF:2
BRH:0
end_of_record
TN:
SF:src/components/Icons/RefundIcon.tsx
FN:6,(anonymous_0)
FNF:1
FNH:0
FNDA:0,(anonymous_0)
DA:6,0
DA:7,0
DA:8,0
LF:3
LH:0
BRDA:6,0,0,0
BRDA:6,1,0,0
BRDA:7,2,0,0
BRDA:7,2,1,0
BRF:4
BRH:0
end_of_record
TN:
SF:src/components/Icons/RestaurantOnMapIcon.tsx
FN:5,(anonymous_0)
FNF:1
FNH:0
FNDA:0,(anonymous_0)
DA:5,0
DA:6,0
LF:2
LH:0
BRDA:5,0,0,0
BRF:1
BRH:0
end_of_record
TN:
SF:src/components/Icons/RestaurantOnMapIconSelected.tsx
FN:1,(anonymous_0)
FNF:1
FNH:0
FNDA:0,(anonymous_0)
DA:1,0
DA:2,0
LF:2
LH:0
BRF:0
BRH:0
end_of_record
TN:
SF:src/components/Icons/Search.tsx
FN:6,(anonymous_0)
FNF:1
FNH:0
FNDA:0,(anonymous_0)
DA:6,0
DA:10,0
LF:2
LH:0
BRDA:7,0,0,0
BRDA:8,1,0,0
BRF:2
BRH:0
end_of_record
TN:
SF:src/components/Icons/Share.tsx
FN:6,(anonymous_0)
FNF:1
FNH:1
FNDA:67,(anonymous_0)
DA:6,3
DA:7,67
LF:2
LH:2
BRDA:6,0,0,67
BRF:1
BRH:1
end_of_record
TN:
SF:src/components/Icons/Star.tsx
FN:7,(anonymous_0)
FNF:1
FNH:0
FNDA:0,(anonymous_0)
DA:7,0
DA:12,0
LF:2
LH:0
BRDA:8,0,0,0
BRDA:9,1,0,0
BRDA:10,2,0,0
BRDA:17,3,0,0
BRDA:17,3,1,0
BRF:5
BRH:0
end_of_record
TN:
SF:src/components/Icons/StarPrivilege.tsx
FN:6,(anonymous_0)
FNF:1
FNH:0
FNDA:0,(anonymous_0)
DA:6,1
DA:7,0
LF:2
LH:1
BRDA:6,0,0,0
BRDA:6,1,0,0
BRF:2
BRH:0
end_of_record
TN:
SF:src/components/Icons/SupportIcon.tsx
FN:6,(anonymous_0)
FNF:1
FNH:0
FNDA:0,(anonymous_0)
DA:6,0
DA:7,0
LF:2
LH:0
BRDA:6,0,0,0
BRDA:6,1,0,0
BRF:2
BRH:0
end_of_record
TN:
SF:src/components/Icons/TicketIcon.tsx
FN:6,(anonymous_0)
FNF:1
FNH:0
FNDA:0,(anonymous_0)
DA:6,0
DA:7,0
LF:2
LH:0
BRDA:6,0,0,0
BRF:1
BRH:0
end_of_record
TN:
SF:src/components/Icons/TicketsIcon.tsx
FN:6,(anonymous_0)
FNF:1
FNH:0
FNDA:0,(anonymous_0)
DA:6,0
DA:7,0
LF:2
LH:0
BRDA:6,0,0,0
BRDA:6,1,0,0
BRF:2
BRH:0
end_of_record
TN:
SF:src/components/Icons/TimeCircle.tsx
FN:6,(anonymous_0)
FNF:1
FNH:1
FNDA:36,(anonymous_0)
DA:6,1
DA:7,36
LF:2
LH:2
BRDA:6,0,0,0
BRDA:6,1,0,36
BRF:2
BRH:1
end_of_record
TN:
SF:src/components/Icons/TimeCircleIcon.tsx
FN:6,(anonymous_0)
FNF:1
FNH:0
FNDA:0,(anonymous_0)
DA:6,0
DA:7,0
LF:2
LH:0
BRDA:6,0,0,0
BRDA:6,1,0,0
BRF:2
BRH:0
end_of_record
TN:
SF:src/components/Icons/TimeFromIcon.tsx
FN:6,(anonymous_0)
FNF:1
FNH:0
FNDA:0,(anonymous_0)
DA:6,0
DA:7,0
LF:2
LH:0
BRF:0
BRH:0
end_of_record
TN:
SF:src/components/Icons/TimeToIcon.tsx
FN:7,(anonymous_0)
FNF:1
FNH:0
FNDA:0,(anonymous_0)
DA:7,0
DA:8,0
LF:2
LH:0
BRF:0
BRH:0
end_of_record
TN:
SF:src/components/Icons/UserProfileIcon.tsx
FN:6,(anonymous_0)
FNF:1
FNH:0
FNDA:0,(anonymous_0)
DA:6,0
DA:10,0
LF:2
LH:0
BRDA:7,0,0,0
BRDA:8,1,0,0
BRF:2
BRH:0
end_of_record
TN:
SF:src/components/Icons/UsersIcon.tsx
FN:6,(anonymous_0)
FNF:1
FNH:1
FNDA:293,(anonymous_0)
DA:6,4
DA:7,293
LF:2
LH:2
BRDA:6,0,0,0
BRDA:6,1,0,293
BRF:2
BRH:1
end_of_record
TN:
SF:src/components/Icons/WalletIcon.tsx
FN:6,(anonymous_0)
FNF:1
FNH:0
FNDA:0,(anonymous_0)
DA:6,0
DA:12,0
LF:2
LH:0
BRDA:8,0,0,0
BRDA:9,1,0,0
BRF:2
BRH:0
end_of_record
TN:
SF:src/components/ImageViewerPopup/ImageViewerPopup.tsx
FN:33,(anonymous_1)
FN:34,(anonymous_2)
FN:38,(anonymous_3)
FN:39,(anonymous_4)
FN:42,(anonymous_5)
FN:43,(anonymous_6)
FN:51,(anonymous_7)
FN:57,(anonymous_8)
FN:71,(anonymous_9)
FN:83,(anonymous_10)
FNF:10
FNH:0
FNDA:0,(anonymous_1)
FNDA:0,(anonymous_2)
FNDA:0,(anonymous_3)
FNDA:0,(anonymous_4)
FNDA:0,(anonymous_5)
FNDA:0,(anonymous_6)
FNDA:0,(anonymous_7)
FNDA:0,(anonymous_8)
FNDA:0,(anonymous_9)
FNDA:0,(anonymous_10)
DA:1,0
DA:2,0
DA:3,0
DA:4,0
DA:5,0
DA:6,0
DA:7,0
DA:9,0
DA:10,0
DA:11,0
DA:22,0
DA:33,0
DA:34,0
DA:35,0
DA:36,0
DA:38,0
DA:39,0
DA:42,0
DA:43,0
DA:46,0
DA:47,0
DA:51,0
DA:52,0
DA:53,0
DA:55,0
DA:57,0
DA:58,0
DA:62,0
DA:71,0
DA:84,0
LF:30
LH:0
BRDA:46,0,0,0
BRDA:46,1,0,0
BRDA:46,1,1,0
BRDA:52,2,0,0
BRDA:52,2,1,0
BRF:5
BRH:0
end_of_record
TN:
SF:src/components/InfoTag/InfoTag.tsx
FN:7,(anonymous_1)
FNF:1
FNH:0
FNDA:0,(anonymous_1)
DA:1,1
DA:7,1
DA:8,0
LF:3
LH:2
BRF:0
BRH:0
end_of_record
TN:
SF:src/components/InformationPopup/InformationPopup.tsx
FN:31,(anonymous_1)
FN:32,(anonymous_2)
FNF:2
FNH:0
FNDA:0,(anonymous_1)
FNDA:0,(anonymous_2)
DA:1,0
DA:2,0
DA:3,0
DA:4,0
DA:5,0
DA:6,0
DA:8,0
DA:31,0
DA:32,0
DA:33,0
DA:34,0
LF:11
LH:0
BRDA:32,0,0,0
BRDA:32,0,1,0
BRF:2
BRH:0
end_of_record
TN:
SF:src/components/Link/Link.tsx
FN:8,(anonymous_1)
FN:15,(anonymous_2)
FNF:2
FNH:0
FNDA:0,(anonymous_1)
FNDA:0,(anonymous_2)
DA:1,0
DA:2,0
DA:3,0
DA:4,0
DA:6,0
DA:8,0
DA:14,0
DA:16,0
DA:21,0
DA:22,0
DA:24,0
DA:25,0
DA:28,0
DA:29,0
DA:31,0
DA:34,0
DA:35,0
DA:36,0
DA:42,0
LF:19
LH:0
BRDA:21,0,0,0
BRDA:21,0,1,0
BRDA:24,1,0,0
BRDA:24,2,0,0
BRDA:24,3,0,0
BRDA:31,4,0,0
BRDA:31,4,1,0
BRDA:34,5,0,0
BRF:8
BRH:0
end_of_record
TN:
SF:src/components/MenuPopup/MenuPopup.tsx
FN:33,(anonymous_1)
FN:34,(anonymous_2)
FN:39,(anonymous_3)
FN:45,(anonymous_4)
FN:60,(anonymous_5)
FN:83,(anonymous_6)
FN:115,(anonymous_7)
FN:123,(anonymous_8)
FN:127,(anonymous_9)
FNF:9
FNH:0
FNDA:0,(anonymous_1)
FNDA:0,(anonymous_2)
FNDA:0,(anonymous_3)
FNDA:0,(anonymous_4)
FNDA:0,(anonymous_5)
FNDA:0,(anonymous_6)
FNDA:0,(anonymous_7)
FNDA:0,(anonymous_8)
FNDA:0,(anonymous_9)
DA:1,0
DA:2,0
DA:3,0
DA:4,0
DA:5,0
DA:6,0
DA:7,0
DA:8,0
DA:9,0
DA:11,0
DA:12,0
DA:13,0
DA:22,0
DA:33,0
DA:34,0
DA:35,0
DA:36,0
DA:37,0
DA:39,0
DA:40,0
DA:41,0
DA:43,0
DA:45,0
DA:46,0
DA:51,0
DA:60,0
DA:84,0
DA:116,0
DA:117,0
DA:124,0
DA:128,0
LF:31
LH:0
BRDA:40,0,0,0
BRDA:40,0,1,0
BRDA:81,1,0,0
BRDA:81,1,1,0
BRDA:81,2,0,0
BRDA:81,2,1,0
BRDA:116,3,0,0
BRDA:135,4,0,0
BRDA:135,4,1,0
BRF:9
BRH:0
end_of_record
TN:
SF:src/components/ModalPopup/ModalPopup.tsx
FN:43,(anonymous_1)
FN:61,(anonymous_2)
FNF:2
FNH:2
FNDA:311,(anonymous_1)
FNDA:1,(anonymous_2)
DA:2,5
DA:3,5
DA:4,5
DA:5,5
DA:6,5
DA:11,5
DA:20,5
DA:43,5
DA:61,311
DA:62,1
DA:63,1
DA:64,1
DA:66,0
DA:68,311
LF:14
LH:13
BRDA:50,0,0,0
BRDA:62,1,0,1
BRDA:83,2,0,311
BRDA:83,2,1,36
BRDA:84,3,0,311
BRDA:84,3,1,0
BRDA:85,4,0,311
BRDA:85,4,1,8
BRDA:90,5,0,311
BRDA:90,5,1,303
BRDA:91,6,0,311
BRDA:91,6,1,311
BRDA:96,7,0,36
BRDA:96,7,1,275
BRDA:96,8,0,8
BRDA:96,8,1,267
BRDA:98,9,0,0
BRDA:98,9,1,311
BRDA:102,10,0,311
BRDA:102,10,1,44
BRF:20
BRH:17
end_of_record
TN:
SF:src/components/ModalPopup/useModal.ts
FN:3,(anonymous_0)
FN:6,toggle
FNF:2
FNH:1
FNDA:45,(anonymous_0)
FNDA:0,toggle
DA:1,1
DA:3,1
DA:4,45
DA:7,0
DA:10,45
LF:5
LH:4
BRF:0
BRH:0
end_of_record
TN:
SF:src/components/MontFont/Montfont.ts
FNF:0
FNH:0
DA:1,0
LF:1
LH:0
BRF:0
BRH:0
end_of_record
TN:
SF:src/components/OptionsNavigation/OptionsNavigation.tsx
FN:16,(anonymous_1)
FNF:1
FNH:0
FNDA:0,(anonymous_1)
DA:1,0
DA:3,0
DA:4,0
DA:6,0
DA:8,0
DA:9,0
DA:10,0
DA:11,0
DA:12,0
DA:16,0
DA:17,0
DA:19,0
LF:12
LH:0
BRF:0
BRH:0
end_of_record
TN:
SF:src/components/OptionsNavigation/OptionsNavigationElement/OptionsNavigationElement.tsx
FN:16,(anonymous_1)
FNF:1
FNH:0
FNDA:0,(anonymous_1)
DA:2,0
DA:3,0
DA:5,0
DA:6,0
DA:16,0
DA:23,0
LF:6
LH:0
BRF:0
BRH:0
end_of_record
TN:
SF:src/components/PageContainer/PageContainer.tsx
FN:12,(anonymous_1)
FNF:1
FNH:1
FNDA:365,(anonymous_1)
DA:2,7
DA:4,7
DA:12,7
DA:13,365
LF:4
LH:4
BRF:0
BRH:0
end_of_record
TN:
SF:src/components/PageHeader/PageHeader.tsx
FN:15,(anonymous_1)
FNF:1
FNH:1
FNDA:38,(anonymous_1)
DA:2,1
DA:3,1
DA:4,1
DA:5,1
DA:6,1
DA:15,1
DA:16,38
LF:7
LH:7
BRDA:15,0,0,38
BRDA:20,1,0,38
BRDA:20,1,1,38
BRF:3
BRH:3
end_of_record
TN:
SF:src/components/PlaceholderBlock/PlaceholderBlock.tsx
FN:28,(anonymous_1)
FNF:1
FNH:1
FNDA:719,(anonymous_1)
DA:2,7
DA:4,7
DA:28,7
DA:35,719
LF:4
LH:4
BRF:0
BRH:0
end_of_record
TN:
SF:src/components/PrivelegiesPopup/PrivelegiesPopup.tsx
FN:26,(anonymous_1)
FN:27,(anonymous_2)
FNF:2
FNH:0
FNDA:0,(anonymous_1)
FNDA:0,(anonymous_2)
DA:2,0
DA:3,0
DA:4,0
DA:5,0
DA:12,0
DA:26,0
DA:27,0
DA:29,0
LF:8
LH:0
BRF:0
BRH:0
end_of_record
TN:
SF:src/components/RGB/RGB.tsx
FN:11,(anonymous_1)
FNF:1
FNH:0
FNDA:0,(anonymous_1)
DA:2,0
DA:5,0
DA:11,0
DA:12,0
LF:4
LH:0
BRF:0
BRH:0
end_of_record
TN:
SF:src/components/RadioInput/RadioInput.tsx
FN:10,(anonymous_1)
FNF:1
FNH:0
FNDA:0,(anonymous_1)
DA:1,0
DA:10,0
DA:11,0
LF:3
LH:0
BRF:0
BRH:0
end_of_record
TN:
SF:src/components/Redirecter/Redirecter.tsx
FN:9,(anonymous_0)
FNF:1
FNH:0
FNDA:0,(anonymous_0)
DA:1,0
DA:2,0
DA:3,0
DA:9,0
DA:10,0
DA:11,0
DA:14,0
DA:15,0
DA:18,0
LF:9
LH:0
BRDA:14,0,0,0
BRF:1
BRH:0
end_of_record
TN:
SF:src/components/RequestPermissions/RequestPermissions.tsx
FN:5,(anonymous_0)
FN:6,(anonymous_1)
FNF:2
FNH:0
FNDA:0,(anonymous_0)
FNDA:0,(anonymous_1)
DA:1,0
DA:5,0
DA:6,0
DA:16,0
LF:4
LH:0
BRF:0
BRH:0
end_of_record
TN:
SF:src/components/RequestPermissions/utils.ts
FN:3,(anonymous_0)
FNF:1
FNH:0
FNDA:0,(anonymous_0)
DA:1,0
DA:3,0
DA:4,0
LF:3
LH:0
BRF:0
BRH:0
end_of_record
TN:
SF:src/components/RestaurantNavigation/RestaurantNavigation.tsx
FN:29,(anonymous_1)
FN:37,(anonymous_2)
FN:38,(anonymous_3)
FN:40,(anonymous_4)
FN:52,(anonymous_5)
FN:67,(anonymous_6)
FN:68,(anonymous_7)
FN:69,(anonymous_8)
FN:70,(anonymous_9)
FN:77,(anonymous_10)
FN:82,(anonymous_11)
FNF:11
FNH:0
FNDA:0,(anonymous_1)
FNDA:0,(anonymous_2)
FNDA:0,(anonymous_3)
FNDA:0,(anonymous_4)
FNDA:0,(anonymous_5)
FNDA:0,(anonymous_6)
FNDA:0,(anonymous_7)
FNDA:0,(anonymous_8)
FNDA:0,(anonymous_9)
FNDA:0,(anonymous_10)
FNDA:0,(anonymous_11)
DA:1,0
DA:2,0
DA:3,0
DA:5,0
DA:8,0
DA:9,0
DA:11,0
DA:13,0
DA:29,0
DA:32,0
DA:33,0
DA:34,0
DA:35,0
DA:36,0
DA:37,0
DA:38,0
DA:39,0
DA:40,0
DA:52,0
DA:53,0
DA:54,0
DA:55,0
DA:67,0
DA:68,0
DA:69,0
DA:70,0
DA:71,0
DA:72,0
DA:76,0
DA:77,0
DA:78,0
DA:82,0
DA:83,0
DA:84,0
DA:85,0
DA:89,0
LF:36
LH:0
BRDA:37,0,0,0
BRDA:37,0,1,0
BRDA:38,1,0,0
BRDA:38,1,1,0
BRDA:40,2,0,0
BRDA:40,2,1,0
BRDA:53,3,0,0
BRDA:53,4,0,0
BRDA:53,4,1,0
BRDA:53,4,2,0
BRDA:71,5,0,0
BRDA:71,6,0,0
BRDA:71,6,1,0
BRDA:71,6,2,0
BRDA:83,7,0,0
BRDA:83,8,0,0
BRDA:83,8,1,0
BRDA:120,9,0,0
BRDA:120,9,1,0
BRDA:133,10,0,0
BRDA:133,10,1,0
BRDA:146,11,0,0
BRDA:146,11,1,0
BRF:23
BRH:0
end_of_record
TN:
SF:src/components/RestaurantPreview/RestaurantPreviewSkeleton.tsx
FN:13,(anonymous_1)
FN:67,(anonymous_2)
FN:72,(anonymous_3)
FNF:3
FNH:3
FNDA:42,(anonymous_1)
FNDA:14,(anonymous_2)
FNDA:42,(anonymous_3)
DA:2,1
DA:4,1
DA:6,1
DA:13,1
DA:14,42
DA:67,1
DA:70,14
DA:73,42
LF:8
LH:8
BRDA:68,0,0,0
BRF:1
BRH:0
end_of_record
TN:
SF:src/components/RestaurantPreview/RestrauntPreview.tsx
FN:67,(anonymous_1)
FN:81,(anonymous_2)
FN:95,(anonymous_3)
FN:112,(anonymous_4)
FN:115,(anonymous_5)
FN:119,(anonymous_6)
FN:130,(anonymous_7)
FN:139,(anonymous_8)
FN:162,(anonymous_9)
FN:175,(anonymous_10)
FN:191,(anonymous_11)
FNF:11
FNH:0
FNDA:0,(anonymous_1)
FNDA:0,(anonymous_2)
FNDA:0,(anonymous_3)
FNDA:0,(anonymous_4)
FNDA:0,(anonymous_5)
FNDA:0,(anonymous_6)
FNDA:0,(anonymous_7)
FNDA:0,(anonymous_8)
FNDA:0,(anonymous_9)
FNDA:0,(anonymous_10)
FNDA:0,(anonymous_11)
DA:1,1
DA:2,1
DA:3,1
DA:4,1
DA:5,1
DA:6,1
DA:7,1
DA:11,1
DA:13,1
DA:14,1
DA:15,1
DA:17,1
DA:19,1
DA:21,1
DA:23,1
DA:24,1
DA:25,1
DA:27,1
DA:51,1
DA:67,1
DA:68,0
DA:70,0
DA:72,0
DA:73,0
DA:75,0
DA:77,0
DA:82,0
DA:83,0
DA:85,0
DA:88,0
DA:96,0
DA:97,0
DA:99,0
DA:113,0
DA:116,0
DA:119,0
DA:131,0
DA:132,0
DA:134,0
DA:140,0
DA:163,0
DA:176,0
DA:192,0
LF:43
LH:20
BRDA:83,0,0,0
BRDA:83,0,1,0
BRDA:83,1,0,0
BRDA:83,1,1,0
BRDA:92,2,0,0
BRDA:92,2,1,0
BRDA:96,3,0,0
BRDA:96,3,1,0
BRDA:102,4,0,0
BRDA:102,4,1,0
BRDA:104,5,0,0
BRDA:104,5,1,0
BRDA:109,6,0,0
BRDA:109,6,1,0
BRDA:118,7,0,0
BRDA:118,7,1,0
BRDA:128,8,0,0
BRDA:128,8,1,0
BRDA:129,9,0,0
BRDA:129,9,1,0
BRDA:131,10,0,0
BRDA:131,10,1,0
BRDA:137,11,0,0
BRDA:137,11,1,0
BRDA:186,12,0,0
BRDA:186,12,1,0
BRDA:189,13,0,0
BRDA:189,13,1,0
BRF:28
BRH:0
end_of_record
TN:
SF:src/components/RestaurantPreview/RestaurantBadge/RestaurantBadge.tsx
FN:7,(anonymous_1)
FNF:1
FNH:0
FNDA:0,(anonymous_1)
DA:1,1
DA:7,1
DA:8,0
LF:3
LH:2
BRF:0
BRH:0
end_of_record
TN:
SF:src/components/RestaurantPreview/RestaurantBadgePhoto/RestaurantBadgePhoto.tsx
FN:7,(anonymous_1)
FNF:1
FNH:0
FNDA:0,(anonymous_1)
DA:1,1
DA:7,1
DA:8,0
LF:3
LH:2
BRF:0
BRH:0
end_of_record
TN:
SF:src/components/RestaurantTopPreview/RestaurantTopPreview.tsx
FN:35,(anonymous_1)
FN:39,(anonymous_2)
FNF:2
FNH:0
FNDA:0,(anonymous_1)
FNDA:0,(anonymous_2)
DA:1,0
DA:2,0
DA:4,0
DA:5,0
DA:6,0
DA:8,0
DA:10,0
DA:12,0
DA:35,0
DA:38,0
DA:39,0
DA:43,0
DA:44,0
DA:53,0
LF:14
LH:0
BRDA:39,0,0,0
BRDA:39,0,1,0
BRDA:43,1,0,0
BRDA:75,2,0,0
BRDA:75,2,1,0
BRDA:76,3,0,0
BRDA:76,3,1,0
BRF:7
BRH:0
end_of_record
TN:
SF:src/components/RestaurantsList/RestaurantsList.tsx
FN:52,(anonymous_1)
FN:61,(anonymous_2)
FN:70,(anonymous_3)
FN:82,(anonymous_4)
FN:95,(anonymous_5)
FNF:5
FNH:2
FNDA:14,(anonymous_1)
FNDA:8,(anonymous_2)
FNDA:0,(anonymous_3)
FNDA:0,(anonymous_4)
FNDA:0,(anonymous_5)
DA:1,1
DA:2,1
DA:6,1
DA:7,1
DA:9,1
DA:10,1
DA:12,1
DA:14,1
DA:52,1
DA:53,14
DA:54,14
DA:55,14
DA:56,14
DA:59,14
DA:61,14
DA:63,8
DA:64,0
DA:67,8
DA:68,8
DA:70,8
DA:71,0
DA:72,0
DA:73,0
DA:74,0
DA:78,8
DA:79,0
DA:82,8
DA:83,8
DA:87,14
DA:89,14
DA:96,0
LF:31
LH:24
BRDA:52,0,0,14
BRDA:63,1,0,0
BRDA:71,2,0,0
BRDA:71,2,1,0
BRDA:73,3,0,0
BRDA:78,4,0,0
BRDA:87,5,0,14
BRDA:87,5,1,14
BRDA:92,6,0,14
BRDA:92,6,1,0
BRF:10
BRH:4
end_of_record
TN:
SF:src/components/RestaurantsListSelector/RestaurantsListSelector.tsx
FN:32,(anonymous_0)
FN:42,(anonymous_1)
FN:47,(anonymous_2)
FN:48,(anonymous_3)
FN:53,(anonymous_4)
FN:60,(anonymous_5)
FN:66,(anonymous_6)
FN:69,(anonymous_7)
FNF:8
FNH:6
FNDA:85,(anonymous_0)
FNDA:41,(anonymous_1)
FNDA:41,(anonymous_2)
FNDA:12,(anonymous_3)
FNDA:52,(anonymous_4)
FNDA:1,(anonymous_5)
FNDA:0,(anonymous_6)
FNDA:0,(anonymous_7)
DA:1,2
DA:2,2
DA:4,2
DA:6,2
DA:7,2
DA:8,2
DA:9,2
DA:32,2
DA:37,85
DA:38,85
DA:39,85
DA:42,85
DA:43,41
DA:44,14
DA:47,85
DA:48,41
DA:53,52
DA:60,85
DA:61,1
DA:65,85
DA:67,0
DA:69,0
DA:71,0
DA:73,0
DA:79,0
DA:82,0
DA:85,0
DA:91,85
LF:28
LH:21
BRDA:38,0,0,85
BRDA:38,0,1,56
BRDA:43,1,0,14
BRDA:48,2,0,14
BRDA:48,2,1,27
BRDA:71,3,0,0
BRDA:71,3,1,0
BRDA:104,4,0,85
BRDA:104,4,1,56
BRDA:104,4,2,85
BRF:10
BRH:8
end_of_record
TN:
SF:src/components/RoundedButton/RoundedButton.tsx
FN:18,(anonymous_1)
FN:23,(anonymous_2)
FNF:2
FNH:2
FNDA:795,(anonymous_1)
FNDA:2,(anonymous_2)
DA:1,12
DA:3,12
DA:4,12
DA:18,12
DA:19,795
DA:22,795
DA:23,2
DA:36,795
LF:8
LH:8
BRDA:23,0,0,2
BRDA:23,0,1,0
BRDA:27,1,0,34
BRDA:27,1,1,761
BRDA:28,2,0,34
BRDA:28,2,1,761
BRDA:38,3,0,0
BRDA:38,3,1,795
BRDA:38,4,0,795
BRDA:38,4,1,0
BRDA:40,5,0,0
BRDA:40,5,1,795
BRDA:46,6,0,0
BRDA:46,6,1,0
BRDA:47,7,0,0
BRDA:47,7,1,0
BRF:16
BRH:8
end_of_record
TN:
SF:src/components/Stories/Stories.tsx
FN:12,(anonymous_0)
FN:17,(anonymous_1)
FN:18,(anonymous_2)
FN:19,(anonymous_3)
FN:20,(anonymous_4)
FN:34,(anonymous_5)
FN:39,(anonymous_6)
FN:47,(anonymous_7)
FNF:8
FNH:0
FNDA:0,(anonymous_0)
FNDA:0,(anonymous_1)
FNDA:0,(anonymous_2)
FNDA:0,(anonymous_3)
FNDA:0,(anonymous_4)
FNDA:0,(anonymous_5)
FNDA:0,(anonymous_6)
FNDA:0,(anonymous_7)
DA:1,0
DA:3,0
DA:4,0
DA:5,0
DA:6,0
DA:12,0
DA:13,0
DA:14,0
DA:15,0
DA:17,0
DA:18,0
DA:19,0
DA:20,0
DA:21,0
DA:22,0
DA:24,0
DA:25,0
DA:27,0
DA:34,0
DA:35,0
DA:36,0
DA:39,0
DA:40,0
DA:41,0
DA:47,0
DA:48,0
DA:49,0
DA:58,0
DA:61,0
LF:29
LH:0
BRDA:18,0,0,0
BRDA:18,0,1,0
BRDA:21,1,0,0
BRDA:21,2,0,0
BRDA:21,2,1,0
BRDA:24,3,0,0
BRDA:24,4,0,0
BRDA:24,4,1,0
BRDA:48,5,0,0
BRDA:48,6,0,0
BRDA:48,6,1,0
BRDA:48,6,2,0
BRDA:63,7,0,0
BRDA:63,7,1,0
BRF:14
BRH:0
end_of_record
TN:
SF:src/components/Stories/useIsMounted.ts
FN:3,useIsMounted
FN:6,(anonymous_1)
FN:9,(anonymous_2)
FN:14,(anonymous_3)
FNF:4
FNH:0
FNDA:0,useIsMounted
FNDA:0,(anonymous_1)
FNDA:0,(anonymous_2)
FNDA:0,(anonymous_3)
DA:1,0
DA:4,0
DA:6,0
DA:7,0
DA:9,0
DA:10,0
DA:14,0
DA:17,0
LF:8
LH:0
BRF:0
BRH:0
end_of_record
TN:
SF:src/components/Stories/usePreloader.ts
FN:5,(anonymous_0)
FN:6,(anonymous_1)
FN:7,(anonymous_2)
FN:33,(anonymous_3)
FN:34,(anonymous_4)
FN:40,(anonymous_5)
FN:49,(anonymous_6)
FN:50,(anonymous_7)
FNF:8
FNH:0
FNDA:0,(anonymous_0)
FNDA:0,(anonymous_1)
FNDA:0,(anonymous_2)
FNDA:0,(anonymous_3)
FNDA:0,(anonymous_4)
FNDA:0,(anonymous_5)
FNDA:0,(anonymous_6)
FNDA:0,(anonymous_7)
DA:1,0
DA:5,0
DA:6,0
DA:7,0
DA:8,0
DA:10,0
DA:11,0
DA:12,0
DA:13,0
DA:14,0
DA:15,0
DA:18,0
DA:19,0
DA:20,0
DA:21,0
DA:26,0
DA:30,0
DA:33,0
DA:34,0
DA:35,0
DA:40,0
DA:41,0
DA:42,0
DA:43,0
DA:49,0
DA:50,0
DA:51,0
DA:52,0
DA:54,0
DA:58,0
DA:59,0
LF:31
LH:0
BRDA:8,0,0,0
BRDA:10,1,0,0
BRDA:41,2,0,0
BRDA:42,3,0,0
BRF:4
BRH:0
end_of_record
TN:
SF:src/components/Stories/StoriesBlocksSwiper/StoriesBlock.tsx
FN:13,(anonymous_1)
FN:14,(anonymous_2)
FNF:2
FNH:0
FNDA:0,(anonymous_1)
FNDA:0,(anonymous_2)
DA:1,0
DA:2,0
DA:3,0
DA:13,0
DA:14,0
DA:15,0
DA:18,0
LF:7
LH:0
BRDA:13,0,0,0
BRDA:21,1,0,0
BRDA:21,1,1,0
BRDA:23,2,0,0
BRDA:23,2,1,0
BRDA:26,3,0,0
BRDA:26,3,1,0
BRDA:31,4,0,0
BRDA:31,4,1,0
BRF:9
BRH:0
end_of_record
TN:
SF:src/components/Stories/StoriesBlocksSwiper/StoriesBlocksSwiper.tsx
FN:18,(anonymous_0)
FN:21,(anonymous_1)
FN:22,(anonymous_2)
FNF:3
FNH:0
FNDA:0,(anonymous_0)
FNDA:0,(anonymous_1)
FNDA:0,(anonymous_2)
DA:1,0
DA:2,0
DA:3,0
DA:4,0
DA:8,0
DA:10,0
DA:18,0
DA:19,0
DA:21,0
DA:22,0
DA:25,0
DA:39,0
LF:12
LH:0
BRDA:26,0,0,0
BRDA:26,0,1,0
BRF:2
BRH:0
end_of_record
TN:
SF:src/components/Stories/StoriesComponents/Custom.tsx
FN:15,(anonymous_1)
FN:35,(anonymous_2)
FN:41,(anonymous_3)
FNF:3
FNH:0
FNDA:0,(anonymous_1)
FNDA:0,(anonymous_2)
FNDA:0,(anonymous_3)
DA:1,0
DA:2,0
DA:3,0
DA:4,0
DA:6,0
DA:15,0
DA:24,0
DA:34,0
DA:35,0
DA:36,0
DA:37,0
DA:41,0
DA:42,0
DA:44,0
DA:46,0
DA:47,0
DA:49,0
DA:51,0
DA:52,0
DA:57,0
DA:60,0
DA:62,0
DA:64,0
DA:65,0
DA:67,0
DA:68,0
DA:70,0
DA:71,0
DA:73,0
DA:74,0
DA:76,0
DA:77,0
DA:79,0
DA:81,0
DA:83,0
DA:84,0
DA:86,0
DA:87,0
DA:89,0
DA:90,0
DA:92,0
DA:93,0
DA:95,0
DA:96,0
DA:98,0
DA:99,0
DA:103,0
DA:104,0
DA:108,0
DA:109,0
DA:113,0
LF:51
LH:0
BRDA:36,0,0,0
BRDA:42,1,0,0
BRDA:49,2,0,0
BRDA:60,3,0,0
BRDA:60,3,1,0
BRDA:62,4,0,0
BRDA:62,4,1,0
BRDA:62,4,2,0
BRDA:62,4,3,0
BRDA:62,4,4,0
BRDA:79,5,0,0
BRDA:79,5,1,0
BRDA:79,6,0,0
BRDA:79,6,1,0
BRDA:81,7,0,0
BRDA:81,7,1,0
BRDA:81,7,2,0
BRDA:81,7,3,0
BRDA:81,7,4,0
BRDA:81,7,5,0
BRDA:115,8,0,0
BRDA:115,8,1,0
BRDA:115,9,0,0
BRDA:115,9,1,0
BRDA:130,10,0,0
BRDA:130,10,1,0
BRDA:144,11,0,0
BRDA:144,11,1,0
BRDA:144,11,2,0
BRDA:144,11,3,0
BRF:30
BRH:0
end_of_record
TN:
SF:src/components/Stories/StoriesComponents/Image.tsx
FN:17,(anonymous_1)
FN:27,(anonymous_2)
FNF:2
FNH:0
FNDA:0,(anonymous_1)
FNDA:0,(anonymous_2)
DA:1,0
DA:2,0
DA:4,0
DA:17,0
DA:27,0
DA:28,0
DA:29,0
DA:30,0
DA:34,0
LF:9
LH:0
BRDA:28,0,0,0
BRF:1
BRH:0
end_of_record
TN:
SF:src/components/Stories/StoriesComponents/StoriesLoader.tsx
FN:9,(anonymous_1)
FNF:1
FNH:0
FNDA:0,(anonymous_1)
DA:2,0
DA:3,0
DA:9,0
DA:10,0
DA:11,0
DA:13,0
LF:6
LH:0
BRDA:10,0,0,0
BRF:1
BRH:0
end_of_record
TN:
SF:src/components/Stories/StoriesComponents/Video.tsx
FN:19,(anonymous_1)
FN:32,(anonymous_2)
FN:37,(anonymous_3)
FN:42,(anonymous_4)
FN:46,(anonymous_5)
FN:53,(anonymous_6)
FN:61,(anonymous_7)
FNF:7
FNH:0
FNDA:0,(anonymous_1)
FNDA:0,(anonymous_2)
FNDA:0,(anonymous_3)
FNDA:0,(anonymous_4)
FNDA:0,(anonymous_5)
FNDA:0,(anonymous_6)
FNDA:0,(anonymous_7)
DA:2,0
DA:3,0
DA:5,0
DA:19,0
DA:30,0
DA:32,0
DA:33,0
DA:34,0
DA:37,0
DA:38,0
DA:39,0
DA:42,0
DA:43,0
DA:44,0
DA:45,0
DA:46,0
DA:47,0
DA:53,0
DA:54,0
DA:56,0
DA:58,0
DA:59,0
DA:61,0
DA:62,0
DA:67,0
LF:25
LH:0
BRDA:43,0,0,0
BRDA:45,1,0,0
BRDA:56,2,0,0
BRDA:58,3,0,0
BRDA:58,3,1,0
BRDA:58,4,0,0
BRDA:58,4,1,0
BRF:7
BRH:0
end_of_record
TN:
SF:src/components/Stories/StoriesContainer/StoriesContainer.tsx
FN:33,(anonymous_1)
FN:51,(anonymous_2)
FN:84,(anonymous_3)
FN:96,(anonymous_4)
FN:103,(anonymous_5)
FN:115,(anonymous_6)
FN:121,(anonymous_7)
FN:135,(anonymous_8)
FN:137,(anonymous_9)
FN:143,(anonymous_10)
FN:143,(anonymous_11)
FN:155,(anonymous_12)
FN:159,(anonymous_13)
FN:177,(anonymous_14)
FN:178,(anonymous_15)
FN:184,(anonymous_16)
FNF:16
FNH:0
FNDA:0,(anonymous_1)
FNDA:0,(anonymous_2)
FNDA:0,(anonymous_3)
FNDA:0,(anonymous_4)
FNDA:0,(anonymous_5)
FNDA:0,(anonymous_6)
FNDA:0,(anonymous_7)
FNDA:0,(anonymous_8)
FNDA:0,(anonymous_9)
FNDA:0,(anonymous_10)
FNDA:0,(anonymous_11)
FNDA:0,(anonymous_12)
FNDA:0,(anonymous_13)
FNDA:0,(anonymous_14)
FNDA:0,(anonymous_15)
FNDA:0,(anonymous_16)
DA:2,0
DA:3,0
DA:4,0
DA:5,0
DA:6,0
DA:7,0
DA:8,0
DA:9,0
DA:33,0
DA:37,0
DA:39,0
DA:41,0
DA:43,0
DA:45,0
DA:47,0
DA:51,0
DA:70,0
DA:71,0
DA:75,0
DA:76,0
DA:77,0
DA:78,0
DA:81,0
DA:84,0
DA:85,0
DA:86,0
DA:87,0
DA:88,0
DA:89,0
DA:96,0
DA:97,0
DA:98,0
DA:103,0
DA:104,0
DA:105,0
DA:106,0
DA:107,0
DA:110,0
DA:111,0
DA:115,0
DA:116,0
DA:117,0
DA:118,0
DA:121,0
DA:122,0
DA:123,0
DA:125,0
DA:127,0
DA:128,0
DA:130,0
DA:131,0
DA:135,0
DA:136,0
DA:137,0
DA:138,0
DA:142,0
DA:143,0
DA:144,0
DA:145,0
DA:146,0
DA:147,0
DA:149,0
DA:155,0
DA:156,0
DA:159,0
DA:177,0
DA:178,0
DA:179,0
[...]
FNDA:0,(anonymous_4)
FNDA:0,(anonymous_5)
FNDA:0,(anonymous_6)
FNDA:0,(anonymous_7)
FNDA:0,(anonymous_8)
FNDA:0,(anonymous_9)
FNDA:0,(anonymous_10)
FNDA:0,(anonymous_11)
FNDA:0,(anonymous_12)
FNDA:0,(anonymous_13)
FNDA:0,(anonymous_14)
FNDA:0,(anonymous_15)
DA:1,0
DA:2,0
DA:3,0
DA:5,0
DA:7,0
DA:8,0
DA:9,0
DA:10,0
DA:11,0
DA:13,0
DA:15,0
DA:32,0
DA:36,0
DA:40,0
DA:41,0
DA:42,0
DA:43,0
DA:44,0
DA:45,0
DA:46,0
DA:48,0
DA:49,0
DA:51,0
DA:52,0
DA:54,0
DA:58,0
DA:67,0
DA:68,0
DA:69,0
DA:72,0
DA:88,0
DA:103,0
LF:32
LH:0
BRDA:40,0,0,0
BRDA:40,0,1,0
BRDA:41,1,0,0
BRDA:41,1,1,0
BRDA:42,2,0,0
BRDA:42,2,1,0
BRDA:43,3,0,0
BRDA:43,3,1,0
BRDA:44,4,0,0
BRDA:44,4,1,0
BRDA:52,5,0,0
BRDA:68,6,0,0
BRDA:80,7,0,0
BRDA:80,7,1,0
BRDA:88,8,0,0
BRDA:88,8,1,0
BRDA:90,9,0,0
BRDA:90,9,1,0
BRDA:103,10,0,0
BRDA:103,10,1,0
BRF:20
BRH:0
end_of_record
TN:
SF:src/pages/RestaurantPage/blocks/BanquetsBlock.tsx
FN:37,(anonymous_1)
FN:49,(anonymous_2)
FN:55,(anonymous_3)
FN:57,(anonymous_4)
FN:64,(anonymous_5)
FNF:5
FNH:0
FNDA:0,(anonymous_1)
FNDA:0,(anonymous_2)
FNDA:0,(anonymous_3)
FNDA:0,(anonymous_4)
FNDA:0,(anonymous_5)
DA:2,0
DA:3,0
DA:4,0
DA:6,0
DA:8,0
DA:10,0
DA:11,0
DA:12,0
DA:13,0
DA:14,0
DA:16,0
DA:37,0
DA:41,0
DA:45,0
DA:49,0
DA:50,0
DA:55,0
DA:56,0
DA:57,0
DA:64,0
DA:65,0
DA:66,0
DA:77,0
DA:79,0
LF:24
LH:0
BRDA:49,0,0,0
BRDA:49,0,1,0
BRDA:56,1,0,0
BRDA:77,2,0,0
BRDA:77,3,0,0
BRDA:77,3,1,0
BRF:6
BRH:0
end_of_record
TN:
SF:src/pages/RestaurantPage/blocks/BookingsBlock.tsx
FN:84,(anonymous_1)
FN:133,(anonymous_2)
FN:144,(anonymous_3)
FN:146,(anonymous_4)
FN:161,(anonymous_5)
FN:172,(anonymous_6)
FN:180,(anonymous_7)
FN:185,(anonymous_8)
FN:199,(anonymous_9)
FNF:9
FNH:0
FNDA:0,(anonymous_1)
FNDA:0,(anonymous_2)
FNDA:0,(anonymous_3)
FNDA:0,(anonymous_4)
FNDA:0,(anonymous_5)
FNDA:0,(anonymous_6)
FNDA:0,(anonymous_7)
FNDA:0,(anonymous_8)
FNDA:0,(anonymous_9)
DA:32,0
DA:33,0
DA:34,0
DA:35,0
DA:40,0
DA:41,0
DA:43,0
DA:44,0
DA:45,0
DA:46,0
DA:47,0
DA:48,0
DA:50,0
DA:52,0
DA:54,0
DA:84,0
DA:86,0
DA:89,0
DA:106,0
DA:123,0
DA:125,0
DA:127,0
DA:132,0
DA:134,0
DA:143,0
DA:146,0
DA:148,0
DA:149,0
DA:150,0
DA:152,0
DA:161,0
DA:162,0
DA:163,0
DA:165,0
DA:166,0
DA:172,0
DA:173,0
DA:174,0
DA:178,0
DA:180,0
DA:185,0
DA:186,0
DA:187,0
DA:189,0
DA:199,0
DA:201,0
LF:46
LH:0
BRDA:109,0,0,0
BRDA:109,0,1,0
BRDA:146,1,0,0
BRDA:146,1,1,0
BRDA:148,2,0,0
BRDA:148,2,1,0
BRDA:162,3,0,0
BRDA:186,4,0,0
BRDA:192,5,0,0
BRDA:192,5,1,0
BRDA:205,6,0,0
BRDA:205,6,1,0
BRDA:210,7,0,0
BRDA:210,7,1,0
BRDA:220,8,0,0
BRDA:220,8,1,0
BRDA:233,9,0,0
BRDA:233,9,1,0
BRF:18
BRH:0
end_of_record
TN:
SF:src/pages/RestaurantPage/blocks/CertificateBlock.tsx
FN:19,(anonymous_1)
FN:25,(anonymous_2)
FNF:2
FNH:0
FNDA:0,(anonymous_1)
FNDA:0,(anonymous_2)
DA:2,0
DA:3,0
DA:5,0
DA:6,0
DA:7,0
DA:8,0
DA:9,0
DA:11,0
DA:13,0
DA:19,0
DA:20,0
DA:25,0
DA:26,0
DA:29,0
LF:14
LH:0
BRF:0
BRH:0
end_of_record
TN:
SF:src/pages/RestaurantPage/blocks/ChefBlock.tsx
FN:32,(anonymous_1)
FN:40,(anonymous_2)
FN:41,(anonymous_3)
FN:42,(anonymous_4)
FN:48,(anonymous_5)
FN:49,(anonymous_6)
FN:70,(anonymous_7)
FN:83,(anonymous_8)
FNF:8
FNH:0
FNDA:0,(anonymous_1)
FNDA:0,(anonymous_2)
FNDA:0,(anonymous_3)
FNDA:0,(anonymous_4)
FNDA:0,(anonymous_5)
FNDA:0,(anonymous_6)
FNDA:0,(anonymous_7)
FNDA:0,(anonymous_8)
DA:1,0
DA:2,0
DA:4,0
DA:6,0
DA:7,0
DA:8,0
DA:9,0
DA:11,0
DA:32,0
DA:36,0
DA:40,0
DA:41,0
DA:42,0
DA:43,0
DA:48,0
DA:49,0
DA:52,0
DA:70,0
DA:84,0
LF:19
LH:0
BRDA:40,0,0,0
BRDA:40,0,1,0
BRDA:41,1,0,0
BRDA:41,1,1,0
BRDA:42,2,0,0
BRDA:42,2,1,0
BRDA:56,3,0,0
BRDA:56,3,1,0
BRDA:62,4,0,0
BRDA:62,4,1,0
BRDA:70,5,0,0
BRDA:70,5,1,0
BRDA:72,6,0,0
BRDA:72,6,1,0
BRF:14
BRH:0
end_of_record
TN:
SF:src/pages/RestaurantPage/blocks/EventsBlock.tsx
FN:32,(anonymous_0)
FN:46,(anonymous_1)
FN:49,(anonymous_2)
FN:53,(anonymous_3)
FN:60,(anonymous_4)
FN:78,(anonymous_5)
FNF:6
FNH:0
FNDA:0,(anonymous_0)
FNDA:0,(anonymous_1)
FNDA:0,(anonymous_2)
FNDA:0,(anonymous_3)
FNDA:0,(anonymous_4)
FNDA:0,(anonymous_5)
DA:1,0
DA:2,0
DA:6,0
DA:7,0
DA:8,0
DA:9,0
DA:11,0
DA:32,0
DA:36,0
DA:40,0
DA:46,0
DA:47,0
DA:49,0
DA:50,0
DA:53,0
DA:59,0
DA:61,0
DA:69,0
DA:70,0
DA:73,0
DA:78,0
LF:21
LH:0
BRDA:47,0,0,0
BRDA:69,1,0,0
BRDA:69,2,0,0
BRDA:69,2,1,0
BRF:4
BRH:0
end_of_record
TN:
SF:src/pages/RestaurantPage/blocks/GalleryBlock.tsx
FN:36,(anonymous_1)
FN:39,(anonymous_2)
FN:46,(anonymous_3)
FN:59,(anonymous_4)
FN:87,(anonymous_5)
FN:93,(anonymous_6)
FN:103,(anonymous_7)
FN:104,(anonymous_8)
FN:112,(anonymous_9)
FN:113,(anonymous_10)
FN:144,(anonymous_11)
FN:152,(anonymous_12)
FN:161,(anonymous_13)
FN:186,(anonymous_14)
FN:197,(anonymous_15)
FN:201,(anonymous_16)
FN:220,(anonymous_17)
FN:229,(anonymous_18)
FN:234,(anonymous_19)
FN:243,(anonymous_20)
FNF:20
FNH:0
FNDA:0,(anonymous_1)
FNDA:0,(anonymous_2)
FNDA:0,(anonymous_3)
FNDA:0,(anonymous_4)
FNDA:0,(anonymous_5)
FNDA:0,(anonymous_6)
FNDA:0,(anonymous_7)
FNDA:0,(anonymous_8)
FNDA:0,(anonymous_9)
FNDA:0,(anonymous_10)
FNDA:0,(anonymous_11)
FNDA:0,(anonymous_12)
FNDA:0,(anonymous_13)
FNDA:0,(anonymous_14)
FNDA:0,(anonymous_15)
FNDA:0,(anonymous_16)
FNDA:0,(anonymous_17)
FNDA:0,(anonymous_18)
FNDA:0,(anonymous_19)
FNDA:0,(anonymous_20)
DA:1,0
DA:2,0
DA:3,0
DA:4,0
DA:9,0
DA:10,0
DA:11,0
DA:12,0
DA:13,0
DA:15,0
DA:17,0
DA:36,0
DA:37,0
DA:39,0
DA:40,0
DA:41,0
DA:43,0
DA:46,0
DA:59,0
DA:63,0
DA:67,0
DA:71,0
DA:75,0
DA:79,0
DA:83,0
DA:87,0
DA:93,0
DA:97,0
DA:101,0
DA:103,0
DA:104,0
DA:109,0
DA:112,0
DA:113,0
DA:119,0
DA:123,0
DA:125,0
DA:127,0
DA:128,0
DA:131,0
DA:132,0
DA:133,0
DA:137,0
DA:144,0
DA:145,0
DA:146,0
DA:152,0
DA:153,0
DA:154,0
DA:161,0
DA:162,0
DA:165,0
DA:167,0
DA:186,0
DA:198,0
DA:201,0
DA:221,0
DA:230,0
DA:234,0
DA:243,0
LF:60
LH:0
BRDA:40,0,0,0
BRDA:87,1,0,0
BRDA:87,1,1,0
BRDA:101,2,0,0
BRDA:101,2,1,0
BRDA:131,3,0,0
BRDA:153,4,0,0
BRDA:165,5,0,0
BRDA:191,6,0,0
BRDA:191,6,1,0
BRDA:206,7,0,0
BRDA:206,7,1,0
BRDA:224,8,0,0
BRDA:224,8,1,0
BRDA:226,9,0,0
BRDA:226,9,1,0
BRDA:222,10,0,0
BRDA:222,10,1,0
BRF:18
BRH:0
end_of_record
TN:
SF:src/pages/RestaurantPage/blocks/GastronomyBlock.tsx
FN:18,(anonymous_1)
FN:41,(anonymous_2)
FNF:2
FNH:0
FNDA:0,(anonymous_1)
FNDA:0,(anonymous_2)
DA:2,0
DA:3,0
DA:4,0
DA:5,0
DA:6,0
DA:7,0
DA:8,0
DA:10,0
DA:18,0
DA:19,0
DA:21,0
DA:41,0
LF:12
LH:0
BRF:0
BRH:0
end_of_record
TN:
SF:src/pages/RestaurantPage/blocks/MenuBlock.tsx
FN:42,(anonymous_1)
FN:51,(anonymous_2)
FN:53,(anonymous_3)
FN:63,(anonymous_4)
FN:66,(anonymous_5)
FN:67,(anonymous_6)
FN:67,(anonymous_7)
FN:73,(anonymous_8)
FN:75,(anonymous_9)
FN:77,(anonymous_10)
FN:77,(anonymous_11)
FN:80,(anonymous_12)
FN:85,(anonymous_13)
FN:103,(anonymous_14)
FN:124,(anonymous_15)
FNF:15
FNH:0
FNDA:0,(anonymous_1)
FNDA:0,(anonymous_2)
FNDA:0,(anonymous_3)
FNDA:0,(anonymous_4)
FNDA:0,(anonymous_5)
FNDA:0,(anonymous_6)
FNDA:0,(anonymous_7)
FNDA:0,(anonymous_8)
FNDA:0,(anonymous_9)
FNDA:0,(anonymous_10)
FNDA:0,(anonymous_11)
FNDA:0,(anonymous_12)
FNDA:0,(anonymous_13)
FNDA:0,(anonymous_14)
FNDA:0,(anonymous_15)
DA:1,0
DA:2,0
DA:3,0
DA:4,0
DA:5,0
DA:6,0
DA:8,0
DA:9,0
DA:11,0
DA:13,0
DA:15,0
DA:16,0
DA:17,0
DA:18,0
DA:19,0
DA:20,0
DA:22,0
DA:42,0
DA:46,0
DA:51,0
DA:53,0
DA:55,0
DA:57,0
DA:59,0
DA:61,0
DA:63,0
DA:64,0
DA:65,0
DA:66,0
DA:67,0
DA:73,0
DA:75,0
DA:76,0
DA:77,0
DA:80,0
DA:81,0
DA:85,0
DA:86,0
DA:89,0
DA:104,0
DA:125,0
DA:126,0
DA:127,0
DA:129,0
LF:44
LH:0
BRDA:51,0,0,0
BRDA:51,0,1,0
BRDA:53,1,0,0
BRDA:53,1,1,0
BRDA:64,2,0,0
BRDA:73,3,0,0
BRDA:73,3,1,0
BRDA:76,4,0,0
BRDA:92,5,0,0
BRDA:92,5,1,0
BRDA:100,6,0,0
BRDA:100,6,1,0
BRDA:121,7,0,0
BRDA:121,7,1,0
BRDA:121,7,2,0
BRDA:126,8,0,0
BRDA:126,8,1,0
BRDA:135,9,0,0
BRDA:135,9,1,0
BRDA:136,10,0,0
BRDA:136,10,1,0
BRDA:141,11,0,0
BRDA:141,11,1,0
BRDA:155,12,0,0
BRDA:155,12,1,0
BRF:25
BRH:0
end_of_record
TN:
SF:src/pages/RestaurantPage/blocks/NavigationBlock.tsx
FN:34,(anonymous_1)
FN:44,(anonymous_2)
FN:59,(anonymous_3)
FN:70,(anonymous_4)
FN:82,(anonymous_5)
FN:91,(anonymous_6)
FN:92,(anonymous_7)
FN:96,(anonymous_8)
FNF:8
FNH:0
FNDA:0,(anonymous_1)
FNDA:0,(anonymous_2)
FNDA:0,(anonymous_3)
FNDA:0,(anonymous_4)
FNDA:0,(anonymous_5)
FNDA:0,(anonymous_6)
FNDA:0,(anonymous_7)
FNDA:0,(anonymous_8)
DA:1,0
DA:2,0
DA:3,0
DA:4,0
DA:6,0
DA:8,0
DA:9,0
DA:11,0
DA:12,0
DA:13,0
DA:14,0
DA:15,0
DA:17,0
DA:19,0
DA:34,0
DA:37,0
DA:38,0
DA:39,0
DA:42,0
DA:44,0
DA:45,0
DA:46,0
DA:48,0
DA:59,0
DA:60,0
DA:70,0
DA:71,0
DA:72,0
DA:73,0
DA:77,0
DA:78,0
DA:79,0
DA:83,0
DA:87,0
DA:91,0
DA:92,0
DA:93,0
DA:95,0
DA:96,0
DA:97,0
DA:98,0
DA:102,0
LF:42
LH:0
BRDA:45,0,0,0
BRDA:45,0,1,0
BRDA:72,1,0,0
BRDA:72,1,1,0
BRDA:78,2,0,0
BRDA:78,3,0,0
BRDA:78,3,1,0
BRDA:103,4,0,0
BRDA:103,4,1,0
BRDA:112,5,0,0
BRDA:112,5,1,0
BRDA:112,6,0,0
BRDA:112,6,1,0
BRDA:115,7,0,0
BRDA:115,7,1,0
BRDA:115,7,2,0
BRDA:120,8,0,0
BRDA:120,8,1,0
BRF:18
BRH:0
end_of_record
TN:
SF:src/pages/RestaurantPage/blocks/RestaurantPageSkeletons.tsx
FN:13,(anonymous_1)
FN:43,(anonymous_2)
FN:97,(anonymous_3)
FN:129,(anonymous_4)
FN:147,(anonymous_5)
FN:167,(anonymous_6)
FN:185,(anonymous_7)
FNF:7
FNH:0
FNDA:0,(anonymous_1)
FNDA:0,(anonymous_2)
FNDA:0,(anonymous_3)
FNDA:0,(anonymous_4)
FNDA:0,(anonymous_5)
FNDA:0,(anonymous_6)
FNDA:0,(anonymous_7)
DA:3,0
DA:4,0
DA:5,0
DA:6,0
DA:8,0
DA:13,0
DA:14,0
DA:43,0
DA:44,0
DA:97,0
DA:98,0
DA:129,0
DA:130,0
DA:147,0
DA:148,0
DA:167,0
DA:168,0
DA:185,0
DA:186,0
LF:19
LH:0
BRF:0
BRH:0
end_of_record
TN:
SF:src/pages/RestaurantPage/blocks/YandexTaxiBlock.tsx
FN:29,(anonymous_1)
FNF:1
FNH:0
FNDA:0,(anonymous_1)
DA:3,0
DA:5,0
DA:7,0
DA:29,0
DA:33,0
DA:37,0
DA:42,0
LF:7
LH:0
BRDA:37,0,0,0
BRF:1
BRH:0
end_of_record
TN:
SF:src/pages/TicketInfoPage/TicketInfoPage.tsx
FN:27,(anonymous_1)
FN:38,(anonymous_2)
FN:40,(anonymous_3)
FN:44,(anonymous_4)
FN:50,(anonymous_5)
FN:61,(anonymous_6)
FN:70,(anonymous_7)
FN:77,(anonymous_8)
FN:81,(anonymous_9)
FN:96,(anonymous_10)
FNF:10
FNH:0
FNDA:0,(anonymous_1)
FNDA:0,(anonymous_2)
FNDA:0,(anonymous_3)
FNDA:0,(anonymous_4)
FNDA:0,(anonymous_5)
FNDA:0,(anonymous_6)
FNDA:0,(anonymous_7)
FNDA:0,(anonymous_8)
FNDA:0,(anonymous_9)
FNDA:0,(anonymous_10)
DA:1,0
DA:2,0
DA:3,0
DA:4,0
DA:5,0
DA:7,0
DA:8,0
DA:12,0
DA:14,0
DA:15,0
DA:16,0
DA:17,0
DA:18,0
DA:20,0
DA:22,0
DA:24,0
DA:25,0
DA:27,0
DA:28,0
DA:29,0
DA:30,0
DA:31,0
DA:32,0
DA:33,0
DA:34,0
DA:35,0
DA:36,0
DA:38,0
DA:39,0
DA:40,0
DA:41,0
DA:44,0
DA:45,0
DA:50,0
DA:51,0
DA:54,0
DA:55,0
DA:59,0
DA:60,0
DA:61,0
DA:62,0
DA:66,0
DA:70,0
DA:71,0
DA:72,0
DA:74,0
DA:77,0
DA:78,0
DA:81,0
DA:82,0
DA:83,0
DA:85,0
DA:89,0
DA:97,0
DA:98,0
LF:55
LH:0
BRDA:39,0,0,0
BRDA:39,0,1,0
BRDA:39,1,0,0
BRDA:39,1,1,0
BRDA:60,2,0,0
BRDA:60,3,0,0
BRDA:60,3,1,0
BRDA:71,4,0,0
BRDA:71,5,0,0
BRDA:71,5,1,0
BRDA:82,6,0,0
BRDA:82,6,1,0
BRDA:134,7,0,0
BRDA:134,7,1,0
BRDA:134,8,0,0
BRDA:134,8,1,0
BRDA:141,9,0,0
BRDA:141,9,1,0
BRDA:157,10,0,0
BRDA:157,10,1,0
BRDA:170,11,0,0
BRDA:170,11,1,0
BRDA:196,12,0,0
BRDA:196,12,1,0
BRDA:221,13,0,0
BRDA:221,13,1,0
BRDA:246,14,0,0
BRDA:246,14,1,0
BRDA:271,15,0,0
BRDA:271,15,1,0
BRDA:298,16,0,0
BRDA:298,16,1,0
BRDA:306,17,0,0
BRDA:306,17,1,0
BRDA:322,18,0,0
BRDA:322,18,1,0
BRDA:351,19,0,0
BRDA:351,19,1,0
BRDA:368,20,0,0
BRDA:368,20,1,0
BRDA:368,21,0,0
BRDA:368,21,1,0
BRF:42
BRH:0
end_of_record
TN:
SF:src/pages/UserPhoneConfirmation/UserPhoneConfirmationPage.tsx
FN:25,(anonymous_1)
FN:36,(anonymous_2)
FN:44,(anonymous_3)
FN:46,(anonymous_4)
FN:47,(anonymous_5)
FN:59,(anonymous_6)
FN:106,(anonymous_7)
FN:121,(anonymous_8)
FN:123,(anonymous_9)
FN:127,(anonymous_10)
FN:133,(anonymous_11)
FN:141,(anonymous_12)
FN:142,(anonymous_13)
FNF:13
FNH:0
FNDA:0,(anonymous_1)
FNDA:0,(anonymous_2)
FNDA:0,(anonymous_3)
FNDA:0,(anonymous_4)
FNDA:0,(anonymous_5)
FNDA:0,(anonymous_6)
FNDA:0,(anonymous_7)
FNDA:0,(anonymous_8)
FNDA:0,(anonymous_9)
FNDA:0,(anonymous_10)
FNDA:0,(anonymous_11)
FNDA:0,(anonymous_12)
FNDA:0,(anonymous_13)
DA:7,0
DA:8,0
DA:9,0
DA:10,0
DA:12,0
DA:14,0
DA:16,0
DA:17,0
DA:19,0
DA:25,0
DA:26,0
DA:27,0
DA:28,0
DA:29,0
DA:31,0
DA:36,0
DA:37,0
DA:39,0
DA:41,0
DA:44,0
DA:45,0
DA:46,0
DA:48,0
DA:59,0
DA:60,0
DA:62,0
DA:64,0
DA:65,0
DA:68,0
DA:69,0
DA:72,0
DA:73,0
DA:76,0
DA:77,0
DA:80,0
DA:81,0
DA:85,0
DA:86,0
DA:90,0
DA:91,0
DA:94,0
DA:95,0
DA:98,0
DA:106,0
DA:107,0
DA:108,0
DA:109,0
DA:121,0
DA:122,0
DA:124,0
DA:125,0
DA:128,0
DA:133,0
DA:134,0
DA:141,0
DA:142,0
DA:143,0
DA:144,0
DA:148,0
LF:59
LH:0
BRDA:37,0,0,0
BRDA:60,1,0,0
BRDA:62,2,0,0
BRDA:62,2,1,0
BRDA:64,3,0,0
BRDA:68,4,0,0
BRDA:72,5,0,0
BRDA:76,6,0,0
BRDA:80,7,0,0
BRDA:85,8,0,0
BRDA:90,9,0,0
BRDA:94,10,0,0
BRDA:107,11,0,0
BRDA:125,12,0,0
BRDA:125,12,1,0
BRF:15
BRH:0
end_of_record
TN:
SF:src/pages/UserProfilePage/UserProfilePage.tsx
FN:21,(anonymous_1)
FN:38,(anonymous_2)
FN:49,(anonymous_3)
FN:63,(anonymous_4)
FN:68,(anonymous_5)
FN:69,(anonymous_6)
FN:75,(anonymous_7)
FN:77,(anonymous_8)
FN:81,(anonymous_9)
FN:87,(anonymous_10)
FN:100,(anonymous_11)
FN:105,(anonymous_12)
FN:112,(anonymous_13)
FN:116,(anonymous_14)
FN:136,(anonymous_15)
FN:144,(anonymous_16)
FN:145,(anonymous_17)
FN:151,(anonymous_18)
FN:152,(anonymous_19)
FN:158,(anonymous_20)
FN:159,(anonymous_21)
FN:168,(anonymous_22)
FN:169,(anonymous_23)
FN:175,(anonymous_24)
FN:191,(anonymous_25)
FN:193,(anonymous_26)
FN:210,(anonymous_27)
FNF:27
FNH:10
FNDA:3,(anonymous_1)
FNDA:3,(anonymous_2)
FNDA:1,(anonymous_3)
FNDA:1,(anonymous_4)
FNDA:1,(anonymous_5)
FNDA:1,(anonymous_6)
FNDA:2,(anonymous_7)
FNDA:0,(anonymous_8)
FNDA:2,(anonymous_9)
FNDA:1,(anonymous_10)
FNDA:1,(anonymous_11)
FNDA:0,(anonymous_12)
FNDA:0,(anonymous_13)
FNDA:0,(anonymous_14)
FNDA:0,(anonymous_15)
FNDA:0,(anonymous_16)
FNDA:0,(anonymous_17)
FNDA:0,(anonymous_18)
FNDA:0,(anonymous_19)
FNDA:0,(anonymous_20)
FNDA:0,(anonymous_21)
FNDA:0,(anonymous_22)
FNDA:0,(anonymous_23)
FNDA:0,(anonymous_24)
FNDA:0,(anonymous_25)
FNDA:0,(anonymous_26)
FNDA:0,(anonymous_27)
DA:1,1
DA:2,1
DA:3,1
DA:4,1
DA:5,1
DA:6,1
DA:7,1
DA:8,1
DA:9,1
DA:10,1
DA:11,1
DA:12,1
DA:13,1
DA:14,1
DA:15,1
DA:16,1
DA:17,1
DA:19,1
DA:21,1
DA:22,3
DA:23,3
DA:25,3
DA:26,3
DA:27,3
DA:28,3
DA:30,3
DA:38,3
DA:39,3
DA:42,3
DA:43,3
DA:47,3
DA:49,3
DA:50,1
DA:51,0
DA:52,0
DA:62,1
DA:63,1
DA:64,1
DA:68,3
DA:69,1
DA:70,1
DA:71,1
DA:75,3
DA:76,2
DA:77,0
DA:81,3
DA:82,2
DA:87,3
DA:88,1
DA:89,0
DA:91,1
DA:92,1
DA:101,1
DA:102,1
DA:103,1
DA:106,0
DA:107,0
DA:112,3
DA:113,0
DA:116,3
DA:117,0
DA:123,3
DA:136,0
DA:145,0
DA:152,0
DA:159,0
DA:169,0
DA:175,0
DA:192,0
DA:194,0
DA:211,0
LF:71
LH:54
BRDA:31,0,0,3
BRDA:31,0,1,2
BRDA:32,1,0,3
BRDA:32,1,1,2
BRDA:34,2,0,3
BRDA:34,2,1,3
BRDA:35,3,0,3
BRDA:35,3,1,3
BRDA:39,4,0,1
BRDA:39,4,1,2
BRDA:47,5,0,3
BRDA:47,5,1,3
BRDA:50,6,0,0
BRDA:76,7,0,0
BRDA:76,8,0,2
BRDA:76,8,1,2
BRDA:88,9,0,0
BRDA:96,10,0,1
BRDA:96,10,1,0
BRDA:106,11,0,0
BRDA:118,12,0,0
BRDA:118,12,1,0
BRDA:118,13,0,0
BRDA:118,13,1,0
BRDA:177,14,0,3
BRDA:177,14,1,3
BRDA:188,15,0,3
BRDA:188,15,1,0
BRDA:188,15,2,0
BRDA:192,16,0,0
BRDA:192,16,1,0
BRDA:208,17,0,0
BRDA:208,17,1,0
BRF:33
BRH:18
end_of_record
TN:
SF:src/pages/UserProfilePage/CalendarPopup/CalendarPopup.tsx
FN:30,(anonymous_1)
FN:31,(anonymous_2)
FNF:2
FNH:1
FNDA:2,(anonymous_1)
FNDA:0,(anonymous_2)
DA:1,1
DA:3,1
DA:4,1
DA:5,1
DA:17,1
DA:30,1
DA:31,2
DA:33,2
LF:8
LH:8
BRDA:36,0,0,0
BRDA:36,0,1,2
BRF:2
BRH:1
end_of_record
TN:
SF:src/pages/UserTicketsPage/UserTicketsPage.tsx
FN:20,(anonymous_1)
FN:26,(anonymous_2)
FN:32,(anonymous_3)
FN:33,(anonymous_4)
FN:34,(anonymous_5)
FN:54,(anonymous_6)
FN:60,(anonymous_7)
FN:65,(anonymous_8)
FNF:8
FNH:0
FNDA:0,(anonymous_1)
FNDA:0,(anonymous_2)
FNDA:0,(anonymous_3)
FNDA:0,(anonymous_4)
FNDA:0,(anonymous_5)
FNDA:0,(anonymous_6)
FNDA:0,(anonymous_7)
FNDA:0,(anonymous_8)
DA:1,0
DA:2,0
DA:4,0
DA:8,0
DA:10,0
DA:11,0
DA:12,0
DA:13,0
DA:14,0
DA:16,0
DA:18,0
DA:20,0
DA:21,0
DA:22,0
DA:23,0
DA:24,0
DA:26,0
DA:27,0
DA:28,0
DA:30,0
DA:31,0
DA:32,0
DA:33,0
DA:34,0
DA:37,0
DA:55,0
DA:61,0
DA:62,0
DA:63,0
DA:66,0
LF:30
LH:0
BRDA:27,0,0,0
BRDA:51,1,0,0
BRDA:51,1,1,0
BRDA:58,2,0,0
BRDA:58,2,1,0
BRDA:58,3,0,0
BRDA:58,3,1,0
BRF:7
BRH:0
end_of_record
TN:
SF:src/pages/UserTicketsPage/Ticket/Ticket.tsx
FN:14,(anonymous_1)
FN:26,(anonymous_2)
FNF:2
FNH:0
FNDA:0,(anonymous_1)
FNDA:0,(anonymous_2)
DA:2,0
DA:3,0
DA:4,0
DA:8,0
DA:14,0
DA:15,0
DA:16,0
DA:26,0
LF:8
LH:0
BRDA:21,0,0,0
BRDA:21,0,1,0
BRDA:24,1,0,0
BRDA:24,1,1,0
BRDA:31,2,0,0
BRDA:31,2,1,0
BRF:6
BRH:0
end_of_record
TN:
SF:src/types/certificates.types.ts
FNF:0
FNH:0
DA:24,3
LF:1
LH:1
BRF:0
BRH:0
end_of_record
TN:
SF:src/types/stories.types.ts
FN:42,(anonymous_0)
FNF:1
FNH:0
FNDA:0,(anonymous_0)
DA:42,0
DA:43,0
DA:44,0
DA:45,0
LF:4
LH:0
BRDA:42,0,0,0
BRDA:42,0,1,0
BRF:2
BRH:0
end_of_record
TN:
SF:src/utils/menu.utils.ts
FN:7,(anonymous_0)
FN:34,(anonymous_1)
FN:35,(anonymous_2)
FN:52,(anonymous_3)
FNF:4
FNH:4
FNDA:269,(anonymous_0)
FNDA:458,(anonymous_1)
FNDA:460,(anonymous_2)
FNDA:285,(anonymous_3)
DA:7,2
DA:8,269
DA:10,266
DA:11,266
DA:13,266
DA:14,266
DA:16,265
DA:17,265
DA:19,265
DA:21,5
DA:22,4
DA:25,1
DA:34,2
DA:35,460
DA:52,2
DA:53,285
DA:55,282
DA:58,282
DA:63,265
DA:67,17
DA:72,6
DA:76,11
DA:88,4
DA:92,7
DA:97,4
DA:101,3
LF:26
LH:26
BRDA:8,0,0,3
BRDA:8,1,0,269
BRDA:8,1,1,267
BRDA:11,2,0,0
BRDA:11,3,0,266
BRDA:11,3,1,266
BRDA:14,4,0,1
BRDA:19,5,0,260
BRDA:21,6,0,4
BRDA:21,7,0,5
BRDA:21,7,1,4
BRDA:22,8,0,4
BRDA:22,8,1,3
BRDA:22,8,2,2
BRDA:22,8,3,1
BRDA:35,9,0,458
BRDA:35,9,1,3
BRDA:53,10,0,3
BRDA:58,11,0,265
BRDA:67,12,0,6
BRDA:76,13,0,4
BRDA:92,14,0,4
BRF:22
BRH:21
end_of_record
TN:
SF:src/utils/startParam.utils.ts
FN:104,parseStartParam
FN:179,extractUtmParams
FN:198,extractEntityInfo
FN:226,getSpecialKeyword
FN:243,convertUtmToSnakeCase
FNF:5
FNH:5
FNDA:33,parseStartParam
FNDA:2,extractUtmParams
FNDA:3,extractEntityInfo
FNDA:3,getSpecialKeyword
FNDA:3,convertUtmToSnakeCase
DA:21,2
DA:63,2
DA:75,2
DA:104,2
DA:105,33
DA:113,33
DA:114,2
DA:118,31
DA:119,9
DA:120,9
DA:124,22
DA:126,22
DA:128,42
DA:129,0
DA:130,0
DA:134,42
DA:135,42
DA:136,179
DA:137,179
DA:138,18
DA:139,18
DA:140,17
DA:141,17
DA:142,17
DA:144,18
DA:147,42
DA:148,17
DA:152,25
DA:153,52
DA:154,52
DA:155,23
DA:156,23
DA:157,22
DA:159,23
DA:164,22
DA:179,2
DA:180,2
DA:198,2
DA:201,3
DA:202,3
DA:203,1
DA:208,2
DA:226,2
DA:227,3
DA:243,2
DA:244,3
DA:246,3
DA:247,3
DA:248,3
DA:249,3
DA:250,3
DA:252,3
LF:52
LH:50
BRDA:110,0,0,33
BRDA:110,0,1,2
BRDA:113,1,0,2
BRDA:118,2,0,9
BRDA:128,3,0,0
BRDA:137,4,0,18
BRDA:139,5,0,17
BRDA:147,6,0,17
BRDA:154,7,0,23
BRDA:156,8,0,22
BRDA:202,9,0,1
BRDA:202,10,0,3
BRDA:202,10,1,1
BRDA:246,11,0,2
BRDA:247,12,0,1
BRDA:248,13,0,1
BRDA:249,14,0,1
BRDA:250,15,0,1
BRF:18
BRH:17
end_of_record
TN:
SF:src/utils/trigram.utils.ts
FN:6,(anonymous_0)
FN:19,(anonymous_1)
FN:44,(anonymous_2)
FN:55,(anonymous_3)
FN:72,(anonymous_4)
FN:83,(anonymous_5)
FN:95,(anonymous_6)
FN:96,(anonymous_7)
FN:166,(anonymous_8)
FN:174,(anonymous_9)
FNF:10
FNH:10
FNDA:280,(anonymous_0)
FNDA:136,(anonymous_1)
FNDA:74,(anonymous_2)
FNDA:518,(anonymous_3)
FNDA:75,(anonymous_4)
FNDA:7,(anonymous_5)
FNDA:67,(anonymous_6)
FNDA:55,(anonymous_7)
FNDA:13,(anonymous_8)
FNDA:40,(anonymous_9)
DA:6,1
DA:7,280
DA:19,1
DA:20,136
DA:21,136
DA:23,136
DA:24,6
DA:25,6
DA:29,130
DA:31,130
DA:32,1201
DA:35,130
DA:44,1
DA:45,74
DA:47,68
DA:48,68
DA:50,68
DA:51,68
DA:54,68
DA:55,68
DA:56,518
DA:57,126
DA:62,68
DA:72,1
DA:73,75
DA:74,73
DA:76,72
DA:77,72
DA:80,72
DA:82,6
DA:83,7
DA:87,66
DA:88,29
DA:92,37
DA:95,67
DA:96,55
DA:99,37
DA:100,28
DA:103,28
DA:104,49
DA:105,0
DA:110,28
DA:111,28
DA:112,47
DA:113,47
DA:114,5
DA:118,23
DA:122,9
DA:124,25
DA:126,24
DA:129,24
DA:130,32
DA:131,19
DA:132,19
DA:137,24
DA:138,5
DA:139,9
DA:141,9
DA:142,9
DA:143,0
DA:144,0
DA:150,24
DA:151,5
DA:155,4
DA:166,1
DA:172,13
DA:174,11
DA:175,40
DA:176,40
LF:69
LH:66
BRDA:23,0,0,6
BRDA:45,1,0,6
BRDA:45,2,0,74
BRDA:45,2,1,70
BRDA:50,3,0,0
BRDA:50,4,0,68
BRDA:50,4,1,0
BRDA:51,5,0,0
BRDA:51,6,0,68
BRDA:51,6,1,68
BRDA:56,7,0,126
BRDA:72,8,0,32
BRDA:73,9,0,2
BRDA:74,10,0,1
BRDA:80,11,0,6
BRDA:83,12,0,7
BRDA:83,12,1,2
BRDA:87,13,0,29
BRDA:92,14,0,1
BRDA:92,14,1,36
BRDA:99,15,0,28
BRDA:104,16,0,0
BRDA:113,17,0,5
BRDA:124,18,0,1
BRDA:130,19,0,19
BRDA:137,20,0,5
BRDA:141,21,0,2
BRDA:141,21,1,7
BRDA:142,22,0,0
BRDA:150,23,0,5
BRDA:170,24,0,11
BRDA:172,25,0,2
BRF:32
BRH:27
end_of_record
