TN:
SF:src/html2pdf.d.ts
FNF:0
FNH:0
LF:0
LH:0
BRF:0
BRH:0
end_of_record
TN:
SF:src/index.tsx
FNF:0
FNH:0
DA:1,0
DA:3,0
DA:4,0
DA:5,0
DA:7,0
DA:8,0
DA:10,0
DA:12,0
DA:14,0
DA:16,0
DA:18,0
LF:11
LH:0
BRF:0
BRH:0
end_of_record
TN:
SF:src/init.ts
FN:14,init
FN:28,(anonymous_1)
FN:31,(anonymous_2)
FNF:3
FNH:0
FNDA:0,init
FNDA:0,(anonymous_1)
FNDA:0,(anonymous_2)
DA:1,0
DA:14,0
DA:15,0
DA:17,0
DA:18,0
DA:21,0
DA:22,0
DA:23,0
DA:24,0
DA:25,0
DA:26,0
DA:29,0
DA:32,0
DA:33,0
DA:37,0
DA:38,0
LF:16
LH:0
BRDA:17,0,0,0
BRDA:17,1,0,0
BRDA:17,1,1,0
BRF:3
BRH:0
end_of_record
TN:
SF:src/mockData.ts
FN:263,(anonymous_0)
FN:325,(anonymous_1)
FN:347,(anonymous_2)
FNF:3
FNH:0
FNDA:0,(anonymous_0)
FNDA:0,(anonymous_1)
FNDA:0,(anonymous_2)
DA:7,0
DA:9,0
DA:32,0
DA:225,0
DA:263,0
DA:264,0
DA:267,0
DA:268,0
DA:272,0
DA:278,0
DA:313,0
DA:325,0
DA:326,0
DA:328,0
DA:329,0
DA:331,0
DA:334,0
DA:347,0
DA:348,0
DA:349,0
DA:350,0
DA:351,0
DA:354,0
LF:23
LH:0
BRDA:267,0,0,0
BRDA:328,1,0,0
BRDA:331,2,0,0
BRDA:331,2,1,0
BRDA:348,3,0,0
BRDA:350,4,0,0
BRF:6
BRH:0
end_of_record
TN:
SF:src/utils.ts
FN:5,(anonymous_0)
FN:20,(anonymous_1)
FN:102,(anonymous_2)
FN:123,(anonymous_3)
FN:144,(anonymous_4)
FN:151,(anonymous_5)
FN:158,(anonymous_6)
FN:166,(anonymous_7)
FN:173,(anonymous_8)
FN:188,(anonymous_9)
FN:192,(anonymous_10)
FN:197,(anonymous_11)
FN:203,(anonymous_12)
FN:208,(anonymous_13)
FN:214,formatWorkTime
FN:245,addToResult
FN:286,parseTimeToMinutes
FN:292,formatMinutesToTime
FN:311,(anonymous_18)
FN:339,(anonymous_19)
FN:380,(anonymous_20)
FN:381,(anonymous_21)
FN:392,(anonymous_22)
FN:419,(anonymous_23)
FN:443,(anonymous_24)
FN:472,(anonymous_25)
FN:473,(anonymous_26)
FN:484,(anonymous_27)
FN:509,UserLocation
FN:515,Deg2Rad
FN:519,PythagorasEquirectangular
FN:538,NearestCity
FN:554,(anonymous_32)
FN:562,(anonymous_33)
FN:566,(anonymous_34)
FN:570,(anonymous_35)
FN:579,(anonymous_36)
FN:582,(anonymous_37)
FN:586,(anonymous_38)
FN:593,(anonymous_39)
FN:599,(anonymous_40)
FN:601,(anonymous_41)
FN:604,(anonymous_42)
FN:607,(anonymous_43)
FN:611,(anonymous_44)
FNF:45
FNH:5
FNDA:0,(anonymous_0)
FNDA:0,(anonymous_1)
FNDA:78,(anonymous_2)
FNDA:0,(anonymous_3)
FNDA:0,(anonymous_4)
FNDA:0,(anonymous_5)
FNDA:0,(anonymous_6)
FNDA:0,(anonymous_7)
FNDA:0,(anonymous_8)
FNDA:0,(anonymous_9)
FNDA:0,(anonymous_10)
FNDA:0,(anonymous_11)
FNDA:0,(anonymous_12)
FNDA:0,(anonymous_13)
FNDA:0,formatWorkTime
FNDA:0,addToResult
FNDA:240,parseTimeToMinutes
FNDA:16,formatMinutesToTime
FNDA:16,(anonymous_18)
FNDA:0,(anonymous_19)
FNDA:9,(anonymous_20)
FNDA:0,(anonymous_21)
FNDA:0,(anonymous_22)
FNDA:0,(anonymous_23)
FNDA:0,(anonymous_24)
FNDA:0,(anonymous_25)
FNDA:0,(anonymous_26)
FNDA:0,(anonymous_27)
FNDA:0,UserLocation
FNDA:0,Deg2Rad
FNDA:0,PythagorasEquirectangular
FNDA:0,NearestCity
FNDA:0,(anonymous_32)
FNDA:0,(anonymous_33)
FNDA:0,(anonymous_34)
FNDA:0,(anonymous_35)
FNDA:0,(anonymous_36)
FNDA:0,(anonymous_37)
FNDA:0,(anonymous_38)
FNDA:0,(anonymous_39)
FNDA:0,(anonymous_40)
FNDA:0,(anonymous_41)
FNDA:0,(anonymous_42)
FNDA:0,(anonymous_43)
FNDA:0,(anonymous_44)
DA:2,5
DA:3,5
DA:5,5
DA:7,0
DA:20,5
DA:23,0
DA:24,0
DA:26,0
DA:29,0
DA:30,0
DA:33,0
DA:34,0
DA:35,0
DA:37,0
DA:38,0
DA:40,0
DA:44,0
DA:46,0
DA:50,5
DA:64,5
DA:78,5
DA:92,5
DA:102,5
DA:103,78
DA:104,78
DA:107,78
DA:108,78
DA:110,78
DA:111,78
DA:112,78
DA:114,78
DA:115,0
DA:116,78
DA:118,8
DA:120,70
DA:123,5
DA:124,0
DA:125,0
DA:128,0
DA:129,0
DA:131,0
DA:132,0
DA:134,0
DA:135,0
DA:136,0
DA:138,0
DA:140,0
DA:144,5
DA:145,0
DA:146,0
DA:148,0
DA:151,5
DA:152,0
DA:153,0
DA:155,0
DA:158,5
DA:159,0
DA:160,0
DA:161,0
DA:163,0
DA:166,5
DA:167,0
DA:168,0
DA:169,0
DA:171,0
DA:173,5
DA:174,0
DA:175,0
DA:178,0
DA:179,0
DA:181,0
DA:182,0
DA:183,0
DA:185,0
DA:188,5
DA:189,0
DA:190,0
DA:192,5
DA:193,0
DA:194,0
DA:197,5
DA:198,0
DA:199,0
DA:200,0
DA:203,5
DA:204,0
DA:205,0
DA:206,0
DA:208,5
DA:209,0
DA:210,0
DA:211,0
DA:214,5
DA:215,0
DA:216,0
DA:218,0
DA:219,0
DA:220,0
DA:221,0
DA:224,0
DA:225,0
DA:227,0
DA:231,0
DA:233,0
DA:234,0
DA:238,0
DA:239,0
DA:242,0
DA:246,0
DA:247,0
DA:251,0
DA:252,0
DA:253,0
DA:265,5
DA:275,5
DA:287,240
DA:288,240
DA:295,16
DA:296,16
DA:297,16
DA:299,16
DA:300,16
DA:301,16
DA:311,5
DA:316,16
DA:317,16
DA:320,16
DA:321,16
DA:322,112
DA:323,112
DA:324,112
DA:327,112
DA:328,32
DA:331,112
DA:332,112
DA:334,112
DA:338,16
DA:339,112
DA:344,16
DA:346,16
DA:348,16
DA:349,16
DA:355,16
DA:357,8
DA:358,8
DA:361,2
DA:368,14
DA:369,14
DA:370,14
DA:373,14
DA:374,5
DA:379,9
DA:380,9
DA:381,0
DA:382,9
DA:383,7
DA:389,2
DA:390,2
DA:392,2
DA:393,0
DA:395,2
DA:399,0
DA:419,5
DA:424,0
DA:425,0
DA:428,0
DA:429,0
DA:430,0
DA:431,0
DA:432,0
DA:433,0
DA:434,0
DA:436,0
DA:437,0
DA:439,0
DA:442,0
DA:443,0
DA:446,0
DA:448,0
DA:450,0
DA:451,0
DA:452,0
DA:453,0
DA:454,0
DA:455,0
DA:464,0
DA:465,0
DA:466,0
DA:467,0
DA:468,0
DA:471,0
DA:472,0
DA:473,0
DA:474,0
DA:475,0
DA:482,0
DA:483,0
DA:484,0
DA:485,0
DA:487,0
DA:492,0
DA:509,5
DA:510,0
DA:516,0
DA:520,0
DA:521,0
DA:522,0
DA:523,0
DA:524,0
DA:525,0
DA:526,0
DA:527,0
DA:528,0
DA:531,5
DA:538,5
DA:539,0
DA:542,0
DA:543,0
DA:544,0
DA:545,0
DA:546,0
DA:551,0
DA:554,5
DA:555,0
DA:556,0
DA:558,0
DA:562,5
DA:563,0
DA:566,5
DA:567,0
DA:570,5
DA:575,0
DA:576,0
DA:579,5
DA:580,0
DA:581,0
DA:582,0
DA:583,0
DA:586,5
DA:587,0
DA:588,0
DA:589,0
DA:590,0
DA:593,5
DA:594,0
DA:595,0
DA:596,0
DA:597,0
DA:599,5
DA:601,0
DA:604,0
DA:607,5
DA:611,0
DA:613,0
DA:616,5
DA:622,5
LF:256
LH:93
BRDA:23,0,0,0
BRDA:23,0,1,0
BRDA:29,1,0,0
BRDA:34,2,0,0
BRDA:34,3,0,0
BRDA:34,3,1,0
BRDA:38,4,0,0
BRDA:38,4,1,0
BRDA:38,4,2,0
BRDA:38,4,3,0
BRDA:38,4,4,0
BRDA:114,5,0,0
BRDA:114,5,1,78
BRDA:116,6,0,8
BRDA:116,6,1,70
BRDA:134,7,0,0
BRDA:134,7,1,0
BRDA:136,8,0,0
BRDA:136,8,1,0
BRDA:219,9,0,0
BRDA:227,10,0,0
BRDA:227,10,1,0
BRDA:228,11,0,0
BRDA:228,11,1,0
BRDA:238,12,0,0
BRDA:246,13,0,0
BRDA:246,13,1,0
BRDA:327,14,0,32
BRDA:331,15,0,112
BRDA:346,16,0,16
BRDA:355,17,0,8
BRDA:358,18,0,2
BRDA:358,19,0,8
BRDA:358,19,1,8
BRDA:368,20,0,14
BRDA:373,21,0,5
BRDA:373,22,0,14
BRDA:373,22,1,7
BRDA:382,23,0,7
BRDA:390,24,0,2
BRDA:390,25,0,2
BRDA:390,25,1,2
BRDA:393,26,0,0
BRDA:393,26,1,0
BRDA:433,27,0,0
BRDA:436,28,0,0
BRDA:448,29,0,0
BRDA:452,30,0,0
BRDA:454,31,0,0
BRDA:454,32,0,0
BRDA:454,32,1,0
BRDA:464,33,0,0
BRDA:467,34,0,0
BRDA:467,35,0,0
BRDA:467,35,1,0
BRDA:474,36,0,0
BRDA:483,37,0,0
BRDA:483,38,0,0
BRDA:483,38,1,0
BRDA:485,39,0,0
BRDA:485,39,1,0
BRDA:544,40,0,0
BRDA:583,41,0,0
BRDA:583,41,1,0
BRDA:586,42,0,0
BRDA:586,43,0,0
BRDA:593,44,0,0
BRDA:622,45,0,5
BRDA:622,45,1,0
BRF:69
BRH:19
end_of_record
TN:
SF:src/vite-env.d.ts
FNF:0
FNH:0
LF:0
LH:0
BRF:0
BRH:0
end_of_record
TN:
SF:src/api/auth.api.ts
FN:10,(anonymous_1)
FN:26,(anonymous_2)
FNF:2
FNH:0
FNDA:0,(anonymous_1)
FNDA:0,(anonymous_2)
DA:1,4
DA:2,4
DA:10,4
DA:11,0
DA:14,0
DA:15,0
DA:17,0
DA:26,4
DA:27,0
LF:9
LH:4
BRDA:14,0,0,0
BRF:1
BRH:0
end_of_record
TN:
SF:src/api/banquet.api.ts
FN:5,(anonymous_1)
FN:15,(anonymous_2)
FNF:2
FNH:0
FNDA:0,(anonymous_1)
FNDA:0,(anonymous_2)
DA:1,0
DA:2,0
DA:5,0
DA:6,0
DA:15,0
DA:16,0
LF:6
LH:0
BRF:0
BRH:0
end_of_record
TN:
SF:src/api/base.ts
FNF:0
FNH:0
DA:1,4
DA:2,4
DA:3,4
DA:4,4
DA:5,4
LF:5
LH:5
BRDA:2,0,0,4
BRDA:2,0,1,0
BRDA:3,1,0,4
BRDA:3,1,1,0
BRDA:4,2,0,4
BRDA:4,2,1,0
BRDA:5,3,0,4
BRDA:5,3,1,0
BRF:8
BRH:4
end_of_record
TN:
SF:src/api/certificates.api.ts
FN:5,(anonymous_1)
FN:17,(anonymous_2)
FN:29,(anonymous_3)
FN:55,(anonymous_4)
FN:65,(anonymous_5)
FN:77,(anonymous_6)
FN:89,(anonymous_7)
FN:101,(anonymous_8)
FNF:8
FNH:0
FNDA:0,(anonymous_1)
FNDA:0,(anonymous_2)
FNDA:0,(anonymous_3)
FNDA:0,(anonymous_4)
FNDA:0,(anonymous_5)
FNDA:0,(anonymous_6)
FNDA:0,(anonymous_7)
FNDA:0,(anonymous_8)
DA:1,0
DA:2,0
DA:5,0
DA:6,0
DA:17,0
DA:18,0
DA:29,0
DA:37,0
DA:55,0
DA:56,0
DA:65,0
DA:66,0
DA:77,0
DA:78,0
DA:89,0
DA:90,0
DA:101,0
DA:102,0
LF:18
LH:0
BRF:0
BRH:0
end_of_record
TN:
SF:src/api/city.api.ts
FN:5,(anonymous_1)
FNF:1
FNH:0
FNDA:0,(anonymous_1)
DA:1,0
DA:2,0
DA:5,0
DA:6,0
LF:4
LH:0
BRF:0
BRH:0
end_of_record
TN:
SF:src/api/config.ts
FN:8,(anonymous_1)
FNF:1
FNH:0
FNDA:0,(anonymous_1)
DA:1,0
DA:2,0
DA:8,0
DA:9,0
LF:4
LH:0
BRF:0
BRH:0
end_of_record
TN:
SF:src/api/events.api.ts
FN:6,(anonymous_1)
FN:14,(anonymous_2)
FN:40,(anonymous_3)
FN:81,(anonymous_4)
FN:92,(anonymous_5)
FN:103,(anonymous_6)
FN:111,(anonymous_7)
FN:119,(anonymous_8)
FN:127,(anonymous_9)
FN:135,(anonymous_10)
FN:174,(anonymous_11)
FN:182,(anonymous_12)
FN:190,(anonymous_13)
FNF:13
FNH:0
FNDA:0,(anonymous_1)
FNDA:0,(anonymous_2)
FNDA:0,(anonymous_3)
FNDA:0,(anonymous_4)
FNDA:0,(anonymous_5)
FNDA:0,(anonymous_6)
FNDA:0,(anonymous_7)
FNDA:0,(anonymous_8)
FNDA:0,(anonymous_9)
FNDA:0,(anonymous_10)
FNDA:0,(anonymous_11)
FNDA:0,(anonymous_12)
FNDA:0,(anonymous_13)
DA:1,2
DA:2,2
DA:6,2
DA:7,0
DA:14,2
DA:20,0
DA:40,2
DA:52,0
DA:81,2
DA:82,0
DA:92,2
DA:93,0
DA:103,2
DA:104,0
DA:111,2
DA:112,0
DA:119,2
DA:120,0
DA:127,2
DA:128,0
DA:135,2
DA:155,0
DA:174,2
DA:175,0
DA:182,2
DA:183,0
DA:190,2
DA:196,0
LF:28
LH:15
BRF:0
BRH:0
end_of_record
TN:
SF:src/api/gastronomy.api.ts
FN:5,(anonymous_1)
FN:16,(anonymous_2)
FN:30,(anonymous_3)
FN:41,(anonymous_4)
FN:55,(anonymous_5)
FN:68,(anonymous_6)
FN:84,(anonymous_7)
FN:96,(anonymous_8)
FNF:8
FNH:0
FNDA:0,(anonymous_1)
FNDA:0,(anonymous_2)
FNDA:0,(anonymous_3)
FNDA:0,(anonymous_4)
FNDA:0,(anonymous_5)
FNDA:0,(anonymous_6)
FNDA:0,(anonymous_7)
FNDA:0,(anonymous_8)
DA:1,0
DA:2,0
DA:5,0
DA:6,0
DA:16,0
DA:17,0
DA:30,0
DA:31,0
DA:41,0
DA:42,0
DA:55,0
DA:56,0
DA:68,0
DA:69,0
DA:84,0
DA:85,0
DA:96,0
DA:97,0
LF:18
LH:0
BRF:0
BRH:0
end_of_record
TN:
SF:src/api/menu.api.ts
FN:9,(anonymous_1)
FNF:1
FNH:0
FNDA:0,(anonymous_1)
DA:1,0
DA:2,0
DA:9,0
DA:10,0
DA:12,0
LF:5
LH:0
BRDA:10,0,0,0
BRDA:10,0,1,0
BRF:2
BRH:0
end_of_record
TN:
SF:src/api/restaurants.api.ts
FN:12,(anonymous_1)
FN:20,(anonymous_2)
FN:31,(anonymous_3)
FN:43,(anonymous_4)
FN:86,(anonymous_5)
FN:97,(anonymous_6)
FN:105,(anonymous_7)
FN:113,(anonymous_8)
FN:121,(anonymous_9)
FN:129,(anonymous_10)
FN:145,(anonymous_11)
FN:153,(anonymous_12)
FN:165,(anonymous_13)
FN:179,(anonymous_14)
FNF:14
FNH:0
FNDA:0,(anonymous_1)
FNDA:0,(anonymous_2)
FNDA:0,(anonymous_3)
FNDA:0,(anonymous_4)
FNDA:0,(anonymous_5)
FNDA:0,(anonymous_6)
FNDA:0,(anonymous_7)
FNDA:0,(anonymous_8)
FNDA:0,(anonymous_9)
FNDA:0,(anonymous_10)
FNDA:0,(anonymous_11)
FNDA:0,(anonymous_12)
FNDA:0,(anonymous_13)
FNDA:0,(anonymous_14)
DA:1,2
DA:2,2
DA:12,2
DA:13,0
DA:20,2
DA:21,0
DA:31,2
DA:32,0
DA:43,2
DA:60,0
DA:86,2
DA:87,0
DA:97,2
DA:98,0
DA:105,2
DA:106,0
DA:113,2
DA:114,0
DA:121,2
DA:122,0
DA:129,2
DA:130,0
DA:145,2
DA:146,0
DA:153,2
DA:154,0
DA:165,2
DA:166,0
DA:179,2
DA:180,0
LF:30
LH:16
BRDA:70,0,0,0
BRDA:70,0,1,0
BRF:2
BRH:0
end_of_record
TN:
SF:src/api/stories.api.ts
FN:5,(anonymous_1)
FNF:1
FNH:0
FNDA:0,(anonymous_1)
DA:1,2
DA:3,2
DA:5,2
DA:6,0
LF:4
LH:3
BRF:0
BRH:0
end_of_record
TN:
SF:src/api/user.api.ts
FN:5,(anonymous_1)
FN:31,(anonymous_2)
FN:41,(anonymous_3)
FN:55,(anonymous_4)
FN:70,(anonymous_5)
FNF:5
FNH:0
FNDA:0,(anonymous_1)
FNDA:0,(anonymous_2)
FNDA:0,(anonymous_3)
FNDA:0,(anonymous_4)
FNDA:0,(anonymous_5)
DA:1,0
DA:2,0
DA:5,0
DA:16,0
DA:17,0
DA:18,0
DA:19,0
DA:20,0
DA:21,0
DA:22,0
DA:24,0
DA:31,0
DA:34,0
DA:41,0
DA:42,0
DA:55,0
DA:56,0
DA:70,0
DA:71,0
LF:19
LH:0
BRDA:17,0,0,0
BRDA:17,0,1,0
BRDA:18,1,0,0
BRDA:18,1,1,0
BRDA:19,2,0,0
BRDA:19,2,1,0
BRDA:20,3,0,0
BRDA:20,3,1,0
BRDA:21,4,0,0
BRDA:21,4,1,0
BRDA:22,5,0,0
BRDA:22,5,1,0
BRDA:55,6,0,0
BRF:13
BRH:0
end_of_record
TN:
SF:src/atoms/backButtonAtom.ts
FNF:0
FNH:0
DA:1,2
DA:3,2
LF:2
LH:2
BRF:0
BRH:0
end_of_record
TN:
SF:src/atoms/bookingCommAtom.ts
FN:6,(anonymous_0)
FN:7,(anonymous_1)
FN:12,(anonymous_2)
FNF:3
FNH:0
FNDA:0,(anonymous_0)
FNDA:0,(anonymous_1)
FNDA:0,(anonymous_2)
DA:1,1
DA:3,1
DA:5,1
DA:6,0
DA:8,0
DA:9,0
DA:12,0
LF:7
LH:3
BRDA:9,0,0,0
BRDA:9,0,1,0
BRF:2
BRH:0
end_of_record
TN:
SF:src/atoms/bookingInfoAtom.ts
FNF:0
FNH:0
DA:1,0
DA:15,0
DA:16,0
DA:20,0
DA:24,0
LF:5
LH:0
BRF:0
BRH:0
end_of_record
TN:
SF:src/atoms/certificatesListAtom.ts
FNF:0
FNH:0
DA:1,3
DA:4,3
LF:2
LH:2
BRF:0
BRH:0
end_of_record
TN:
SF:src/atoms/cityListAtom.ts
FN:15,(anonymous_0)
FN:18,(anonymous_1)
FNF:2
FNH:0
FNDA:0,(anonymous_0)
FNDA:0,(anonymous_1)
DA:1,3
DA:2,3
DA:13,3
DA:15,3
DA:16,0
DA:17,0
DA:18,0
LF:7
LH:4
BRF:0
BRH:0
end_of_record
TN:
SF:src/atoms/currentCityAtom.ts
FN:8,(anonymous_0)
FN:11,(anonymous_1)
FNF:2
FNH:1
FNDA:21,(anonymous_0)
FNDA:0,(anonymous_1)
DA:1,3
DA:3,3
DA:7,3
DA:9,21
DA:12,0
DA:13,0
LF:6
LH:4
BRDA:4,0,0,3
BRDA:4,0,1,3
BRF:2
BRH:2
end_of_record
TN:
SF:src/atoms/dishesListAtom.ts
FNF:0
FNH:0
DA:1,1
DA:4,1
DA:5,1
LF:3
LH:3
BRF:0
BRH:0
end_of_record
TN:
SF:src/atoms/eventListAtom.ts
FNF:0
FNH:0
DA:1,2
DA:4,2
DA:5,2
DA:15,2
DA:17,2
LF:5
LH:5
BRF:0
BRH:0
end_of_record
TN:
SF:src/atoms/gastronomyCartAtom.ts
FNF:0
FNH:0
DA:1,2
DA:19,2
LF:2
LH:2
BRF:0
BRH:0
end_of_record
TN:
SF:src/atoms/localStoriesListAtom.ts
FNF:0
FNH:0
DA:2,2
DA:13,2
LF:2
LH:2
BRF:0
BRH:0
end_of_record
TN:
SF:src/atoms/navigationHistoryAtom.ts
FNF:0
FNH:0
DA:1,5
DA:6,5
LF:2
LH:2
BRF:0
BRH:0
end_of_record
TN:
SF:src/atoms/restaurantMenuAtom.ts
FNF:0
FNH:0
DA:1,0
DA:9,0
LF:2
LH:0
BRF:0
BRH:0
end_of_record
TN:
SF:src/atoms/restaurantsListAtom.ts
FNF:0
FNH:0
DA:1,3
DA:4,3
LF:2
LH:2
BRF:0
BRH:0
end_of_record
TN:
SF:src/atoms/toastAtom.ts
FN:29,(anonymous_0)
FN:34,(anonymous_1)
FN:35,(anonymous_2)
FNF:3
FNH:3
FNDA:16,(anonymous_0)
FNDA:2,(anonymous_1)
FNDA:2,(anonymous_2)
DA:1,3
DA:17,3
DA:29,3
DA:30,16
DA:31,16
DA:34,16
DA:35,2
LF:7
LH:7
BRDA:30,0,0,16
BRDA:30,0,1,12
BRF:2
BRH:2
end_of_record
TN:
SF:src/atoms/userAtom.ts
FNF:0
FNH:0
DA:1,7
DA:9,7
DA:10,7
DA:12,7
LF:4
LH:4
BRF:0
BRH:0
end_of_record
TN:
SF:src/components/App.tsx
FN:85,(anonymous_0)
FN:118,(anonymous_1)
FN:120,(anonymous_2)
FN:123,(anonymous_3)
FN:128,(anonymous_4)
FN:133,(anonymous_5)
FN:138,(anonymous_6)
FN:143,(anonymous_7)
FN:149,(anonymous_8)
FN:288,App
FN:290,(anonymous_10)
FNF:11
FNH:0
FNDA:0,(anonymous_0)
FNDA:0,(anonymous_1)
FNDA:0,(anonymous_2)
FNDA:0,(anonymous_3)
FNDA:0,(anonymous_4)
FNDA:0,(anonymous_5)
FNDA:0,(anonymous_6)
FNDA:0,(anonymous_7)
FNDA:0,(anonymous_8)
FNDA:0,App
FNDA:0,(anonymous_10)
DA:1,0
DA:2,0
DA:3,0
DA:4,0
DA:5,0
DA:6,0
DA:8,0
DA:9,0
DA:10,0
DA:11,0
DA:12,0
DA:13,0
DA:15,0
DA:16,0
DA:17,0
DA:18,0
DA:19,0
DA:20,0
DA:22,0
DA:23,0
DA:24,0
DA:25,0
DA:26,0
DA:28,0
DA:29,0
DA:30,0
DA:31,0
DA:32,0
DA:33,0
DA:34,0
DA:35,0
DA:36,0
DA:37,0
DA:38,0
DA:39,0
DA:40,0
DA:41,0
DA:42,0
DA:43,0
DA:44,0
DA:45,0
DA:46,0
DA:47,0
DA:48,0
DA:49,0
DA:50,0
DA:51,0
DA:52,0
DA:53,0
DA:54,0
DA:55,0
DA:56,0
DA:57,0
DA:58,0
DA:59,0
DA:60,0
DA:61,0
DA:62,0
DA:63,0
DA:64,0
DA:65,0
DA:66,0
DA:67,0
DA:68,0
DA:69,0
DA:70,0
DA:71,0
DA:72,0
DA:73,0
DA:74,0
DA:75,0
DA:76,0
DA:77,0
DA:78,0
DA:79,0
DA:80,0
DA:81,0
DA:82,0
DA:83,0
DA:85,0
DA:86,0
DA:87,0
DA:88,0
DA:89,0
DA:90,0
DA:91,0
DA:92,0
DA:94,0
DA:118,0
DA:119,0
DA:120,0
DA:122,0
DA:123,0
DA:127,0
DA:128,0
DA:132,0
DA:133,0
DA:137,0
DA:138,0
DA:142,0
DA:143,0
DA:149,0
DA:150,0
DA:153,0
DA:288,0
DA:289,0
DA:290,0
DA:291,0
DA:293,0
DA:294,0
LF:110
LH:0
BRDA:119,0,0,0
BRDA:119,1,0,0
BRDA:119,1,1,0
BRDA:154,2,0,0
BRDA:154,2,1,0
BRDA:158,3,0,0
BRDA:158,3,1,0
BRDA:295,4,0,0
BRDA:295,4,1,0
BRDA:296,5,0,0
BRDA:296,5,1,0
BRF:11
BRH:0
end_of_record
TN:
SF:src/components/EnvUnsupported.tsx
FN:6,EnvUnsupported
FN:7,(anonymous_2)
FNF:2
FNH:0
FNDA:0,EnvUnsupported
FNDA:0,(anonymous_2)
DA:1,0
DA:2,0
DA:3,0
DA:4,0
DA:6,0
DA:7,0
DA:8,0
DA:9,0
DA:10,0
DA:11,0
DA:12,0
DA:17,0
DA:20,0
LF:13
LH:0
BRDA:22,0,0,0
BRDA:22,0,1,0
BRDA:23,1,0,0
BRDA:23,1,1,0
BRF:4
BRH:0
end_of_record
TN:
SF:src/components/ErrorBoundary.tsx
FN:27,(anonymous_0)
FN:29,(anonymous_1)
FN:33,(anonymous_2)
FNF:3
FNH:0
FNDA:0,(anonymous_0)
FNDA:0,(anonymous_1)
FNDA:0,(anonymous_2)
DA:1,0
DA:17,0
DA:21,0
DA:27,0
DA:30,0
DA:37,0
DA:39,0
LF:7
LH:0
BRDA:39,0,0,0
BRDA:39,0,1,0
BRDA:40,1,0,0
BRDA:40,1,1,0
BRF:4
BRH:0
end_of_record
TN:
SF:src/components/Page.tsx
FN:5,Page
FN:16,(anonymous_1)
FN:19,(anonymous_2)
FNF:3
FNH:2
FNDA:19,Page
FNDA:10,(anonymous_1)
FNDA:0,(anonymous_2)
DA:1,4
DA:2,4
DA:3,4
DA:5,4
DA:14,19
DA:16,19
DA:17,10
DA:18,10
DA:19,10
DA:20,0
DA:23,0
DA:26,19
LF:12
LH:10
BRDA:7,0,0,0
BRDA:17,1,0,10
BRF:2
BRH:1
end_of_record
TN:
SF:src/components/Accordion/AccordionComponent.tsx
FN:13,(anonymous_1)
FN:17,(anonymous_2)
FN:17,(anonymous_3)
FNF:3
FNH:1
FNDA:7,(anonymous_1)
FNDA:0,(anonymous_2)
FNDA:0,(anonymous_3)
DA:1,1
DA:2,1
DA:3,1
DA:4,1
DA:5,1
DA:13,1
DA:14,7
DA:15,7
DA:17,0
DA:28,1
LF:10
LH:9
BRDA:19,0,0,7
BRDA:19,0,1,0
BRF:2
BRH:1
end_of_record
TN:
SF:src/components/AddToCalendarButton/AddToCalendarButton.tsx
FN:5,(anonymous_0)
FN:6,(anonymous_1)
FN:22,(anonymous_2)
FNF:3
FNH:0
FNDA:0,(anonymous_0)
FNDA:0,(anonymous_1)
FNDA:0,(anonymous_2)
DA:2,0
DA:3,0
DA:5,0
DA:6,0
DA:7,0
DA:22,0
DA:23,0
DA:24,0
DA:25,0
DA:29,0
DA:32,0
DA:35,0
DA:36,0
DA:37,0
DA:38,0
DA:39,0
DA:41,0
DA:49,0
DA:53,0
DA:56,0
LF:20
LH:0
BRDA:23,0,0,0
BRF:1
BRH:0
end_of_record
TN:
SF:src/components/AgeVerificationPopup/AgeVerificationPopup.tsx
FN:12,(anonymous_1)
FN:16,(anonymous_2)
FNF:2
FNH:0
FNDA:0,(anonymous_1)
FNDA:0,(anonymous_2)
DA:2,0
DA:3,0
DA:4,0
DA:12,0
DA:13,0
DA:17,0
LF:6
LH:0
BRF:0
BRH:0
end_of_record
TN:
SF:src/components/AppLoadingScreen/AppLoadingScreen.tsx
FN:11,(anonymous_1)
FN:15,(anonymous_2)
FN:20,(anonymous_3)
FN:23,(anonymous_4)
FN:27,(anonymous_5)
FN:28,(anonymous_6)
FN:32,(anonymous_7)
FNF:7
FNH:1
FNDA:30,(anonymous_1)
FNDA:0,(anonymous_2)
FNDA:0,(anonymous_3)
FNDA:0,(anonymous_4)
FNDA:0,(anonymous_5)
FNDA:0,(anonymous_6)
FNDA:0,(anonymous_7)
DA:1,4
DA:2,4
DA:3,4
DA:5,4
DA:7,4
DA:9,4
DA:11,4
DA:12,30
DA:15,4
DA:16,0
DA:17,0
DA:18,0
DA:19,0
DA:20,0
DA:21,0
DA:22,0
DA:24,0
DA:25,0
DA:28,0
DA:29,0
DA:33,0
DA:38,0
LF:22
LH:9
BRDA:21,0,0,0
BRF:1
BRH:0
end_of_record
TN:
SF:src/components/BannerPopup/BannerPopup.tsx
FN:34,(anonymous_1)
FN:38,(anonymous_2)
FN:42,(anonymous_3)
FN:44,(anonymous_4)
FNF:4
FNH:0
FNDA:0,(anonymous_1)
FNDA:0,(anonymous_2)
FNDA:0,(anonymous_3)
FNDA:0,(anonymous_4)
DA:1,0
DA:2,0
DA:3,0
DA:5,0
DA:6,0
DA:7,0
DA:8,0
DA:9,0
DA:14,0
DA:34,0
DA:35,0
DA:36,0
DA:38,0
DA:39,0
DA:40,0
DA:42,0
DA:43,0
DA:44,0
DA:46,0
DA:55,0
DA:56,0
LF:21
LH:0
BRDA:43,0,0,0
BRDA:55,1,0,0
BRF:2
BRH:0
end_of_record
TN:
SF:src/components/BanquetCheckbox/BanquetCheckbox.tsx
FN:11,(anonymous_1)
FNF:1
FNH:0
FNDA:0,(anonymous_1)
DA:2,0
DA:3,0
DA:11,0
DA:12,0
LF:4
LH:0
BRDA:14,0,0,0
BRDA:14,0,1,0
BRDA:15,1,0,0
BRDA:15,1,1,0
BRF:4
BRH:0
end_of_record
TN:
SF:src/components/BanquetDatepicker/BanquetDatepicker.tsx
FN:15,(anonymous_1)
FN:33,(anonymous_2)
FN:37,(anonymous_3)
FN:47,(anonymous_4)
FN:52,(anonymous_5)
FN:65,(anonymous_6)
FN:76,(anonymous_7)
FN:80,(anonymous_8)
FN:87,(anonymous_9)
FN:88,(anonymous_10)
FN:108,(anonymous_11)
FN:137,(anonymous_12)
FN:142,(anonymous_13)
FN:156,(anonymous_14)
FNF:14
FNH:0
FNDA:0,(anonymous_1)
FNDA:0,(anonymous_2)
FNDA:0,(anonymous_3)
FNDA:0,(anonymous_4)
FNDA:0,(anonymous_5)
FNDA:0,(anonymous_6)
FNDA:0,(anonymous_7)
FNDA:0,(anonymous_8)
FNDA:0,(anonymous_9)
FNDA:0,(anonymous_10)
FNDA:0,(anonymous_11)
FNDA:0,(anonymous_12)
FNDA:0,(anonymous_13)
FNDA:0,(anonymous_14)
DA:1,1
DA:2,1
DA:3,1
DA:13,1
DA:15,1
DA:21,0
DA:22,0
DA:23,0
DA:24,0
DA:25,0
DA:27,0
DA:29,0
DA:30,0
DA:31,0
DA:33,0
DA:34,0
DA:37,0
DA:38,0
DA:39,0
DA:41,0
DA:42,0
DA:44,0
DA:47,0
DA:48,0
DA:49,0
DA:52,0
DA:53,0
DA:55,0
DA:56,0
DA:57,0
DA:58,0
DA:59,0
DA:61,0
DA:62,0
DA:65,0
DA:66,0
DA:67,0
DA:68,0
DA:69,0
DA:70,0
DA:72,0
DA:73,0
DA:76,0
DA:77,0
DA:80,0
DA:81,0
DA:82,0
DA:83,0
DA:84,0
DA:87,0
DA:88,0
DA:89,0
DA:90,0
DA:91,0
DA:92,0
DA:94,0
DA:104,0
DA:108,0
DA:115,0
DA:116,0
DA:117,0
DA:118,0
DA:121,0
DA:135,0
DA:137,0
DA:138,0
DA:139,0
DA:142,0
DA:143,0
DA:146,0
DA:157,0
LF:71
LH:5
BRDA:21,0,0,0
BRDA:21,0,1,0
BRDA:34,1,0,0
BRDA:34,1,1,0
BRDA:49,2,0,0
BRDA:49,2,1,0
BRDA:53,3,0,0
BRDA:57,4,0,0
BRDA:68,5,0,0
BRDA:81,6,0,0
BRDA:82,7,0,0
BRDA:82,8,0,0
BRDA:82,8,1,0
BRDA:97,9,0,0
BRDA:97,9,1,0
BRDA:98,10,0,0
BRDA:98,10,1,0
BRDA:99,11,0,0
BRDA:99,11,1,0
BRDA:99,12,0,0
BRDA:99,12,1,0
BRDA:138,13,0,0
BRDA:143,14,0,0
BRDA:165,15,0,0
BRDA:165,15,1,0
BRF:25
BRH:0
end_of_record
TN:
SF:src/components/BanquetGallery/BanquetGallery.tsx
FN:28,(anonymous_1)
FN:31,(anonymous_2)
FN:36,(anonymous_3)
FN:37,(anonymous_4)
FN:46,(anonymous_5)
FN:47,(anonymous_6)
FN:56,(anonymous_7)
FN:82,(anonymous_8)
FNF:8
FNH:2
FNDA:2,(anonymous_1)
FNDA:0,(anonymous_2)
FNDA:0,(anonymous_3)
FNDA:0,(anonymous_4)
FNDA:0,(anonymous_5)
FNDA:0,(anonymous_6)
FNDA:2,(anonymous_7)
FNDA:0,(anonymous_8)
DA:1,1
DA:2,1
DA:3,1
DA:4,1
DA:5,1
DA:6,1
DA:7,1
DA:16,1
DA:28,1
DA:29,2
DA:31,2
DA:32,0
DA:33,0
DA:36,2
DA:37,0
DA:38,0
DA:39,0
DA:41,0
DA:46,2
DA:47,0
DA:48,0
DA:49,0
DA:51,0
DA:56,2
DA:57,2
DA:60,2
DA:82,0
DA:106,1
LF:28
LH:17
BRDA:38,0,0,0
BRDA:38,0,1,0
BRDA:48,1,0,0
BRDA:48,1,1,0
BRDA:67,2,0,2
BRDA:67,2,1,0
BRDA:92,3,0,2
BRDA:92,3,1,0
BRF:8
BRH:2
end_of_record
TN:
SF:src/components/BanquetOptionsPopup/BanquetOpitonsPopup.tsx
FN:35,(anonymous_1)
FN:45,(anonymous_2)
FN:54,(anonymous_3)
FN:60,(anonymous_4)
FN:77,(anonymous_5)
FN:79,(anonymous_6)
FNF:6
FNH:0
FNDA:0,(anonymous_1)
FNDA:0,(anonymous_2)
FNDA:0,(anonymous_3)
FNDA:0,(anonymous_4)
FNDA:0,(anonymous_5)
FNDA:0,(anonymous_6)
DA:1,0
DA:2,0
DA:3,0
DA:4,0
DA:5,0
DA:6,0
DA:8,0
DA:9,0
DA:20,0
DA:35,0
DA:43,0
DA:46,0
DA:47,0
DA:54,0
DA:55,0
DA:56,0
DA:60,0
DA:61,0
DA:68,0
DA:78,0
DA:80,0
DA:99,0
LF:22
LH:0
BRDA:55,0,0,0
BRDA:55,1,0,0
BRDA:55,1,1,0
BRDA:84,2,0,0
BRDA:84,2,1,0
BRF:5
BRH:0
end_of_record
TN:
SF:src/components/BookingCard/BookingCard.tsx
FN:18,(anonymous_1)
FN:36,(anonymous_2)
FNF:2
FNH:0
FNDA:0,(anonymous_1)
FNDA:0,(anonymous_2)
DA:1,0
DA:3,0
DA:4,0
DA:5,0
DA:18,0
DA:28,0
DA:36,0
LF:7
LH:0
BRDA:33,0,0,0
BRDA:33,0,1,0
BRDA:33,1,0,0
BRDA:33,1,1,0
BRDA:35,2,0,0
BRDA:35,2,1,0
BRDA:41,3,0,0
BRDA:41,3,1,0
BRDA:41,4,0,0
BRDA:41,4,1,0
BRF:10
BRH:0
end_of_record
TN:
SF:src/components/BookingCertificate/BookingCertificate.tsx
FN:9,(anonymous_1)
FNF:1
FNH:0
FNDA:0,(anonymous_1)
DA:1,0
DA:2,0
DA:9,0
DA:10,0
DA:27,0
LF:5
LH:0
BRF:0
BRH:0
end_of_record
TN:
SF:src/components/BookingErrorPopup/BookingErrorPopup.tsx
FN:30,(anonymous_1)
FN:31,(anonymous_2)
FN:34,(anonymous_3)
FN:40,(anonymous_4)
FN:45,(anonymous_5)
FN:47,(anonymous_6)
FN:51,(anonymous_7)
FN:57,(anonymous_8)
FN:66,(anonymous_9)
FNF:9
FNH:0
FNDA:0,(anonymous_1)
FNDA:0,(anonymous_2)
FNDA:0,(anonymous_3)
FNDA:0,(anonymous_4)
FNDA:0,(anonymous_5)
FNDA:0,(anonymous_6)
FNDA:0,(anonymous_7)
FNDA:0,(anonymous_8)
FNDA:0,(anonymous_9)
DA:1,0
DA:2,0
DA:3,0
DA:4,0
DA:5,0
DA:6,0
DA:8,0
DA:30,0
DA:31,0
DA:32,0
DA:34,0
DA:35,0
DA:36,0
DA:38,0
DA:40,0
DA:41,0
DA:45,0
DA:46,0
DA:47,0
DA:51,0
DA:52,0
DA:53,0
DA:57,0
DA:58,0
DA:59,0
DA:62,0
DA:66,0
DA:67,0
DA:68,0
DA:71,0
DA:75,0
LF:31
LH:0
BRDA:35,0,0,0
BRDA:35,0,1,0
BRDA:46,1,0,0
BRDA:52,2,0,0
BRDA:58,3,0,0
BRDA:58,3,1,0
BRDA:67,4,0,0
BRDA:67,4,1,0
BRDA:80,5,0,0
BRDA:80,5,1,0
BRDA:85,6,0,0
BRDA:85,6,1,0
BRDA:89,7,0,0
BRDA:89,7,1,0
BRDA:90,8,0,0
BRDA:90,8,1,0
BRDA:90,9,0,0
BRDA:90,9,1,0
BRF:18
BRH:0
end_of_record
TN:
SF:src/components/BookingInfoPopup/BookingInfoPopup.tsx
FN:30,(anonymous_1)
FN:31,(anonymous_2)
FN:34,(anonymous_3)
FN:40,(anonymous_4)
FN:64,(anonymous_5)
FNF:5
FNH:0
FNDA:0,(anonymous_1)
FNDA:0,(anonymous_2)
FNDA:0,(anonymous_3)
FNDA:0,(anonymous_4)
FNDA:0,(anonymous_5)
DA:1,0
DA:2,0
DA:3,0
DA:4,0
DA:5,0
DA:7,0
DA:8,0
DA:11,0
DA:30,0
DA:31,0
DA:34,0
DA:35,0
DA:36,0
DA:38,0
DA:40,0
DA:41,0
DA:45,0
DA:64,0
LF:18
LH:0
BRDA:35,0,0,0
BRDA:35,0,1,0
BRF:2
BRH:0
end_of_record
TN:
SF:src/components/BookingReminder/BookingReminder.tsx
FN:35,(anonymous_1)
FN:56,(anonymous_2)
FN:59,(anonymous_3)
FN:77,(anonymous_4)
FN:80,(anonymous_5)
FN:84,(anonymous_6)
FNF:6
FNH:0
FNDA:0,(anonymous_1)
FNDA:0,(anonymous_2)
FNDA:0,(anonymous_3)
FNDA:0,(anonymous_4)
FNDA:0,(anonymous_5)
FNDA:0,(anonymous_6)
DA:1,2
DA:2,2
DA:6,2
DA:8,2
DA:9,2
DA:10,2
DA:11,2
DA:12,2
DA:14,2
DA:16,2
DA:35,2
DA:36,0
DA:37,0
DA:56,2
DA:57,0
DA:58,0
DA:60,0
DA:61,0
DA:63,0
DA:69,0
DA:70,0
DA:76,0
DA:78,0
DA:81,0
DA:84,0
LF:25
LH:12
BRDA:60,0,0,0
BRDA:60,0,1,0
BRDA:69,1,0,0
BRDA:84,2,0,0
BRDA:84,2,1,0
BRDA:88,3,0,0
BRDA:88,3,1,0
BRDA:90,4,0,0
BRDA:90,4,1,0
BRDA:105,5,0,0
BRDA:105,5,1,0
BRDA:111,6,0,0
BRDA:111,6,1,0
BRF:13
BRH:0
end_of_record
TN:
SF:src/components/BookingSpecialPopup/BookingSpecialPopup.tsx
FN:33,(anonymous_1)
FN:34,(anonymous_2)
FN:37,(anonymous_3)
FN:43,(anonymous_4)
FN:60,(anonymous_5)
FN:83,(anonymous_6)
FNF:6
FNH:0
FNDA:0,(anonymous_1)
FNDA:0,(anonymous_2)
FNDA:0,(anonymous_3)
FNDA:0,(anonymous_4)
FNDA:0,(anonymous_5)
FNDA:0,(anonymous_6)
DA:1,0
DA:2,0
DA:3,0
DA:4,0
DA:5,0
DA:7,0
DA:8,0
DA:11,0
DA:33,0
DA:34,0
DA:37,0
DA:38,0
DA:39,0
DA:41,0
DA:43,0
DA:44,0
DA:60,0
DA:61,0
DA:64,0
DA:83,0
LF:20
LH:0
BRDA:38,0,0,0
BRDA:38,0,1,0
BRF:2
BRH:0
end_of_record
TN:
SF:src/components/BookingWish/BookingWish.tsx
FN:30,(anonymous_1)
FN:51,(anonymous_2)
FN:54,(anonymous_3)
FN:59,(anonymous_4)
FN:64,(anonymous_5)
FN:71,(anonymous_6)
FNF:6
FNH:0
FNDA:0,(anonymous_1)
FNDA:0,(anonymous_2)
FNDA:0,(anonymous_3)
FNDA:0,(anonymous_4)
FNDA:0,(anonymous_5)
FNDA:0,(anonymous_6)
DA:1,0
DA:2,0
DA:3,0
DA:5,0
DA:6,0
DA:7,0
DA:8,0
DA:9,0
DA:10,0
DA:11,0
DA:12,0
DA:14,0
DA:16,0
DA:17,0
DA:30,0
DA:40,0
DA:41,0
DA:51,0
DA:54,0
DA:59,0
DA:65,0
DA:66,0
DA:68,0
DA:72,0
LF:24
LH:0
BRDA:47,0,0,0
BRDA:47,0,1,0
BRDA:62,1,0,0
BRDA:62,1,1,0
BRDA:65,2,0,0
BRDA:65,2,1,0
BRF:6
BRH:0
end_of_record
TN:
SF:src/components/BottomButtonWrapper/BottomButtonWrapper.tsx
FN:17,(anonymous_1)
FNF:1
FNH:1
FNDA:4,(anonymous_1)
DA:2,2
DA:3,2
DA:16,2
DA:17,2
DA:27,4
LF:5
LH:5
BRDA:23,0,0,0
BRDA:24,1,0,4
BRDA:25,2,0,4
BRDA:33,3,0,0
BRDA:33,3,1,4
BRDA:34,4,0,4
BRDA:34,4,1,0
BRDA:35,5,0,4
BRDA:35,5,1,0
BRDA:41,6,0,4
BRDA:41,6,1,0
BRF:11
BRH:6
end_of_record
TN:
SF:src/components/Buttons/UniversalButton/UniversalButton.tsx
FN:17,(anonymous_1)
FN:40,(anonymous_2)
FNF:2
FNH:2
FNDA:34,(anonymous_1)
FNDA:6,(anonymous_2)
DA:2,3
DA:3,3
DA:4,3
DA:17,3
DA:18,34
DA:40,6
LF:6
LH:6
BRDA:20,0,0,0
BRDA:20,0,1,34
BRDA:26,1,0,0
BRDA:26,1,1,0
BRDA:27,2,0,0
BRDA:27,2,1,0
BRDA:37,3,0,30
BRDA:37,3,1,4
BRDA:38,4,0,34
BRDA:38,4,1,0
BRDA:40,5,0,6
BRDA:40,5,1,0
BRF:12
BRH:5
end_of_record
TN:
SF:src/components/CallRestaurantPopup/CallRestaurantPopup.tsx
FN:26,(anonymous_1)
FN:27,(anonymous_2)
FN:51,(anonymous_3)
FNF:3
FNH:0
FNDA:0,(anonymous_1)
FNDA:0,(anonymous_2)
FNDA:0,(anonymous_3)
DA:2,0
DA:3,0
DA:4,0
DA:5,0
DA:6,0
DA:14,0
DA:26,0
DA:27,0
DA:29,0
DA:51,0
LF:10
LH:0
BRF:0
BRH:0
end_of_record
TN:
SF:src/components/CartItem/CartItem.tsx
FN:19,(anonymous_1)
FNF:1
FNH:1
FNDA:36,(anonymous_1)
DA:2,1
DA:3,1
DA:4,1
DA:5,1
DA:19,1
DA:29,36
DA:30,36
LF:7
LH:7
BRDA:42,0,0,36
BRDA:42,0,1,36
BRF:2
BRH:2
end_of_record
TN:
SF:src/components/Certificate/Certificate.tsx
FN:19,(anonymous_1)
FNF:1
FNH:1
FNDA:4,(anonymous_1)
DA:2,1
DA:4,1
DA:6,1
DA:7,1
DA:19,1
DA:28,4
LF:6
LH:6
BRDA:44,0,0,4
BRDA:44,0,1,0
BRF:2
BRH:1
end_of_record
TN:
SF:src/components/CertificatesSelector/CertificatesSelector.tsx
FN:22,(anonymous_1)
FN:43,(anonymous_2)
FN:47,(anonymous_3)
FN:77,(anonymous_4)
FN:86,(anonymous_5)
FN:87,(anonymous_6)
FN:94,(anonymous_7)
FN:95,(anonymous_8)
FN:103,(anonymous_9)
FN:104,(anonymous_10)
FN:105,(anonymous_11)
FN:122,(anonymous_12)
FN:125,(anonymous_13)
FN:134,(anonymous_14)
FN:140,(anonymous_15)
FN:141,(anonymous_16)
FN:163,(anonymous_17)
FN:166,(anonymous_18)
FNF:18
FNH:11
FNDA:3,(anonymous_1)
FNDA:2,(anonymous_2)
FNDA:0,(anonymous_3)
FNDA:2,(anonymous_4)
FNDA:1,(anonymous_5)
FNDA:3,(anonymous_6)
FNDA:0,(anonymous_7)
FNDA:0,(anonymous_8)
FNDA:0,(anonymous_9)
FNDA:0,(anonymous_10)
FNDA:0,(anonymous_11)
FNDA:2,(anonymous_12)
FNDA:1,(anonymous_13)
FNDA:1,(anonymous_14)
FNDA:1,(anonymous_15)
FNDA:1,(anonymous_16)
FNDA:6,(anonymous_17)
FNDA:0,(anonymous_18)
DA:5,1
DA:6,1
DA:7,1
DA:8,1
DA:9,1
DA:10,1
DA:11,1
DA:12,1
DA:22,1
DA:23,3
DA:43,1
DA:44,2
DA:47,0
DA:77,1
DA:78,2
DA:79,2
DA:81,2
DA:86,2
DA:87,3
DA:94,2
DA:95,0
DA:103,2
DA:104,0
DA:105,0
DA:106,0
DA:107,0
DA:108,0
DA:111,0
DA:112,0
DA:122,2
DA:123,2
DA:124,2
DA:125,1
DA:127,2
DA:134,2
DA:135,1
DA:136,1
DA:137,1
DA:138,1
DA:139,1
DA:140,1
DA:141,1
DA:144,1
DA:145,1
DA:146,1
DA:151,2
DA:152,0
DA:155,2
DA:164,6
DA:166,0
LF:50
LH:39
BRDA:51,0,0,2
BRDA:51,0,1,1
BRDA:95,1,0,0
BRDA:95,1,1,0
BRDA:104,2,0,0
BRDA:104,2,1,0
BRDA:106,3,0,0
BRDA:111,4,0,0
BRDA:111,4,1,0
BRDA:124,5,0,1
BRDA:125,6,0,1
BRDA:125,6,1,0
BRDA:135,7,0,1
BRDA:135,8,0,1
BRDA:135,8,1,1
BRDA:139,9,0,1
BRDA:140,10,0,1
BRDA:140,10,1,0
BRDA:144,11,0,1
BRDA:144,12,0,1
BRDA:144,12,1,1
BRDA:151,13,0,0
BRF:22
BRH:12
end_of_record
TN:
SF:src/components/CheckBoxInput/CheckBoxInput.tsx
FN:13,(anonymous_1)
FNF:1
FNH:1
FNDA:2,(anonymous_1)
DA:2,1
DA:3,1
DA:4,1
DA:13,1
DA:14,2
LF:5
LH:5
BRDA:16,0,0,1
BRDA:16,0,1,1
BRDA:17,1,0,2
BRDA:17,1,1,1
BRF:4
BRH:4
end_of_record
TN:
SF:src/components/CitySelect/CitySelect.tsx
FN:17,(anonymous_1)
FN:19,(anonymous_2)
FN:25,(anonymous_3)
FN:28,(anonymous_4)
FN:32,(anonymous_5)
FN:37,(anonymous_6)
FN:52,(anonymous_7)
FN:52,(anonymous_8)
FN:64,(anonymous_9)
FN:65,(anonymous_10)
FNF:10
FNH:3
FNDA:43,(anonymous_1)
FNDA:0,(anonymous_2)
FNDA:0,(anonymous_3)
FNDA:0,(anonymous_4)
FNDA:0,(anonymous_5)
FNDA:21,(anonymous_6)
FNDA:0,(anonymous_7)
FNDA:0,(anonymous_8)
FNDA:62,(anonymous_9)
FNDA:0,(anonymous_10)
DA:2,2
DA:3,2
DA:4,2
DA:5,2
DA:6,2
DA:7,2
DA:8,2
DA:17,2
DA:18,43
DA:19,43
DA:20,0
DA:24,0
DA:25,0
DA:28,43
DA:29,0
DA:30,0
DA:31,0
DA:32,0
DA:33,0
DA:37,43
DA:38,21
DA:45,21
DA:46,0
DA:50,43
DA:52,0
DA:65,62
LF:26
LH:16
BRDA:29,0,0,0
BRDA:38,1,0,0
BRDA:39,2,0,21
BRDA:39,2,1,0
BRDA:39,2,2,0
BRDA:45,3,0,0
BRDA:45,4,0,21
BRDA:45,4,1,21
BRDA:58,5,0,43
BRDA:58,5,1,0
BRDA:70,6,0,31
BRDA:70,6,1,31
BRF:12
BRH:6
end_of_record
TN:
SF:src/components/CommentaryOptionButton/CommentaryOptionButton.tsx
FN:17,(anonymous_1)
FN:27,(anonymous_2)
FNF:2
FNH:0
FNDA:0,(anonymous_1)
FNDA:0,(anonymous_2)
DA:2,1
DA:3,1
DA:4,1
DA:5,1
DA:17,1
DA:26,0
DA:27,0
DA:28,0
DA:29,0
DA:31,0
DA:34,0
LF:11
LH:5
BRDA:28,0,0,0
BRDA:28,0,1,0
BRDA:28,1,0,0
BRDA:28,1,1,0
BRDA:31,2,0,0
BRDA:31,2,1,0
BRDA:38,3,0,0
BRDA:38,3,1,0
BRDA:39,4,0,0
BRDA:39,4,1,0
BRDA:39,5,0,0
BRDA:39,5,1,0
BRDA:40,6,0,0
BRDA:40,6,1,0
BRDA:40,7,0,0
BRDA:40,7,1,0
BRDA:41,8,0,0
BRDA:41,8,1,0
BRF:18
BRH:0
end_of_record
TN:
SF:src/components/ConfirmationSelect/ConfirmationSelect.tsx
FN:15,(anonymous_1)
FN:22,(anonymous_2)
FN:28,(anonymous_3)
FN:35,(anonymous_4)
FN:35,(anonymous_5)
FN:55,(anonymous_6)
FN:56,(anonymous_7)
FN:60,(anonymous_8)
FNF:8
FNH:0
FNDA:0,(anonymous_1)
FNDA:0,(anonymous_2)
FNDA:0,(anonymous_3)
FNDA:0,(anonymous_4)
FNDA:0,(anonymous_5)
FNDA:0,(anonymous_6)
FNDA:0,(anonymous_7)
FNDA:0,(anonymous_8)
DA:2,0
DA:3,0
DA:4,0
DA:5,0
DA:6,0
DA:15,0
DA:21,0
DA:22,0
DA:23,0
DA:27,0
DA:28,0
DA:31,0
DA:35,0
DA:55,0
DA:57,0
DA:60,0
LF:16
LH:0
BRDA:38,0,0,0
BRDA:38,0,1,0
BRDA:46,1,0,0
BRDA:46,1,1,0
BRDA:68,2,0,0
BRDA:68,2,1,0
BRF:6
BRH:0
end_of_record
TN:
SF:src/components/ContentBlock/ContentBlock.tsx
FN:9,(anonymous_1)
FNF:1
FNH:1
FNDA:72,(anonymous_1)
DA:1,9
DA:9,9
DA:10,72
LF:3
LH:3
BRF:0
BRH:0
end_of_record
TN:
SF:src/components/ContentBlock/HeaderContainer/HeaderContainer.tsx
FN:9,(anonymous_1)
FNF:1
FNH:1
FNDA:41,(anonymous_1)
DA:2,7
DA:9,7
DA:10,41
LF:3
LH:3
BRF:0
BRH:0
end_of_record
TN:
SF:src/components/ContentBlock/HeaderContainer/HeaderContent/HeaderContainer.tsx
FN:9,(anonymous_1)
FNF:1
FNH:1
FNDA:41,(anonymous_1)
DA:2,7
DA:9,7
DA:10,41
LF:3
LH:3
BRF:0
BRH:0
end_of_record
TN:
SF:src/components/ContentBlock/HeaderContainer/HeaderSubText/HeaderContainer.tsx
FN:9,(anonymous_1)
FNF:1
FNH:0
FNDA:0,(anonymous_1)
DA:2,0
DA:9,0
DA:10,0
LF:3
LH:0
BRF:0
BRH:0
end_of_record
TN:
SF:src/components/ContentContainer/ContentContainer.tsx
FN:9,(anonymous_1)
FNF:1
FNH:1
FNDA:54,(anonymous_1)
DA:1,11
DA:9,11
DA:10,54
LF:3
LH:3
BRF:0
BRH:0
end_of_record
TN:
SF:src/components/DateListSelector/DateListSelector.tsx
FN:36,(anonymous_1)
FN:40,(anonymous_2)
FN:44,(anonymous_3)
FN:51,(anonymous_4)
FN:56,(anonymous_5)
FN:61,(anonymous_6)
FN:71,(anonymous_7)
FN:73,(anonymous_8)
FNF:8
FNH:5
FNDA:1,(anonymous_1)
FNDA:0,(anonymous_2)
FNDA:36,(anonymous_3)
FNDA:0,(anonymous_4)
FNDA:13,(anonymous_5)
FNDA:0,(anonymous_6)
FNDA:167,(anonymous_7)
FNDA:12,(anonymous_8)
DA:1,1
DA:2,1
DA:3,1
DA:4,1
DA:6,1
DA:7,1
DA:8,1
DA:9,1
DA:19,1
DA:36,1
DA:37,1
DA:40,1
DA:41,0
DA:44,1
DA:51,36
DA:52,0
DA:53,0
DA:56,36
DA:57,13
DA:58,1
DA:61,36
DA:62,0
DA:68,36
DA:72,167
DA:74,12
DA:92,36
LF:26
LH:22
BRDA:57,0,0,1
BRDA:57,1,0,13
BRDA:57,1,1,13
BRDA:57,1,2,1
BRDA:98,2,0,36
BRDA:98,2,1,0
BRF:6
BRH:5
end_of_record
TN:
SF:src/components/DatePicker/DateInput.tsx
FN:10,(anonymous_0)
FN:27,(anonymous_1)
FN:38,(anonymous_2)
FN:49,(anonymous_3)
FN:54,(anonymous_4)
FN:61,(anonymous_5)
FN:62,(anonymous_6)
FN:83,(anonymous_7)
FN:123,(anonymous_8)
FNF:9
FNH:0
FNDA:0,(anonymous_0)
FNDA:0,(anonymous_1)
FNDA:0,(anonymous_2)
FNDA:0,(anonymous_3)
FNDA:0,(anonymous_4)
FNDA:0,(anonymous_5)
FNDA:0,(anonymous_6)
FNDA:0,(anonymous_7)
FNDA:0,(anonymous_8)
DA:1,1
DA:2,1
DA:3,1
DA:10,1
DA:16,0
DA:19,0
DA:20,0
DA:21,0
DA:24,0
DA:27,0
DA:28,0
DA:29,0
DA:30,0
DA:31,0
DA:32,0
DA:34,0
DA:35,0
DA:38,0
DA:39,0
DA:40,0
DA:41,0
DA:42,0
DA:43,0
DA:45,0
DA:46,0
DA:49,0
DA:50,0
DA:54,0
DA:55,0
DA:56,0
DA:57,0
DA:61,0
DA:62,0
DA:63,0
DA:65,0
DA:68,0
DA:70,0
DA:79,0
DA:83,0
DA:90,0
DA:91,0
DA:92,0
DA:93,0
DA:97,0
DA:111,0
DA:113,0
DA:124,0
LF:47
LH:4
BRDA:16,0,0,0
BRDA:16,0,1,0
BRDA:30,1,0,0
BRDA:41,2,0,0
BRDA:55,3,0,0
BRDA:72,4,0,0
BRDA:72,4,1,0
BRDA:73,5,0,0
BRDA:73,5,1,0
BRDA:74,6,0,0
BRDA:74,6,1,0
BRF:11
BRH:0
end_of_record
TN:
SF:src/components/DatePicker/dateUtils.ts
FN:7,(anonymous_0)
FN:75,isSameDayUTC
FNF:2
FNH:0
FNDA:0,(anonymous_0)
FNDA:0,isSameDayUTC
DA:7,1
DA:12,0
DA:16,0
DA:19,0
DA:21,0
DA:25,0
DA:26,0
DA:29,0
DA:30,0
DA:31,0
DA:38,0
DA:46,0
DA:49,0
DA:50,0
DA:51,0
DA:59,0
DA:60,0
DA:62,0
DA:63,0
DA:64,0
DA:71,0
DA:76,0
LF:22
LH:1
BRDA:21,0,0,0
BRDA:77,1,0,0
BRDA:77,1,1,0
BRDA:77,1,2,0
BRF:4
BRH:0
end_of_record
TN:
SF:src/components/DishCard/DishCard.tsx
FN:15,(anonymous_1)
FN:49,(anonymous_2)
FN:56,(anonymous_3)
FN:68,(anonymous_4)
FNF:4
FNH:0
FNDA:0,(anonymous_1)
FNDA:0,(anonymous_2)
FNDA:0,(anonymous_3)
FNDA:0,(anonymous_4)
DA:2,1
DA:4,1
DA:5,1
DA:6,1
DA:15,1
DA:29,0
DA:30,0
DA:32,0
DA:49,0
DA:57,0
DA:58,0
DA:69,0
DA:70,0
LF:13
LH:5
BRDA:42,0,0,0
BRDA:42,0,1,0
BRDA:48,1,0,0
BRDA:48,1,1,0
BRDA:49,2,0,0
BRDA:49,2,1,0
BRDA:52,3,0,0
BRDA:52,3,1,0
BRF:8
BRH:0
end_of_record
TN:
SF:src/components/DisplayData/DisplayData.tsx
FN:21,(anonymous_0)
FN:23,(anonymous_1)
FNF:2
FNH:0
FNDA:0,(anonymous_0)
FNDA:0,(anonymous_1)
DA:1,0
DA:2,0
DA:5,0
DA:6,0
DA:8,0
DA:21,0
DA:22,0
DA:26,0
DA:27,0
DA:29,0
DA:30,0
DA:31,0
DA:32,0
DA:37,0
DA:38,0
DA:40,0
DA:44,0
LF:17
LH:0
BRDA:26,0,0,0
BRDA:26,0,1,0
BRDA:29,1,0,0
BRDA:29,1,1,0
BRDA:31,2,0,0
BRDA:31,2,1,0
BRDA:32,3,0,0
BRDA:32,3,1,0
BRDA:37,4,0,0
BRDA:37,4,1,0
BRF:10
BRH:0
end_of_record
TN:
SF:src/components/DropDownSelect/DropDownSelect.tsx
FN:15,(anonymous_1)
FNF:1
FNH:1
FNDA:31,(anonymous_1)
DA:2,1
DA:3,1
DA:4,1
DA:15,1
DA:16,31
LF:5
LH:5
BRDA:24,0,0,0
BRDA:24,0,1,31
BRDA:29,1,0,31
BRDA:29,1,1,31
BRF:4
BRH:3
end_of_record
TN:
SF:src/components/EventCard/EventCard.tsx
FN:11,(anonymous_1)
FN:22,(anonymous_2)
FNF:2
FNH:2
FNDA:124,(anonymous_1)
FNDA:2,(anonymous_2)
DA:1,2
DA:2,2
DA:3,2
DA:7,2
DA:9,2
DA:11,2
DA:21,124
DA:22,124
DA:23,2
DA:26,124
DA:27,20
DA:45,104
LF:12
LH:12
BRDA:26,0,0,20
BRDA:26,1,0,124
BRDA:26,1,1,104
BRDA:26,1,2,104
BRDA:26,1,3,104
BRDA:48,2,0,2
BRDA:48,2,1,102
BRDA:50,3,0,104
BRDA:50,3,1,0
BRDA:54,4,0,102
BRDA:54,4,1,2
BRDA:56,5,0,50
BRDA:56,5,1,52
BRDA:67,6,0,104
BRDA:67,6,1,104
BRF:15
BRH:14
end_of_record
TN:
SF:src/components/FloatingCartButton/FloatingCartButton.tsx
FN:10,(anonymous_1)
FNF:1
FNH:0
FNDA:0,(anonymous_1)
DA:2,0
DA:3,0
DA:10,0
DA:14,0
LF:4
LH:0
BRF:0
BRH:0
end_of_record
TN:
SF:src/components/GastronomyOrderPopup/GastronomyOrderPopup.tsx
FN:28,(anonymous_1)
FN:32,(anonymous_2)
FN:36,(anonymous_3)
FN:39,(anonymous_4)
FN:42,(anonymous_5)
FN:47,(anonymous_6)
FN:50,(anonymous_7)
FN:61,(anonymous_8)
FNF:8
FNH:0
FNDA:0,(anonymous_1)
FNDA:0,(anonymous_2)
FNDA:0,(anonymous_3)
FNDA:0,(anonymous_4)
FNDA:0,(anonymous_5)
FNDA:0,(anonymous_6)
FNDA:0,(anonymous_7)
FNDA:0,(anonymous_8)
DA:2,0
DA:3,0
DA:4,0
DA:5,0
DA:6,0
DA:7,0
DA:8,0
DA:9,0
DA:10,0
DA:11,0
DA:19,0
DA:28,0
DA:29,0
DA:30,0
DA:32,0
DA:33,0
DA:36,0
DA:37,0
DA:38,0
DA:40,0
DA:41,0
DA:42,0
DA:43,0
DA:48,0
DA:50,0
DA:54,0
DA:61,0
DA:79,0
LF:28
LH:0
BRDA:37,0,0,0
BRDA:41,1,0,0
BRF:2
BRH:0
end_of_record
TN:
SF:src/components/GuestCountSelector/GuestCountSelector.tsx
FN:52,(anonymous_1)
FN:53,(anonymous_2)
FN:61,(anonymous_3)
FN:64,(anonymous_4)
FN:65,(anonymous_5)
FN:67,(anonymous_6)
FN:68,(anonymous_7)
FN:72,(anonymous_8)
FN:73,(anonymous_9)
FN:75,(anonymous_10)
FN:76,(anonymous_11)
FNF:11
FNH:0
FNDA:0,(anonymous_1)
FNDA:0,(anonymous_2)
FNDA:0,(anonymous_3)
FNDA:0,(anonymous_4)
FNDA:0,(anonymous_5)
FNDA:0,(anonymous_6)
FNDA:0,(anonymous_7)
FNDA:0,(anonymous_8)
FNDA:0,(anonymous_9)
FNDA:0,(anonymous_10)
FNDA:0,(anonymous_11)
DA:1,0
DA:2,0
DA:3,0
DA:4,0
DA:5,0
DA:29,0
DA:52,0
DA:53,0
DA:54,0
DA:55,0
DA:56,0
DA:61,0
DA:64,0
DA:65,0
DA:67,0
DA:68,0
DA:69,0
DA:72,0
DA:73,0
DA:75,0
DA:76,0
DA:78,0
LF:22
LH:0
BRDA:54,0,0,0
BRDA:55,1,0,0
BRDA:55,2,0,0
BRDA:55,2,1,0
BRDA:65,3,0,0
BRDA:65,3,1,0
BRDA:69,4,0,0
BRDA:69,4,1,0
BRDA:73,5,0,0
BRDA:73,5,1,0
BRDA:73,6,0,0
BRDA:73,6,1,0
BRDA:76,7,0,0
BRDA:76,7,1,0
BRDA:83,8,0,0
BRDA:83,8,1,0
BRF:16
BRH:0
end_of_record
TN:
SF:src/components/Header/Header.tsx
FN:10,(anonymous_1)
FN:14,(anonymous_2)
FN:29,(anonymous_3)
FN:34,(anonymous_4)
FNF:4
FNH:0
FNDA:0,(anonymous_1)
FNDA:0,(anonymous_2)
FNDA:0,(anonymous_3)
FNDA:0,(anonymous_4)
DA:1,2
DA:2,2
DA:3,2
DA:4,2
DA:5,2
DA:6,2
DA:7,2
DA:8,2
DA:10,2
DA:11,0
DA:12,0
DA:14,0
DA:15,0
DA:16,0
DA:19,0
DA:29,0
DA:34,0
LF:17
LH:9
BRF:0
BRH:0
end_of_record
TN:
SF:src/components/IOSSelect/IOSSelect.tsx
FN:10,(anonymous_0)
FN:28,(anonymous_1)
FN:32,(anonymous_2)
FN:40,(anonymous_3)
FN:62,(anonymous_4)
FN:68,(anonymous_5)
FN:90,(anonymous_6)
FN:95,(anonymous_7)
FN:107,(anonymous_8)
FN:108,(anonymous_9)
FN:109,(anonymous_10)
FN:111,(anonymous_11)
FN:113,(anonymous_12)
FN:114,(anonymous_13)
FN:117,(anonymous_14)
FN:144,(anonymous_15)
FN:152,(anonymous_16)
FNF:17
FNH:0
FNDA:0,(anonymous_0)
FNDA:0,(anonymous_1)
FNDA:0,(anonymous_2)
FNDA:0,(anonymous_3)
FNDA:0,(anonymous_4)
FNDA:0,(anonymous_5)
FNDA:0,(anonymous_6)
FNDA:0,(anonymous_7)
FNDA:0,(anonymous_8)
FNDA:0,(anonymous_9)
FNDA:0,(anonymous_10)
FNDA:0,(anonymous_11)
FNDA:0,(anonymous_12)
FNDA:0,(anonymous_13)
FNDA:0,(anonymous_14)
FNDA:0,(anonymous_15)
FNDA:0,(anonymous_16)
DA:1,0
DA:2,0
DA:10,0
DA:15,0
DA:16,0
DA:17,0
DA:18,0
DA:19,0
DA:20,0
DA:21,0
DA:22,0
DA:24,0
DA:25,0
DA:28,0
DA:29,0
DA:32,0
DA:33,0
DA:34,0
DA:35,0
DA:36,0
DA:37,0
DA:40,0
DA:41,0
DA:43,0
DA:44,0
DA:45,0
DA:46,0
DA:49,0
DA:52,0
DA:55,0
DA:56,0
DA:57,0
DA:58,0
DA:59,0
DA:62,0
DA:63,0
DA:64,0
DA:65,0
DA:68,0
DA:69,0
DA:70,0
DA:71,0
DA:74,0
DA:75,0
DA:76,0
DA:78,0
DA:79,0
DA:80,0
DA:83,0
DA:86,0
DA:87,0
DA:90,0
DA:91,0
DA:92,0
DA:95,0
DA:96,0
DA:97,0
DA:98,0
DA:100,0
DA:101,0
DA:102,0
DA:107,0
DA:108,0
DA:109,0
DA:111,0
DA:112,0
DA:113,0
DA:114,0
DA:117,0
DA:118,0
DA:119,0
DA:122,0
DA:145,0
DA:152,0
LF:74
LH:0
BRDA:41,0,0,0
BRDA:63,1,0,0
BRDA:74,2,0,0
BRDA:78,3,0,0
BRDA:101,4,0,0
BRDA:139,5,0,0
BRDA:139,5,1,0
BRDA:148,6,0,0
BRDA:148,6,1,0
BRF:9
BRH:0
end_of_record
TN:
SF:src/components/Icons/BackIcon.tsx
FN:6,(anonymous_0)
FNF:1
FNH:1
FNDA:4,(anonymous_0)
DA:6,2
DA:7,4
LF:2
LH:2
BRDA:6,0,0,2
BRDA:6,1,0,0
BRF:2
BRH:1
end_of_record
TN:
SF:src/components/Icons/BasketIcon.tsx
FN:6,(anonymous_0)
FNF:1
FNH:0
FNDA:0,(anonymous_0)
DA:6,0
DA:7,0
LF:2
LH:0
BRDA:6,0,0,0
BRDA:6,1,0,0
BRF:2
BRH:0
end_of_record
TN:
SF:src/components/Icons/BookIcon.tsx
FN:6,(anonymous_0)
FNF:1
FNH:0
FNDA:0,(anonymous_0)
DA:6,0
DA:7,0
LF:2
LH:0
BRDA:6,0,0,0
BRDA:6,1,0,0
BRF:2
BRH:0
end_of_record
TN:
SF:src/components/Icons/CakeIcon.tsx
FN:6,(anonymous_0)
FNF:1
FNH:0
FNDA:0,(anonymous_0)
DA:6,0
DA:7,0
LF:2
LH:0
BRF:0
BRH:0
end_of_record
TN:
SF:src/components/Icons/CalendarIcon.tsx
FN:6,(anonymous_0)
FNF:1
FNH:1
FNDA:2,(anonymous_0)
DA:6,3
DA:7,2
LF:2
LH:2
BRDA:6,0,0,0
BRDA:6,1,0,0
BRF:2
BRH:0
end_of_record
TN:
SF:src/components/Icons/ChatIcon.tsx
FN:6,(anonymous_0)
FNF:1
FNH:0
FNDA:0,(anonymous_0)
DA:6,0
DA:7,0
LF:2
LH:0
BRDA:6,0,0,0
BRDA:6,1,0,0
BRF:2
BRH:0
end_of_record
TN:
SF:src/components/Icons/CheckboxIcon.tsx
FN:6,(anonymous_0)
FNF:1
FNH:1
FNDA:1,(anonymous_0)
DA:6,1
DA:7,1
LF:2
LH:2
BRF:0
BRH:0
end_of_record
TN:
SF:src/components/Icons/ChildrenIcon.tsx
FN:6,(anonymous_0)
FNF:1
FNH:0
FNDA:0,(anonymous_0)
DA:6,2
DA:7,0
LF:2
LH:1
BRDA:6,0,0,0
BRF:1
BRH:0
end_of_record
TN:
SF:src/components/Icons/ClockIcon.tsx
FN:6,(anonymous_0)
FNF:1
FNH:0
FNDA:0,(anonymous_0)
DA:6,0
DA:7,0
LF:2
LH:0
BRDA:6,0,0,0
BRF:1
BRH:0
end_of_record
TN:
SF:src/components/Icons/CloseIcon.tsx
FN:6,(anonymous_0)
FNF:1
FNH:0
FNDA:0,(anonymous_0)
DA:6,2
DA:7,0
LF:2
LH:1
BRDA:6,0,0,0
BRF:1
BRH:0
end_of_record
TN:
SF:src/components/Icons/CrossIcon.tsx
FN:6,(anonymous_0)
FNF:1
FNH:1
FNDA:7,(anonymous_0)
DA:6,2
DA:7,7
LF:2
LH:2
BRDA:6,0,0,0
BRDA:6,1,0,7
BRF:2
BRH:1
end_of_record
TN:
SF:src/components/Icons/DTHospitalityIcon.tsx
FN:7,(anonymous_0)
FNF:1
FNH:1
FNDA:7,(anonymous_0)
DA:7,1
DA:8,7
LF:2
LH:2
BRDA:7,0,0,7
BRDA:7,1,0,7
BRF:2
BRH:2
end_of_record
TN:
SF:src/components/Icons/DepositIcon.tsx
FN:6,(anonymous_0)
FNF:1
FNH:0
FNDA:0,(anonymous_0)
DA:6,0
DA:7,0
LF:2
LH:0
BRDA:6,0,0,0
BRDA:6,1,0,0
BRF:2
BRH:0
end_of_record
TN:
SF:src/components/Icons/DoubleCheckIcon.tsx
FN:6,(anonymous_0)
FNF:1
FNH:0
FNDA:0,(anonymous_0)
DA:6,0
DA:7,0
LF:2
LH:0
BRDA:6,0,0,0
BRF:1
BRH:0
end_of_record
TN:
SF:src/components/Icons/DownArrow.tsx
FN:6,(anonymous_0)
FNF:1
FNH:1
FNDA:81,(anonymous_0)
DA:6,3
DA:7,81
LF:2
LH:2
BRDA:6,0,0,31
BRDA:6,1,0,38
BRF:2
BRH:2
end_of_record
TN:
SF:src/components/Icons/DownloadIcon.tsx
FN:6,(anonymous_0)
FNF:1
FNH:0
FNDA:0,(anonymous_0)
DA:6,0
DA:7,0
DA:9,0
LF:3
LH:0
BRDA:6,0,0,0
BRDA:6,1,0,0
BRDA:7,2,0,0
BRDA:7,2,1,0
BRF:4
BRH:0
end_of_record
TN:
SF:src/components/Icons/EventClock.tsx
FN:6,(anonymous_0)
FNF:1
FNH:0
FNDA:0,(anonymous_0)
DA:6,0
DA:7,0
LF:2
LH:0
BRDA:6,0,0,0
BRDA:6,1,0,0
BRF:2
BRH:0
end_of_record
TN:
SF:src/components/Icons/GiftIcon.tsx
FN:6,(anonymous_0)
FNF:1
FNH:0
FNDA:0,(anonymous_0)
DA:6,0
DA:11,0
LF:2
LH:0
BRDA:8,0,0,0
BRF:1
BRH:0
end_of_record
TN:
SF:src/components/Icons/GoToPathIcon.tsx
FN:6,(anonymous_0)
FNF:1
FNH:0
FNDA:0,(anonymous_0)
DA:6,0
DA:7,0
LF:2
LH:0
BRDA:6,0,0,0
BRDA:6,1,0,0
BRF:2
BRH:0
end_of_record
TN:
SF:src/components/Icons/GuestsIcon.tsx
FN:6,(anonymous_0)
FNF:1
FNH:0
FNDA:0,(anonymous_0)
DA:6,0
DA:7,0
LF:2
LH:0
BRDA:6,0,0,0
BRDA:6,1,0,0
BRF:2
BRH:0
end_of_record
TN:
SF:src/components/Icons/HomeIcon.tsx
FN:6,(anonymous_0)
FNF:1
FNH:0
FNDA:0,(anonymous_0)
DA:6,0
DA:7,0
LF:2
LH:0
BRDA:6,0,0,0
BRDA:6,1,0,0
BRF:2
BRH:0
end_of_record
TN:
SF:src/components/Icons/InfoIcon.tsx
FN:6,(anonymous_0)
FNF:1
FNH:0
FNDA:0,(anonymous_0)
DA:6,0
DA:7,0
LF:2
LH:0
BRDA:6,0,0,0
BRF:1
BRH:0
end_of_record
TN:
SF:src/components/Icons/Instagram.tsx
FN:6,(anonymous_0)
FNF:1
FNH:0
FNDA:0,(anonymous_0)
DA:6,0
DA:7,0
LF:2
LH:0
BRDA:6,0,0,0
BRDA:6,1,0,0
BRF:2
BRH:0
end_of_record
TN:
SF:src/components/Icons/KitchenIcon.tsx
FN:6,(anonymous_0)
FNF:1
FNH:1
FNDA:31,(anonymous_0)
DA:6,1
DA:7,31
LF:2
LH:2
BRDA:6,0,0,0
BRF:1
BRH:0
end_of_record
TN:
SF:src/components/Icons/Location.tsx
FN:6,(anonymous_0)
FNF:1
FNH:0
FNDA:0,(anonymous_0)
DA:6,2
DA:10,0
LF:2
LH:1
BRDA:7,0,0,0
BRDA:8,1,0,0
BRF:2
BRH:0
end_of_record
TN:
SF:src/components/Icons/LogoMapIcon.tsx
FN:6,(anonymous_0)
FNF:1
FNH:0
FNDA:0,(anonymous_0)
DA:6,0
DA:7,0
LF:2
LH:0
BRDA:6,0,0,0
BRF:1
BRH:0
end_of_record
TN:
SF:src/components/Icons/MiniCrossIcon.tsx
FN:6,(anonymous_0)
FNF:1
FNH:0
FNDA:0,(anonymous_0)
DA:6,1
DA:7,0
LF:2
LH:1
BRDA:6,0,0,0
BRDA:6,1,0,0
BRF:2
BRH:0
end_of_record
TN:
SF:src/components/Icons/MinusIcon.tsx
FN:6,(anonymous_0)
FNF:1
FNH:1
FNDA:36,(anonymous_0)
DA:6,1
DA:7,36
LF:2
LH:2
BRDA:6,0,0,0
BRDA:6,1,0,0
BRF:2
BRH:0
end_of_record
TN:
SF:src/components/Icons/MoneyIcon.tsx
FN:6,(anonymous_0)
FNF:1
FNH:0
FNDA:0,(anonymous_0)
DA:6,0
DA:7,0
LF:2
LH:0
BRDA:6,0,0,0
BRDA:6,1,0,0
BRF:2
BRH:0
end_of_record
TN:
SF:src/components/Icons/PenIcon.tsx
FN:6,(anonymous_0)
FNF:1
FNH:0
FNDA:0,(anonymous_0)
DA:6,0
DA:7,0
LF:2
LH:0
BRDA:6,0,0,0
BRDA:6,1,0,0
BRF:2
BRH:0
end_of_record
TN:
SF:src/components/Icons/PersonFeedback.tsx
FN:6,(anonymous_0)
FNF:1
FNH:0
FNDA:0,(anonymous_0)
DA:6,0
DA:10,0
LF:2
LH:0
BRDA:7,0,0,0
BRDA:8,1,0,0
BRF:2
BRH:0
end_of_record
TN:
SF:src/components/Icons/PhoneCallIcon.tsx
FN:6,(anonymous_0)
FNF:1
FNH:0
FNDA:0,(anonymous_0)
DA:6,0
DA:7,0
LF:2
LH:0
BRDA:6,0,0,0
BRDA:6,1,0,0
BRF:2
BRH:0
end_of_record
TN:
SF:src/components/Icons/PinIcon.tsx
FN:6,(anonymous_0)
FNF:1
FNH:0
FNDA:0,(anonymous_0)
DA:6,0
DA:7,0
LF:2
LH:0
BRDA:6,0,0,0
BRF:1
BRH:0
end_of_record
TN:
SF:src/components/Icons/PlaingGiftIcon.tsx
FN:6,(anonymous_0)
FNF:1
FNH:0
FNDA:0,(anonymous_0)
DA:6,0
DA:11,0
LF:2
LH:0
BRDA:8,0,0,0
BRDA:9,1,0,0
BRF:2
BRH:0
end_of_record
TN:
SF:src/components/Icons/PlusIcon.tsx
FN:6,(anonymous_0)
FNF:1
FNH:1
FNDA:36,(anonymous_0)
DA:6,1
DA:7,36
LF:2
LH:2
BRDA:6,0,0,0
BRDA:6,1,0,0
BRF:2
BRH:0
end_of_record
TN:
SF:src/components/Icons/Profile.tsx
FN:6,(anonymous_0)
FNF:1
FNH:0
FNDA:0,(anonymous_0)
DA:6,2
DA:10,0
LF:2
LH:1
BRDA:7,0,0,0
BRDA:8,1,0,0
BRF:2
BRH:0
end_of_record
TN:
SF:src/components/Icons/QRCodeIcon.tsx
FN:6,(anonymous_0)
FNF:1
FNH:0
FNDA:0,(anonymous_0)
DA:6,0
DA:7,0
LF:2
LH:0
BRDA:6,0,0,0
BRDA:6,1,0,0
BRF:2
BRH:0
end_of_record
TN:
SF:src/components/Icons/RefundIcon.tsx
FN:6,(anonymous_0)
FNF:1
FNH:0
FNDA:0,(anonymous_0)
DA:6,0
DA:7,0
DA:8,0
LF:3
LH:0
BRDA:6,0,0,0
BRDA:6,1,0,0
BRDA:7,2,0,0
BRDA:7,2,1,0
BRF:4
BRH:0
end_of_record
TN:
SF:src/components/Icons/RestaurantOnMapIcon.tsx
FN:5,(anonymous_0)
FNF:1
FNH:0
FNDA:0,(anonymous_0)
DA:5,0
DA:6,0
LF:2
LH:0
BRDA:5,0,0,0
BRF:1
BRH:0
end_of_record
TN:
SF:src/components/Icons/RestaurantOnMapIconSelected.tsx
FN:1,(anonymous_0)
FNF:1
FNH:0
FNDA:0,(anonymous_0)
DA:1,0
DA:2,0
LF:2
LH:0
BRF:0
BRH:0
end_of_record
TN:
SF:src/components/Icons/Search.tsx
FN:6,(anonymous_0)
FNF:1
FNH:0
FNDA:0,(anonymous_0)
DA:6,0
DA:10,0
LF:2
LH:0
BRDA:7,0,0,0
BRDA:8,1,0,0
BRF:2
BRH:0
end_of_record
TN:
SF:src/components/Icons/Share.tsx
FN:6,(anonymous_0)
FNF:1
FNH:0
FNDA:0,(anonymous_0)
DA:6,0
DA:7,0
LF:2
LH:0
BRDA:6,0,0,0
BRF:1
BRH:0
end_of_record
TN:
SF:src/components/Icons/Star.tsx
FN:7,(anonymous_0)
FNF:1
FNH:0
FNDA:0,(anonymous_0)
DA:7,0
DA:12,0
LF:2
LH:0
BRDA:8,0,0,0
BRDA:9,1,0,0
BRDA:10,2,0,0
BRDA:17,3,0,0
BRDA:17,3,1,0
BRF:5
BRH:0
end_of_record
TN:
SF:src/components/Icons/StarPrivelegy.tsx
FN:6,(anonymous_0)
FNF:1
FNH:0
FNDA:0,(anonymous_0)
DA:6,0
DA:7,0
LF:2
LH:0
BRDA:6,0,0,0
BRF:1
BRH:0
end_of_record
TN:
SF:src/components/Icons/SupportIcon.tsx
FN:6,(anonymous_0)
FNF:1
FNH:0
FNDA:0,(anonymous_0)
DA:6,0
DA:7,0
LF:2
LH:0
BRDA:6,0,0,0
BRDA:6,1,0,0
BRF:2
BRH:0
end_of_record
TN:
SF:src/components/Icons/TicketIcon.tsx
FN:6,(anonymous_0)
FNF:1
FNH:0
FNDA:0,(anonymous_0)
DA:6,2
DA:7,0
LF:2
LH:1
BRDA:6,0,0,0
BRF:1
BRH:0
end_of_record
TN:
SF:src/components/Icons/TicketsIcon.tsx
FN:6,(anonymous_0)
FNF:1
FNH:0
FNDA:0,(anonymous_0)
DA:6,0
DA:7,0
LF:2
LH:0
BRDA:6,0,0,0
BRDA:6,1,0,0
BRF:2
BRH:0
end_of_record
TN:
SF:src/components/Icons/TimeCircle.tsx
FN:6,(anonymous_0)
FNF:1
FNH:0
FNDA:0,(anonymous_0)
DA:6,2
DA:7,0
LF:2
LH:1
BRDA:6,0,0,0
BRDA:6,1,0,0
BRF:2
BRH:0
end_of_record
TN:
SF:src/components/Icons/TimeCircleIcon.tsx
FN:6,(anonymous_0)
FNF:1
FNH:0
FNDA:0,(anonymous_0)
DA:6,0
DA:7,0
LF:2
LH:0
BRDA:6,0,0,0
BRDA:6,1,0,0
BRF:2
BRH:0
end_of_record
TN:
SF:src/components/Icons/TimeFromIcon.tsx
FN:6,(anonymous_0)
FNF:1
FNH:0
FNDA:0,(anonymous_0)
DA:6,0
DA:7,0
LF:2
LH:0
BRF:0
BRH:0
end_of_record
TN:
SF:src/components/Icons/TimeToIcon.tsx
FN:7,(anonymous_0)
FNF:1
FNH:0
FNDA:0,(anonymous_0)
DA:7,0
DA:8,0
LF:2
LH:0
BRF:0
BRH:0
end_of_record
TN:
SF:src/components/Icons/UserProfileIcon.tsx
FN:6,(anonymous_0)
FNF:1
FNH:0
FNDA:0,(anonymous_0)
DA:6,0
DA:10,0
LF:2
LH:0
BRDA:7,0,0,0
BRDA:8,1,0,0
BRF:2
BRH:0
end_of_record
TN:
SF:src/components/Icons/UsersIcon.tsx
FN:6,(anonymous_0)
FNF:1
FNH:0
FNDA:0,(anonymous_0)
DA:6,2
DA:7,0
LF:2
LH:1
BRDA:6,0,0,0
BRDA:6,1,0,0
BRF:2
BRH:0
end_of_record
TN:
SF:src/components/Icons/WalletIcon.tsx
FN:6,(anonymous_0)
FNF:1
FNH:0
FNDA:0,(anonymous_0)
DA:6,0
DA:12,0
LF:2
LH:0
BRDA:8,0,0,0
BRDA:9,1,0,0
BRF:2
BRH:0
end_of_record
TN:
SF:src/components/ImageViewerPopup/ImageViewerPopup.tsx
FN:33,(anonymous_1)
FN:34,(anonymous_2)
FN:38,(anonymous_3)
FN:39,(anonymous_4)
FN:42,(anonymous_5)
FN:43,(anonymous_6)
FN:51,(anonymous_7)
FN:57,(anonymous_8)
FN:71,(anonymous_9)
FN:83,(anonymous_10)
FNF:10
FNH:0
FNDA:0,(anonymous_1)
FNDA:0,(anonymous_2)
FNDA:0,(anonymous_3)
FNDA:0,(anonymous_4)
FNDA:0,(anonymous_5)
FNDA:0,(anonymous_6)
FNDA:0,(anonymous_7)
FNDA:0,(anonymous_8)
FNDA:0,(anonymous_9)
FNDA:0,(anonymous_10)
DA:1,0
DA:2,0
DA:3,0
DA:4,0
DA:5,0
DA:6,0
DA:7,0
DA:9,0
DA:10,0
DA:11,0
DA:22,0
DA:33,0
DA:34,0
DA:35,0
DA:36,0
DA:38,0
DA:39,0
DA:42,0
DA:43,0
DA:46,0
DA:47,0
DA:51,0
DA:52,0
DA:53,0
DA:55,0
DA:57,0
DA:58,0
DA:62,0
DA:71,0
DA:84,0
LF:30
LH:0
BRDA:46,0,0,0
BRDA:46,1,0,0
BRDA:46,1,1,0
BRDA:52,2,0,0
BRDA:52,2,1,0
BRF:5
BRH:0
end_of_record
TN:
SF:src/components/InfoTag/InfoTag.tsx
FN:7,(anonymous_1)
FNF:1
FNH:0
FNDA:0,(anonymous_1)
DA:1,2
DA:7,2
DA:8,0
LF:3
LH:2
BRF:0
BRH:0
end_of_record
TN:
SF:src/components/InformationPopup/InformationPopup.tsx
FN:31,(anonymous_1)
FN:32,(anonymous_2)
FNF:2
FNH:0
FNDA:0,(anonymous_1)
FNDA:0,(anonymous_2)
DA:1,0
DA:2,0
DA:3,0
DA:4,0
DA:5,0
DA:6,0
DA:8,0
DA:31,0
DA:32,0
DA:33,0
DA:34,0
LF:11
LH:0
BRDA:32,0,0,0
BRDA:32,0,1,0
BRF:2
BRH:0
end_of_record
TN:
SF:src/components/Link/Link.tsx
FN:8,(anonymous_1)
FN:15,(anonymous_2)
FNF:2
FNH:0
FNDA:0,(anonymous_1)
FNDA:0,(anonymous_2)
DA:1,0
DA:2,0
DA:3,0
DA:4,0
DA:6,0
DA:8,0
DA:14,0
DA:16,0
DA:21,0
DA:22,0
DA:24,0
DA:25,0
DA:28,0
DA:29,0
DA:31,0
DA:34,0
DA:35,0
DA:36,0
DA:42,0
LF:19
LH:0
BRDA:21,0,0,0
BRDA:21,0,1,0
BRDA:24,1,0,0
BRDA:24,2,0,0
BRDA:24,3,0,0
BRDA:31,4,0,0
BRDA:31,4,1,0
BRDA:34,5,0,0
BRF:8
BRH:0
end_of_record
TN:
SF:src/components/MenuPopup/MenuPopup.tsx
FN:33,(anonymous_1)
FN:34,(anonymous_2)
FN:39,(anonymous_3)
FN:45,(anonymous_4)
FN:60,(anonymous_5)
FN:83,(anonymous_6)
FN:115,(anonymous_7)
FN:123,(anonymous_8)
FN:127,(anonymous_9)
FNF:9
FNH:0
FNDA:0,(anonymous_1)
FNDA:0,(anonymous_2)
FNDA:0,(anonymous_3)
FNDA:0,(anonymous_4)
FNDA:0,(anonymous_5)
FNDA:0,(anonymous_6)
FNDA:0,(anonymous_7)
FNDA:0,(anonymous_8)
FNDA:0,(anonymous_9)
DA:1,0
DA:2,0
DA:3,0
DA:4,0
DA:5,0
DA:6,0
DA:7,0
DA:8,0
DA:9,0
DA:11,0
DA:12,0
DA:13,0
DA:22,0
DA:33,0
DA:34,0
DA:35,0
DA:36,0
DA:37,0
DA:39,0
DA:40,0
DA:41,0
DA:43,0
DA:45,0
DA:46,0
DA:51,0
DA:60,0
DA:84,0
DA:116,0
DA:117,0
DA:124,0
DA:128,0
LF:31
LH:0
BRDA:40,0,0,0
BRDA:40,0,1,0
BRDA:81,1,0,0
BRDA:81,1,1,0
BRDA:81,2,0,0
BRDA:81,2,1,0
BRDA:116,3,0,0
BRDA:135,4,0,0
BRDA:135,4,1,0
BRF:9
BRH:0
end_of_record
TN:
SF:src/components/ModalPopup/ModalPopup.tsx
FN:44,(anonymous_1)
FN:62,(anonymous_2)
FNF:2
FNH:1
FNDA:7,(anonymous_1)
FNDA:0,(anonymous_2)
DA:1,2
DA:3,2
DA:4,2
DA:5,2
DA:6,2
DA:7,2
DA:9,2
DA:44,2
DA:62,7
DA:63,0
DA:64,0
DA:65,0
DA:67,0
DA:69,7
LF:14
LH:10
BRDA:51,0,0,0
BRDA:63,1,0,0
BRDA:79,2,0,7
BRDA:79,2,1,0
BRDA:80,3,0,7
BRDA:80,3,1,0
BRDA:81,4,0,7
BRDA:81,4,1,7
BRDA:86,5,0,7
BRDA:86,5,1,0
BRDA:87,6,0,7
BRDA:87,6,1,7
BRDA:92,7,0,0
BRDA:92,7,1,7
BRDA:92,8,0,7
BRDA:92,8,1,0
BRDA:94,9,0,0
BRDA:94,9,1,7
BRDA:98,10,0,7
BRDA:98,10,1,7
BRF:20
BRH:12
end_of_record
TN:
SF:src/components/ModalPopup/useModal.ts
FN:3,(anonymous_0)
FN:6,toggle
FNF:2
FNH:1
FNDA:38,(anonymous_0)
FNDA:0,toggle
DA:1,2
DA:3,2
DA:4,38
DA:7,0
DA:10,38
LF:5
LH:4
BRF:0
BRH:0
end_of_record
TN:
SF:src/components/MontFont/Montfont.ts
FNF:0
FNH:0
DA:1,0
LF:1
LH:0
BRF:0
BRH:0
end_of_record
TN:
SF:src/components/OptionsNavigation/OptionsNavigation.tsx
FN:18,(anonymous_1)
FNF:1
FNH:0
FNDA:0,(anonymous_1)
DA:1,2
DA:3,2
DA:4,2
DA:6,2
DA:8,2
DA:9,2
DA:10,2
DA:11,2
DA:18,2
DA:19,0
DA:21,0
LF:11
LH:9
BRDA:24,0,0,0
BRDA:24,0,1,0
BRF:2
BRH:0
end_of_record
TN:
SF:src/components/OptionsNavigation/OptionsNavigationElement/OptionsNavigationElement.tsx
FN:22,(anonymous_1)
FNF:1
FNH:0
FNDA:0,(anonymous_1)
DA:2,2
DA:3,2
DA:5,2
DA:7,2
DA:22,2
DA:34,0
DA:35,0
DA:41,0
LF:8
LH:5
BRDA:34,0,0,0
BRDA:41,1,0,0
BRDA:41,1,1,0
BRDA:51,2,0,0
BRDA:51,2,1,0
BRF:5
BRH:0
end_of_record
TN:
SF:src/components/PageContainer/PageContainer.tsx
FN:9,(anonymous_1)
FNF:1
FNH:0
FNDA:0,(anonymous_1)
DA:2,0
DA:9,0
DA:10,0
LF:3
LH:0
BRF:0
BRH:0
end_of_record
TN:
SF:src/components/PlaceholderBlock/PlaceholderBlock.tsx
FN:11,(anonymous_1)
FNF:1
FNH:1
FNDA:135,(anonymous_1)
DA:1,4
DA:11,4
DA:18,135
LF:3
LH:3
BRF:0
BRH:0
end_of_record
TN:
SF:src/components/PrivelegiesPopup/PrivelegiesPopup.tsx
FN:26,(anonymous_1)
FN:27,(anonymous_2)
FNF:2
FNH:0
FNDA:0,(anonymous_1)
FNDA:0,(anonymous_2)
DA:2,2
DA:3,2
DA:4,2
DA:5,2
DA:12,2
DA:26,2
DA:27,0
DA:29,0
LF:8
LH:6
BRF:0
BRH:0
end_of_record
TN:
SF:src/components/RGB/RGB.tsx
FN:11,(anonymous_1)
FNF:1
FNH:0
FNDA:0,(anonymous_1)
DA:2,0
DA:5,0
DA:11,0
DA:12,0
LF:4
LH:0
BRF:0
BRH:0
end_of_record
TN:
SF:src/components/RadioInput/RadioInput.tsx
FN:10,(anonymous_1)
FNF:1
FNH:0
FNDA:0,(anonymous_1)
DA:1,0
DA:10,0
DA:11,0
LF:3
LH:0
BRF:0
BRH:0
end_of_record
TN:
SF:src/components/Redirecter/Redirecter.tsx
FN:9,(anonymous_0)
FNF:1
FNH:0
FNDA:0,(anonymous_0)
DA:1,0
DA:2,0
DA:3,0
DA:9,0
DA:10,0
DA:11,0
DA:14,0
DA:15,0
DA:18,0
LF:9
LH:0
BRDA:14,0,0,0
BRF:1
BRH:0
end_of_record
TN:
SF:src/components/RequestPermissions/RequestPermissions.tsx
FN:5,(anonymous_0)
FN:6,(anonymous_1)
FNF:2
FNH:0
FNDA:0,(anonymous_0)
FNDA:0,(anonymous_1)
DA:1,0
DA:5,0
DA:6,0
DA:16,0
LF:4
LH:0
BRF:0
BRH:0
end_of_record
TN:
SF:src/components/RequestPermissions/utils.ts
FN:3,(anonymous_0)
FNF:1
FNH:0
FNDA:0,(anonymous_0)
DA:1,0
DA:3,0
DA:4,0
LF:3
LH:0
BRF:0
BRH:0
end_of_record
TN:
SF:src/components/RestaurantNavigation/RestaurantNavigation.tsx
FN:20,(anonymous_1)
FN:31,(anonymous_2)
FN:38,(anonymous_3)
FN:39,(anonymous_4)
FN:40,(anonymous_5)
FN:41,(anonymous_6)
FN:48,(anonymous_7)
FNF:7
FNH:0
FNDA:0,(anonymous_1)
FNDA:0,(anonymous_2)
FNDA:0,(anonymous_3)
FNDA:0,(anonymous_4)
FNDA:0,(anonymous_5)
FNDA:0,(anonymous_6)
FNDA:0,(anonymous_7)
DA:1,0
DA:2,0
DA:3,0
DA:5,0
DA:6,0
DA:8,0
DA:10,0
DA:20,0
DA:27,0
DA:28,0
DA:29,0
DA:31,0
DA:32,0
DA:33,0
DA:34,0
DA:38,0
DA:39,0
DA:40,0
DA:41,0
DA:42,0
DA:43,0
DA:47,0
DA:48,0
DA:49,0
DA:53,0
LF:25
LH:0
BRDA:32,0,0,0
BRDA:32,1,0,0
BRDA:32,1,1,0
BRDA:42,2,0,0
BRDA:42,3,0,0
BRDA:42,3,1,0
BRDA:42,3,2,0
BRDA:55,4,0,0
BRDA:55,4,1,0
BRDA:70,5,0,0
BRDA:70,5,1,0
BRDA:82,6,0,0
BRDA:82,6,1,0
BRDA:89,7,0,0
BRDA:89,7,1,0
BRDA:95,8,0,0
BRDA:95,8,1,0
BRDA:103,9,0,0
BRDA:103,9,1,0
BRDA:109,10,0,0
BRDA:109,10,1,0
BRDA:117,11,0,0
BRDA:117,11,1,0
BRDA:123,12,0,0
BRDA:123,12,1,0
BRDA:136,13,0,0
BRDA:136,13,1,0
BRDA:143,14,0,0
BRDA:143,14,1,0
BRDA:149,15,0,0
BRDA:149,15,1,0
BRDA:162,16,0,0
BRDA:162,16,1,0
BRDA:174,17,0,0
BRDA:174,17,1,0
BRF:35
BRH:0
end_of_record
TN:
SF:src/components/RestaurantPreview/RestrauntPreview.tsx
FN:43,(anonymous_1)
FN:57,(anonymous_2)
FN:71,(anonymous_3)
FN:88,(anonymous_4)
FN:91,(anonymous_5)
FN:95,(anonymous_6)
FN:106,(anonymous_7)
FN:115,(anonymous_8)
FN:138,(anonymous_9)
FN:151,(anonymous_10)
FN:167,(anonymous_11)
FNF:11
FNH:0
FNDA:0,(anonymous_1)
FNDA:0,(anonymous_2)
FNDA:0,(anonymous_3)
FNDA:0,(anonymous_4)
FNDA:0,(anonymous_5)
FNDA:0,(anonymous_6)
FNDA:0,(anonymous_7)
FNDA:0,(anonymous_8)
FNDA:0,(anonymous_9)
FNDA:0,(anonymous_10)
FNDA:0,(anonymous_11)
DA:1,2
DA:2,2
DA:3,2
DA:4,2
DA:5,2
DA:6,2
DA:7,2
DA:11,2
DA:13,2
DA:14,2
DA:15,2
DA:17,2
DA:19,2
DA:21,2
DA:23,2
DA:24,2
DA:25,2
DA:27,2
DA:34,2
DA:43,2
DA:44,0
DA:46,0
DA:48,0
DA:49,0
DA:51,0
DA:53,0
DA:58,0
DA:59,0
DA:61,0
DA:64,0
DA:72,0
DA:73,0
DA:75,0
DA:89,0
DA:92,0
DA:95,0
DA:107,0
DA:108,0
DA:110,0
DA:116,0
DA:139,0
DA:152,0
DA:168,0
LF:43
LH:20
BRDA:59,0,0,0
BRDA:59,0,1,0
BRDA:59,1,0,0
BRDA:59,1,1,0
BRDA:68,2,0,0
BRDA:68,2,1,0
BRDA:72,3,0,0
BRDA:72,3,1,0
BRDA:78,4,0,0
BRDA:78,4,1,0
BRDA:80,5,0,0
BRDA:80,5,1,0
BRDA:85,6,0,0
BRDA:85,6,1,0
BRDA:94,7,0,0
BRDA:94,7,1,0
BRDA:104,8,0,0
BRDA:104,8,1,0
BRDA:105,9,0,0
BRDA:105,9,1,0
BRDA:107,10,0,0
BRDA:107,10,1,0
BRDA:113,11,0,0
BRDA:113,11,1,0
BRDA:162,12,0,0
BRDA:162,12,1,0
BRDA:165,13,0,0
BRDA:165,13,1,0
BRF:28
BRH:0
end_of_record
TN:
SF:src/components/RestaurantPreview/RestaurantBadge/RestaurantBadge.tsx
FN:7,(anonymous_1)
FNF:1
FNH:0
FNDA:0,(anonymous_1)
DA:1,2
DA:7,2
DA:8,0
LF:3
LH:2
BRF:0
BRH:0
end_of_record
TN:
SF:src/components/RestaurantPreview/RestaurantBadgePhoto/RestaurantBadgePhoto.tsx
FN:7,(anonymous_1)
FNF:1
FNH:0
FNDA:0,(anonymous_1)
DA:1,2
DA:7,2
DA:8,0
LF:3
LH:2
BRF:0
BRH:0
end_of_record
TN:
SF:src/components/RestaurantTopPreview/RestaurantTopPreview.tsx
FN:18,(anonymous_1)
FNF:1
FNH:0
FNDA:0,(anonymous_1)
DA:2,0
DA:4,0
DA:5,0
DA:6,0
DA:10,0
DA:12,0
DA:18,0
DA:19,0
DA:20,0
DA:26,0
LF:10
LH:0
BRDA:19,0,0,0
BRDA:48,1,0,0
BRDA:48,1,1,0
BRDA:49,2,0,0
BRDA:49,2,1,0
BRF:5
BRH:0
end_of_record
TN:
SF:src/components/RestaurantsList/RestaurantsList.tsx
FN:24,(anonymous_1)
FN:30,(anonymous_2)
FN:36,(anonymous_3)
FN:42,(anonymous_4)
FN:46,(anonymous_5)
FN:58,(anonymous_6)
FN:62,(anonymous_7)
FN:68,(anonymous_8)
FN:68,(anonymous_9)
FN:72,(anonymous_10)
FN:74,(anonymous_11)
FN:92,(anonymous_12)
FNF:12
FNH:4
FNDA:12,(anonymous_1)
FNDA:0,(anonymous_2)
FNDA:0,(anonymous_3)
FNDA:7,(anonymous_4)
FNDA:0,(anonymous_5)
FNDA:0,(anonymous_6)
FNDA:0,(anonymous_7)
FNDA:7,(anonymous_8)
FNDA:0,(anonymous_9)
FNDA:7,(anonymous_10)
FNDA:0,(anonymous_11)
FNDA:0,(anonymous_12)
DA:1,1
DA:2,1
DA:6,1
DA:7,1
DA:8,1
DA:10,1
DA:12,1
DA:14,1
DA:16,1
DA:18,1
DA:24,1
DA:25,12
DA:26,12
DA:27,12
DA:28,12
DA:29,12
DA:30,0
DA:33,12
DA:35,12
DA:36,0
DA:42,12
DA:43,7
DA:44,7
DA:46,7
DA:47,0
DA:48,0
DA:49,0
DA:50,0
DA:54,7
DA:55,0
DA:58,7
DA:59,7
DA:62,12
DA:63,0
DA:64,0
DA:67,12
DA:68,7
DA:72,12
DA:73,7
DA:74,0
DA:81,12
DA:93,0
LF:42
LH:31
BRDA:36,0,0,12
BRDA:36,0,1,12
BRDA:47,1,0,0
BRDA:47,1,1,0
BRDA:49,2,0,0
BRDA:54,3,0,0
BRDA:74,4,0,7
BRDA:74,4,1,7
BRF:8
BRH:4
end_of_record
TN:
SF:src/components/RestaurantsListSelector/RestaurantsListSelector.tsx
FN:42,(anonymous_1)
FN:46,(anonymous_2)
FN:51,(anonymous_3)
FN:59,(anonymous_4)
FN:66,(anonymous_5)
FN:73,(anonymous_6)
FN:79,(anonymous_7)
FN:80,(anonymous_8)
FN:89,(anonymous_9)
FN:92,(anonymous_10)
FN:105,(anonymous_11)
FN:115,(anonymous_12)
FN:118,(anonymous_13)
FNF:13
FNH:9
FNDA:1,(anonymous_1)
FNDA:0,(anonymous_2)
FNDA:1,(anonymous_3)
FNDA:31,(anonymous_4)
FNDA:0,(anonymous_5)
FNDA:15,(anonymous_6)
FNDA:15,(anonymous_7)
FNDA:15,(anonymous_8)
FNDA:0,(anonymous_9)
FNDA:0,(anonymous_10)
FNDA:16,(anonymous_11)
FNDA:16,(anonymous_12)
FNDA:2,(anonymous_13)
DA:1,1
DA:2,1
DA:3,1
DA:4,1
DA:5,1
DA:6,1
DA:10,1
DA:12,1
DA:15,1
DA:27,1
DA:42,1
DA:43,1
DA:46,1
DA:47,0
DA:51,1
DA:52,1
DA:59,1
DA:66,31
DA:67,0
DA:68,0
DA:71,31
DA:73,31
DA:74,15
DA:78,31
DA:80,15
DA:88,31
DA:90,0
DA:92,0
DA:94,0
DA:95,0
DA:98,0
DA:104,31
DA:106,16
DA:117,16
DA:119,2
DA:137,31
LF:36
LH:28
BRDA:74,0,0,15
BRDA:74,0,1,0
BRDA:94,1,0,0
BRDA:94,1,1,0
BRDA:120,2,0,0
BRDA:120,2,1,2
BRDA:124,3,0,2
BRDA:124,3,1,0
BRF:8
BRH:3
end_of_record
TN:
SF:src/components/RoundedButton/RoundedButton.tsx
FN:18,(anonymous_1)
FN:23,(anonymous_2)
FNF:2
FNH:1
FNDA:19,(anonymous_1)
FNDA:0,(anonymous_2)
DA:1,4
DA:3,4
DA:4,4
DA:18,4
DA:19,19
DA:22,19
DA:23,0
DA:36,19
LF:8
LH:7
BRDA:23,0,0,0
BRDA:23,0,1,0
BRDA:27,1,0,0
BRDA:27,1,1,19
BRDA:28,2,0,0
BRDA:28,2,1,19
BRDA:38,3,0,0
BRDA:38,3,1,19
BRDA:38,4,0,19
BRDA:38,4,1,0
BRDA:40,5,0,0
BRDA:40,5,1,19
BRDA:46,6,0,0
BRDA:46,6,1,0
BRDA:47,7,0,0
BRDA:47,7,1,0
BRF:16
BRH:5
end_of_record
TN:
SF:src/components/Stories/Stories.tsx
FN:12,(anonymous_0)
FN:17,(anonymous_1)
FN:18,(anonymous_2)
FN:19,(anonymous_3)
FN:20,(anonymous_4)
FN:34,(anonymous_5)
FN:39,(anonymous_6)
FN:47,(anonymous_7)
FNF:8
FNH:0
FNDA:0,(anonymous_0)
FNDA:0,(anonymous_1)
FNDA:0,(anonymous_2)
FNDA:0,(anonymous_3)
FNDA:0,(anonymous_4)
FNDA:0,(anonymous_5)
FNDA:0,(anonymous_6)
FNDA:0,(anonymous_7)
DA:1,2
DA:3,2
DA:4,2
DA:5,2
DA:6,2
DA:12,2
DA:13,0
DA:14,0
DA:15,0
DA:17,0
DA:18,0
DA:19,0
DA:20,0
DA:21,0
DA:22,0
DA:24,0
DA:25,0
DA:27,0
DA:34,0
DA:35,0
DA:36,0
DA:39,0
DA:40,0
DA:41,0
DA:47,0
DA:48,0
DA:49,0
DA:58,0
DA:61,0
LF:29
LH:6
BRDA:18,0,0,0
BRDA:18,0,1,0
BRDA:21,1,0,0
BRDA:21,2,0,0
BRDA:21,2,1,0
BRDA:24,3,0,0
BRDA:24,4,0,0
BRDA:24,4,1,0
BRDA:48,5,0,0
BRDA:48,6,0,0
BRDA:48,6,1,0
BRDA:48,6,2,0
BRDA:63,7,0,0
BRDA:63,7,1,0
BRF:14
BRH:0
end_of_record
TN:
SF:src/components/Stories/useIsMounted.ts
FN:3,useIsMounted
FN:6,(anonymous_1)
FN:9,(anonymous_2)
FN:14,(anonymous_3)
FNF:4
FNH:0
FNDA:0,useIsMounted
FNDA:0,(anonymous_1)
FNDA:0,(anonymous_2)
FNDA:0,(anonymous_3)
DA:1,2
DA:4,0
DA:6,0
DA:7,0
DA:9,0
DA:10,0
DA:14,0
DA:17,2
LF:8
LH:2
BRF:0
BRH:0
end_of_record
TN:
SF:src/components/Stories/usePreloader.ts
FN:5,(anonymous_0)
FN:6,(anonymous_1)
FN:7,(anonymous_2)
FN:33,(anonymous_3)
FN:34,(anonymous_4)
FN:40,(anonymous_5)
FN:49,(anonymous_6)
FN:50,(anonymous_7)
FNF:8
FNH:0
FNDA:0,(anonymous_0)
FNDA:0,(anonymous_1)
FNDA:0,(anonymous_2)
FNDA:0,(anonymous_3)
FNDA:0,(anonymous_4)
FNDA:0,(anonymous_5)
FNDA:0,(anonymous_6)
FNDA:0,(anonymous_7)
DA:1,2
DA:5,2
DA:6,0
DA:7,0
DA:8,0
DA:10,0
DA:11,0
DA:12,0
DA:13,0
DA:14,0
DA:15,0
DA:18,0
DA:19,0
DA:20,0
DA:21,0
DA:26,0
DA:30,2
DA:33,2
DA:34,0
DA:35,0
DA:40,2
DA:41,0
DA:42,0
DA:43,0
DA:49,2
DA:50,0
DA:51,0
DA:52,0
DA:54,0
DA:58,0
DA:59,0
LF:31
LH:6
BRDA:8,0,0,0
BRDA:10,1,0,0
BRDA:41,2,0,0
BRDA:42,3,0,0
BRF:4
BRH:0
end_of_record
TN:
SF:src/components/Stories/StoriesBlocksSwiper/StoriesBlock.tsx
FN:13,(anonymous_1)
FN:14,(anonymous_2)
FNF:2
FNH:0
FNDA:0,(anonymous_1)
FNDA:0,(anonymous_2)
DA:1,2
DA:2,2
DA:3,2
DA:13,2
DA:14,0
DA:15,0
DA:18,0
LF:7
LH:4
BRDA:13,0,0,0
BRDA:23,1,0,0
BRDA:23,1,1,0
BRDA:26,2,0,0
BRDA:26,2,1,0
BRF:5
BRH:0
end_of_record
TN:
SF:src/components/Stories/StoriesBlocksSwiper/StoriesBlocksSwiper.tsx
FN:18,(anonymous_0)
FN:21,(anonymous_1)
FN:22,(anonymous_2)
FNF:3
FNH:0
FNDA:0,(anonymous_0)
FNDA:0,(anonymous_1)
FNDA:0,(anonymous_2)
DA:1,2
DA:2,2
DA:3,2
DA:4,2
DA:8,2
DA:10,2
DA:18,2
DA:19,0
DA:21,0
DA:22,0
DA:25,0
DA:39,0
LF:12
LH:7
BRDA:26,0,0,0
BRDA:26,0,1,0
BRF:2
BRH:0
end_of_record
TN:
SF:src/components/Stories/StoriesComponents/Custom.tsx
FN:15,(anonymous_1)
FN:35,(anonymous_2)
FN:41,(anonymous_3)
FNF:3
FNH:0
FNDA:0,(anonymous_1)
FNDA:0,(anonymous_2)
FNDA:0,(anonymous_3)
DA:1,2
DA:2,2
DA:3,2
DA:4,2
DA:5,2
DA:15,2
DA:24,0
DA:34,0
DA:35,0
DA:36,0
DA:37,0
DA:41,0
DA:42,0
DA:43,0
DA:44,0
DA:45,0
DA:46,0
DA:47,0
DA:49,0
DA:50,0
DA:52,0
DA:53,0
DA:56,0
DA:60,0
LF:24
LH:6
BRDA:36,0,0,0
BRDA:42,1,0,0
BRDA:43,2,0,0
BRDA:46,3,0,0
BRDA:49,4,0,0
BRDA:52,5,0,0
BRDA:62,6,0,0
BRDA:62,6,1,0
BRDA:62,7,0,0
BRDA:62,7,1,0
BRDA:77,8,0,0
BRDA:77,8,1,0
BRDA:91,9,0,0
BRDA:91,9,1,0
BRDA:91,9,2,0
BRDA:91,9,3,0
BRF:16
BRH:0
end_of_record
TN:
SF:src/components/Stories/StoriesComponents/Image.tsx
FN:17,(anonymous_1)
FN:27,(anonymous_2)
FNF:2
FNH:0
FNDA:0,(anonymous_1)
FNDA:0,(anonymous_2)
DA:1,2
DA:2,2
DA:4,2
DA:17,2
DA:27,0
DA:28,0
DA:29,0
DA:30,0
DA:34,0
LF:9
LH:4
BRDA:28,0,0,0
BRF:1
BRH:0
end_of_record
TN:
SF:src/components/Stories/StoriesComponents/StoriesLoader.tsx
FN:9,(anonymous_1)
FNF:1
FNH:0
FNDA:0,(anonymous_1)
DA:2,2
DA:3,2
DA:9,2
DA:10,0
DA:11,0
DA:13,0
LF:6
LH:3
BRDA:10,0,0,0
BRF:1
BRH:0
end_of_record
TN:
SF:src/components/Stories/StoriesComponents/Video.tsx
FN:19,(anonymous_1)
FN:32,(anonymous_2)
FN:37,(anonymous_3)
FN:42,(anonymous_4)
FN:46,(anonymous_5)
FN:53,(anonymous_6)
FN:61,(anonymous_7)
FNF:7
FNH:0
FNDA:0,(anonymous_1)
FNDA:0,(anonymous_2)
FNDA:0,(anonymous_3)
FNDA:0,(anonymous_4)
FNDA:0,(anonymous_5)
FNDA:0,(anonymous_6)
FNDA:0,(anonymous_7)
DA:2,2
DA:3,2
DA:5,2
DA:19,2
DA:30,0
DA:32,0
DA:33,0
DA:34,0
DA:37,0
DA:38,0
DA:39,0
DA:42,0
DA:43,0
DA:44,0
DA:45,0
DA:46,0
DA:47,0
DA:53,0
DA:54,0
DA:56,0
DA:58,0
DA:59,0
DA:61,0
DA:62,0
DA:67,0
LF:25
LH:4
BRDA:43,0,0,0
BRDA:45,1,0,0
BRDA:56,2,0,0
BRDA:58,3,0,0
BRDA:58,3,1,0
BRDA:58,4,0,0
BRDA:58,4,1,0
BRF:7
BRH:0
end_of_record
TN:
SF:src/components/Stories/StoriesContainer/StoriesContainer.tsx
FN:33,(anonymous_1)
FN:51,(anonymous_2)
FN:84,(anonymous_3)
FN:96,(anonymous_4)
FN:103,(anonymous_5)
FN:115,(anonymous_6)
FN:121,(anonymous_7)
FN:135,(anonymous_8)
FN:137,(anonymous_9)
FN:143,(anonymous_10)
FN:143,(anonymous_11)
FN:155,(anonymous_12)
FN:159,(anonymous_13)
FN:177,(anonymous_14)
FN:178,(anonymous_15)
FN:184,(anonymous_16)
FNF:16
FNH:0
FNDA:0,(anonymous_1)
FNDA:0,(anonymous_2)
FNDA:0,(anonymous_3)
FNDA:0,(anonymous_4)
FNDA:0,(anonymous_5)
FNDA:0,(anonymous_6)
FNDA:0,(anonymous_7)
FNDA:0,(anonymous_8)
FNDA:0,(anonymous_9)
FNDA:0,(anonymous_10)
FNDA:0,(anonymous_11)
FNDA:0,(anonymous_12)
FNDA:0,(anonymous_13)
FNDA:0,(anonymous_14)
FNDA:0,(anonymous_15)
FNDA:0,(anonymous_16)
DA:2,2
DA:3,2
DA:4,2
DA:5,2
DA:6,2
DA:7,2
DA:8,2
DA:9,2
DA:33,2
DA:37,0
DA:39,0
DA:41,0
DA:43,0
DA:45,0
DA:47,0
DA:51,2
DA:70,0
DA:71,0
DA:75,0
DA:76,0
DA:77,0
DA:78,0
DA:81,0
DA:84,0
DA:85,0
DA:86,0
DA:87,0
DA:88,0
DA:89,0
DA:96,0
DA:97,0
DA:98,0
DA:103,0
DA:104,0
DA:105,0
DA:106,0
DA:107,0
DA:110,0
DA:111,0
DA:115,0
DA:116,0
DA:117,0
DA:118,0
DA:121,0
DA:122,0
DA:123,0
DA:125,0
DA:127,0
DA:128,0
DA:130,0
DA:131,0
DA:135,0
DA:136,0
DA:137,0
DA:138,0
DA:142,0
DA:143,0
DA:144,0
DA:145,0
DA:146,0
DA:147,0
DA:149,0
DA:155,0
DA:156,0
DA:159,0
DA:177,0
DA:178,0
DA:179,0
DA:180,0
DA:182,0
DA:183,0
DA:184,0
DA:188,0
DA:227,2
LF:74
LH:11
BRDA:37,0,0,0
BRDA:37,0,1,0
BRDA:37,0,2,0
BRDA:37,0,3,0
BRDA:37,0,4,0
BRDA:45,1,0,0
BRDA:45,1,1,0
BRDA:64,2,0,0
BRDA:85,3,0,0
BRDA:85,3,1,0
BRDA:85,4,0,0
BRDA:85,4,1,0
BRDA:85,4,2,0
BRDA:88,5,0,0
BRDA:97,6,0,0
BRDA:98,7,0,0
BRDA:98,7,1,0
BRDA:104,8,0,0
BRDA:104,8,1,0
BRDA:106,9,0,0
BRDA:121,10,0,0
BRDA:122,11,0,0
BRDA:122,12,0,0
BRDA:122,12,1,0
BRDA:125,13,0,0
BRDA:130,14,0,0
BRDA:130,15,0,0
BRDA:130,15,1,0
BRDA:146,16,0,0
BRDA:146,16,1,0
BRDA:149,17,0,0
BRDA:149,17,1,0
BRDA:179,18,0,0
BRDA:179,18,1,0
BRDA:180,19,0,0
BRDA:182,20,0,0
BRDA:182,21,0,0
BRDA:182,21,1,0
BRDA:217,22,0,0
BRDA:217,22,1,0
BRF:40
BRH:0
end_of_record
TN:
SF:src/components/Stories/StoriesProgress/Progress.tsx
FN:13,(anonymous_1)
FN:23,(anonymous_2)
FNF:2
FNH:0
FNDA:0,(anonymous_1)
FNDA:0,(anonymous_2)
DA:2,2
DA:3,2
DA:13,2
DA:23,0
DA:24,0
DA:26,0
DA:28,0
DA:30,0
DA:32,0
DA:36,0
DA:48,2
LF:11
LH:4
BRDA:24,0,0,0
BRDA:24,0,1,0
BRDA:24,0,2,0
BRDA:24,0,3,0
BRF:4
BRH:0
end_of_record
TN:
SF:src/components/Stories/StoriesProgress/ProgressArray.tsx
FN:6,(anonymous_1)
FN:20,(anonymous_2)
FN:38,(anonymous_3)
FN:43,(anonymous_4)
FN:69,(anonymous_5)
FN:83,(anonymous_6)
FN:91,(anonymous_7)
FN:103,(anonymous_8)
FN:110,(anonymous_9)
FN:110,(anonymous_10)
FNF:10
FNH:0
FNDA:0,(anonymous_1)
FNDA:0,(anonymous_2)
FNDA:0,(anonymous_3)
FNDA:0,(anonymous_4)
FNDA:0,(anonymous_5)
FNDA:0,(anonymous_6)
FNDA:0,(anonymous_7)
FNDA:0,(anonymous_8)
FNDA:0,(anonymous_9)
FNDA:0,(anonymous_10)
DA:1,2
DA:3,2
DA:4,2
DA:6,2
DA:20,2
DA:33,0
DA:34,0
DA:35,0
DA:38,0
DA:39,0
DA:43,0
DA:44,0
DA:46,0
DA:47,0
DA:48,0
DA:51,0
DA:53,0
DA:56,0
DA:57,0
DA:60,0
DA:61,0
DA:65,0
DA:66,0
DA:67,0
DA:69,0
DA:70,0
DA:71,0
DA:72,0
DA:73,0
DA:74,0
DA:75,0
DA:77,0
DA:78,0
DA:83,0
DA:84,0
DA:85,0
DA:87,0
DA:88,0
DA:91,0
DA:92,0
DA:103,0
DA:104,0
DA:105,0
DA:110,0
DA:111,0
DA:121,0
DA:133,2
LF:47
LH:6
BRDA:6,0,0,0
BRDA:6,0,1,0
BRDA:46,1,0,0
BRDA:51,2,0,0
BRDA:51,2,1,0
BRDA:51,3,0,0
BRDA:51,3,1,0
BRDA:53,4,0,0
BRDA:60,5,0,0
BRDA:71,6,0,0
BRDA:84,7,0,0
BRDA:84,7,1,0
BRDA:84,8,0,0
BRDA:84,8,1,0
BRDA:104,9,0,0
BRDA:115,10,0,0
BRDA:115,10,1,0
BRDA:115,11,0,0
BRDA:115,11,1,0
BRDA:125,12,0,0
BRDA:125,12,1,0
BRDA:125,13,0,0
BRDA:125,13,1,0
BRF:23
BRH:0
end_of_record
TN:
SF:src/components/Stories/StoriesProgress/ProgressWrapper.tsx
FN:11,(anonymous_1)
FN:25,(anonymous_2)
FNF:2
FNH:0
FNDA:0,(anonymous_1)
FNDA:0,(anonymous_2)
DA:2,2
DA:11,2
DA:13,0
DA:25,2
DA:29,2
LF:5
LH:4
BRF:0
BRH:0
end_of_record
TN:
SF:src/components/Stories/StoriesSwiper/StoriesSlide.tsx
FN:27,(anonymous_1)
FN:41,(anonymous_2)
FN:42,(anonymous_3)
FN:46,(anonymous_4)
FN:50,(anonymous_5)
FN:51,(anonymous_6)
FN:52,(anonymous_7)
FN:79,(anonymous_8)
FN:80,(anonymous_9)
FN:81,(anonymous_10)
FN:132,(anonymous_11)
FNF:11
FNH:0
FNDA:0,(anonymous_1)
FNDA:0,(anonymous_2)
FNDA:0,(anonymous_3)
FNDA:0,(anonymous_4)
FNDA:0,(anonymous_5)
FNDA:0,(anonymous_6)
FNDA:0,(anonymous_7)
FNDA:0,(anonymous_8)
FNDA:0,(anonymous_9)
FNDA:0,(anonymous_10)
FNDA:0,(anonymous_11)
DA:2,2
DA:3,2
DA:4,2
DA:5,2
DA:6,2
DA:7,2
DA:8,2
DA:9,2
DA:27,2
DA:37,0
DA:38,0
DA:41,0
DA:42,0
DA:43,0
DA:46,0
DA:47,0
DA:50,0
DA:51,0
DA:52,0
DA:53,0
DA:54,0
DA:62,0
DA:63,0
DA:70,0
DA:76,0
DA:79,0
DA:80,0
DA:81,0
DA:83,0
DA:84,0
DA:85,0
DA:86,0
DA:87,0
DA:93,0
DA:95,0
DA:101,0
DA:106,0
DA:107,0
DA:108,0
DA:110,0
DA:113,0
DA:114,0
DA:117,0
LF:43
LH:9
BRDA:53,0,0,0
BRDA:83,1,0,0
BRDA:83,1,1,0
BRDA:85,2,0,0
BRDA:85,3,0,0
BRDA:85,3,1,0
BRDA:107,4,0,0
BRDA:108,5,0,0
BRDA:108,5,1,0
BRDA:114,6,0,0
BRDA:114,6,1,0
BRF:11
BRH:0
end_of_record
TN:
SF:src/components/Stories/StoriesSwiper/StoriesSwiper.tsx
FN:15,(anonymous_1)
FN:20,(anonymous_2)
FN:24,(anonymous_3)
FN:28,(anonymous_4)
FN:37,(anonymous_5)
FN:38,(anonymous_6)
FNF:6
FNH:0
FNDA:0,(anonymous_1)
FNDA:0,(anonymous_2)
FNDA:0,(anonymous_3)
FNDA:0,(anonymous_4)
FNDA:0,(anonymous_5)
FNDA:0,(anonymous_6)
DA:1,2
DA:2,2
DA:3,2
DA:6,2
DA:15,2
DA:16,0
DA:17,0
DA:20,0
DA:21,0
DA:24,0
DA:25,0
DA:28,0
DA:29,0
DA:30,0
DA:32,0
DA:37,0
DA:38,0
DA:39,0
DA:52,0
LF:19
LH:5
BRDA:29,0,0,0
BRDA:29,0,1,0
BRF:2
BRH:0
end_of_record
TN:
SF:src/components/Stories/Story/Story.tsx
FN:35,(anonymous_1)
FNF:1
FNH:0
FNDA:0,(anonymous_1)
DA:4,2
DA:5,2
DA:6,2
DA:7,2
DA:29,2
DA:35,2
DA:49,0
DA:52,0
DA:65,0
DA:72,2
LF:10
LH:7
BRF:0
BRH:0
end_of_record
TN:
SF:src/components/Stories/storiesReducer/storiesReducer.ts
FN:8,(anonymous_0)
FNF:1
FNH:0
FNDA:0,(anonymous_0)
DA:1,2
DA:8,2
DA:9,0
DA:11,0
DA:13,0
DA:14,0
DA:15,0
DA:16,0
DA:18,0
DA:20,0
DA:21,0
DA:23,0
LF:12
LH:2
BRDA:9,0,0,0
BRDA:9,0,1,0
BRDA:9,0,2,0
BRDA:9,0,3,0
BRDA:15,1,0,0
BRDA:18,2,0,0
BRDA:18,2,1,0
BRF:7
BRH:0
end_of_record
TN:
SF:src/components/TextInput/TextInput.tsx
FN:16,(anonymous_1)
FN:26,(anonymous_2)
FNF:2
FNH:1
FNDA:8,(anonymous_1)
FNDA:0,(anonymous_2)
DA:1,1
DA:2,1
DA:4,1
DA:16,1
DA:25,8
DA:26,8
DA:27,0
DA:29,8
LF:8
LH:7
BRDA:38,0,0,0
BRDA:38,0,1,8
BRF:2
BRH:1
end_of_record
TN:
SF:src/components/TimeInput/TimeInput.tsx
FN:12,(anonymous_1)
FN:16,(anonymous_2)
FN:29,(anonymous_3)
FN:51,(anonymous_4)
FNF:4
FNH:0
FNDA:0,(anonymous_1)
FNDA:0,(anonymous_2)
FNDA:0,(anonymous_3)
FNDA:0,(anonymous_4)
DA:1,0
DA:2,0
DA:3,0
DA:12,0
DA:13,0
DA:14,0
DA:16,0
DA:17,0
DA:18,0
DA:20,0
DA:21,0
DA:23,0
DA:24,0
DA:25,0
DA:29,0
DA:30,0
DA:31,0
DA:32,0
DA:33,0
DA:35,0
DA:38,0
DA:42,0
DA:51,0
LF:23
LH:0
BRDA:20,0,0,0
BRDA:20,0,1,0
BRDA:30,1,0,0
BRDA:30,1,1,0
BRDA:31,2,0,0
BRDA:31,2,1,0
BRDA:31,3,0,0
BRDA:31,3,1,0
BRDA:44,4,0,0
BRDA:44,4,1,0
BRDA:54,5,0,0
BRDA:54,5,1,0
BRDA:55,6,0,0
BRDA:55,6,1,0
BRF:14
BRH:0
end_of_record
TN:
SF:src/components/TimeSelectorPopup/TimeSelectorPopup.tsx
FN:12,(anonymous_1)
FN:38,(anonymous_2)
FN:75,(anonymous_3)
FN:89,(anonymous_4)
FN:95,(anonymous_5)
FN:112,(anonymous_6)
FN:114,(anonymous_7)
FNF:7
FNH:0
FNDA:0,(anonymous_1)
FNDA:0,(anonymous_2)
FNDA:0,(anonymous_3)
FNDA:0,(anonymous_4)
FNDA:0,(anonymous_5)
FNDA:0,(anonymous_6)
FNDA:0,(anonymous_7)
DA:1,0
DA:2,0
DA:3,0
DA:4,0
DA:5,0
DA:6,0
DA:8,0
DA:9,0
DA:10,0
DA:12,0
DA:13,0
DA:14,0
DA:15,0
DA:16,0
DA:18,0
DA:22,0
DA:26,0
DA:27,0
DA:29,0
DA:30,0
DA:35,0
DA:38,0
DA:39,0
DA:40,0
DA:41,0
DA:42,0
DA:46,0
DA:48,0
DA:60,0
DA:75,0
DA:85,0
DA:89,0
DA:90,0
DA:91,0
DA:95,0
DA:96,0
DA:103,0
DA:113,0
DA:115,0
DA:139,0
LF:40
LH:0
BRDA:13,0,0,0
BRDA:13,1,0,0
BRDA:13,1,1,0
BRDA:19,2,0,0
BRDA:19,2,1,0
BRDA:19,2,2,0
BRDA:27,3,0,0
BRDA:29,4,0,0
BRDA:85,5,0,0
BRDA:85,5,1,0
BRDA:85,6,0,0
BRDA:85,6,1,0
BRDA:90,7,0,0
BRDA:90,8,0,0
BRDA:90,8,1,0
BRDA:90,8,2,0
BRDA:119,9,0,0
BRDA:119,9,1,0
BRF:18
BRH:0
end_of_record
TN:
SF:src/components/TimeSlots/TimeSlots.tsx
FN:19,(anonymous_10)
FN:29,(anonymous_11)
FN:37,(anonymous_12)
FN:38,(anonymous_13)
FN:49,(anonymous_14)
FN:50,(anonymous_15)
FN:79,(anonymous_16)
FN:84,(anonymous_17)
FN:92,(anonymous_18)
FN:100,(anonymous_19)
FN:118,(anonymous_20)
FN:125,(anonymous_21)
FN:128,(anonymous_22)
FN:129,(anonymous_23)
FN:130,(anonymous_24)
FN:136,(anonymous_25)
FN:144,(anonymous_26)
FN:155,(anonymous_27)
FN:163,(anonymous_28)
FN:165,(anonymous_29)
FN:214,(anonymous_30)
FNF:21
FNH:0
FNDA:0,(anonymous_10)
FNDA:0,(anonymous_11)
FNDA:0,(anonymous_12)
FNDA:0,(anonymous_13)
FNDA:0,(anonymous_14)
FNDA:0,(anonymous_15)
FNDA:0,(anonymous_16)
FNDA:0,(anonymous_17)
FNDA:0,(anonymous_18)
FNDA:0,(anonymous_19)
FNDA:0,(anonymous_20)
FNDA:0,(anonymous_21)
FNDA:0,(anonymous_22)
FNDA:0,(anonymous_23)
FNDA:0,(anonymous_24)
FNDA:0,(anonymous_25)
FNDA:0,(anonymous_26)
FNDA:0,(anonymous_27)
FNDA:0,(anonymous_28)
FNDA:0,(anonymous_29)
FNDA:0,(anonymous_30)
DA:1,0
DA:2,0
DA:3,0
DA:4,0
DA:5,0
DA:6,0
DA:8,0
DA:9,0
DA:19,0
DA:20,0
DA:22,0
DA:23,0
DA:25,0
DA:29,0
DA:30,0
DA:31,0
DA:32,0
DA:33,0
DA:37,0
DA:38,0
DA:49,0
DA:50,0
DA:52,0
DA:54,0
DA:79,0
DA:80,0
DA:84,0
DA:92,0
DA:100,0
DA:118,0
DA:125,0
DA:128,0
DA:129,0
DA:130,0
DA:133,0
DA:136,0
DA:137,0
DA:138,0
DA:139,0
DA:140,0
DA:144,0
DA:146,0
DA:147,0
DA:148,0
DA:149,0
DA:150,0
DA:155,0
DA:156,0
DA:157,0
DA:158,0
DA:163,0
DA:164,0
DA:165,0
DA:168,0
DA:169,0
DA:173,0
DA:185,0
DA:215,0
LF:58
LH:0
BRDA:20,0,0,0
BRDA:20,1,0,0
BRDA:20,1,1,0
BRDA:25,2,0,0
BRDA:25,2,1,0
BRDA:31,3,0,0
BRDA:31,4,0,0
BRDA:31,4,1,0
BRDA:32,5,0,0
BRDA:32,6,0,0
BRDA:32,6,1,0
BRDA:52,7,0,0
BRDA:58,8,0,0
BRDA:58,8,1,0
BRDA:63,9,0,0
BRDA:63,9,1,0
BRDA:81,10,0,0
BRDA:81,10,1,0
BRDA:83,11,0,0
BRDA:83,11,1,0
BRDA:89,12,0,0
BRDA:89,12,1,0
BRDA:91,13,0,0
BRDA:91,13,1,0
BRDA:97,14,0,0
BRDA:97,14,1,0
BRDA:99,15,0,0
BRDA:99,15,1,0
BRDA:137,16,0,0
BRDA:138,17,0,0
BRDA:139,18,0,0
BRDA:146,19,0,0
BRDA:147,20,0,0
BRDA:147,20,1,0
BRDA:148,21,0,0
BRDA:148,21,1,0
BRDA:149,22,0,0
BRDA:149,22,1,0
BRDA:156,23,0,0
BRDA:164,24,0,0
BRDA:168,25,0,0
BRDA:188,26,0,0
BRDA:188,26,1,0
BRDA:202,27,0,0
BRDA:202,27,1,0
BRDA:204,28,0,0
BRDA:204,28,1,0
BRF:47
BRH:0
end_of_record
TN:
SF:src/components/Toast/Toast.tsx
FN:7,(anonymous_1)
FNF:1
FNH:1
FNDA:3,(anonymous_1)
DA:2,1
DA:3,1
DA:4,1
DA:5,1
DA:7,1
DA:8,3
DA:9,3
DA:10,2
DA:12,1
LF:9
LH:9
BRDA:9,0,0,2
BRF:1
BRH:1
end_of_record
TN:
SF:src/components/YandexTaxi/Taxi.tsx
FN:8,(anonymous_1)
FNF:1
FNH:0
FNDA:0,(anonymous_1)
DA:1,0
DA:8,0
DA:9,0
LF:3
LH:0
BRF:0
BRH:0
end_of_record
TN:
SF:src/hooks/useBookingFormValidation.ts
FN:32,(anonymous_0)
FN:42,(anonymous_1)
FN:43,(anonymous_2)
FN:44,(anonymous_3)
FN:45,(anonymous_4)
FN:46,(anonymous_5)
FN:49,(anonymous_6)
FN:55,(anonymous_7)
FN:65,(anonymous_8)
FN:68,(anonymous_9)
FNF:10
FNH:0
FNDA:0,(anonymous_0)
FNDA:0,(anonymous_1)
FNDA:0,(anonymous_2)
FNDA:0,(anonymous_3)
FNDA:0,(anonymous_4)
FNDA:0,(anonymous_5)
FNDA:0,(anonymous_6)
FNDA:0,(anonymous_7)
FNDA:0,(anonymous_8)
FNDA:0,(anonymous_9)
DA:1,0
DA:7,0
DA:32,0
DA:33,0
DA:40,0
DA:42,0
DA:43,0
DA:44,0
DA:45,0
DA:46,0
DA:49,0
DA:51,0
DA:55,0
DA:57,0
DA:65,0
DA:66,0
DA:67,0
DA:68,0
DA:72,0
DA:76,0
LF:20
LH:0
BRDA:51,0,0,0
BRDA:51,0,1,0
BRDA:51,0,2,0
BRDA:51,0,3,0
BRDA:66,1,0,0
BRF:5
BRH:0
end_of_record
TN:
SF:src/hooks/useGastronomyCart.ts
FN:13,(anonymous_0)
FN:15,(anonymous_1)
FN:18,(anonymous_2)
FN:31,(anonymous_3)
FN:33,(anonymous_4)
FN:40,(anonymous_5)
FN:69,(anonymous_6)
FN:71,(anonymous_7)
FN:80,(anonymous_8)
FN:82,(anonymous_9)
FN:105,(anonymous_10)
FN:115,(anonymous_11)
FN:116,(anonymous_12)
FN:125,(anonymous_13)
FN:126,(anonymous_14)
FN:132,(anonymous_15)
FN:146,(anonymous_16)
FN:147,(anonymous_17)
FNF:18
FNH:18
FNDA:12,(anonymous_0)
FNDA:11,(anonymous_1)
FNDA:11,(anonymous_2)
FNDA:10,(anonymous_3)
FNDA:4,(anonymous_4)
FNDA:4,(anonymous_5)
FNDA:2,(anonymous_6)
FNDA:2,(anonymous_7)
FNDA:1,(anonymous_8)
FNDA:1,(anonymous_9)
FNDA:77,(anonymous_10)
FNDA:10,(anonymous_11)
FNDA:10,(anonymous_12)
FNDA:2,(anonymous_13)
FNDA:2,(anonymous_14)
FNDA:1,(anonymous_15)
FNDA:2,(anonymous_16)
FNDA:2,(anonymous_17)
DA:1,2
DA:2,2
DA:3,2
DA:13,2
DA:14,12
DA:15,11
DA:18,12
DA:19,12
DA:31,2
DA:33,10
DA:34,10
DA:35,10
DA:39,10
DA:40,4
DA:41,4
DA:46,6
DA:55,6
DA:58,10
DA:69,2
DA:71,2
DA:73,2
DA:74,0
DA:79,2
DA:80,1
DA:82,1
DA:83,1
DA:89,2
DA:105,2
DA:106,77
DA:115,77
DA:116,10
DA:125,77
DA:126,2
DA:132,77
DA:133,1
DA:146,77
DA:147,2
DA:150,77
LF:38
LH:37
BRDA:34,0,0,10
BRDA:34,0,1,0
BRDA:35,1,0,10
BRDA:35,1,1,0
BRDA:39,2,0,4
BRDA:39,2,1,6
BRDA:41,3,0,4
BRDA:41,3,1,0
BRDA:73,4,0,0
BRDA:79,5,0,1
BRDA:79,5,1,1
BRDA:83,6,0,1
BRDA:83,6,1,0
BRDA:115,7,0,0
BRDA:147,8,0,2
BRDA:147,8,1,1
BRF:16
BRH:10
end_of_record
TN:
SF:src/hooks/useNavigationHistory.ts
FN:17,(anonymous_0)
FN:31,(anonymous_1)
FN:32,(anonymous_2)
FN:43,(anonymous_3)
FN:51,(anonymous_4)
FN:61,(anonymous_5)
FN:82,(anonymous_6)
FN:97,(anonymous_7)
FNF:8
FNH:7
FNDA:42,(anonymous_0)
FNDA:22,(anonymous_1)
FNDA:22,(anonymous_2)
FNDA:22,(anonymous_3)
FNDA:0,(anonymous_4)
FNDA:1,(anonymous_5)
FNDA:1,(anonymous_6)
FNDA:3,(anonymous_7)
DA:1,5
DA:2,5
DA:3,5
DA:4,5
DA:17,5
DA:22,42
DA:23,42
DA:24,42
DA:31,42
DA:32,22
DA:34,22
DA:36,8
DA:38,8
DA:43,42
DA:44,22
DA:51,42
DA:52,0
DA:53,0
DA:61,42
DA:62,1
DA:64,1
DA:66,1
DA:67,2
DA:68,2
DA:72,1
DA:82,42
DA:84,1
DA:86,1
DA:88,0
DA:89,0
DA:92,1
DA:94,1
DA:97,3
DA:98,0
DA:101,1
DA:105,42
LF:36
LH:31
BRDA:34,0,0,14
BRDA:38,1,0,0
BRDA:38,1,1,8
BRDA:52,2,0,0
BRDA:62,3,0,0
BRDA:67,4,0,2
BRDA:86,5,0,0
BRDA:97,6,0,0
BRDA:97,6,1,1
BRDA:97,7,0,1
BRDA:97,7,1,1
BRF:11
BRH:6
end_of_record
TN:
SF:src/hooks/useRedirectLogic.ts
FN:88,(anonymous_0)
FN:115,(anonymous_1)
FN:160,(anonymous_2)
FN:162,(anonymous_3)
FN:174,(anonymous_4)
FNF:5
FNH:5
FNDA:14,(anonymous_0)
FNDA:2,(anonymous_1)
FNDA:2,(anonymous_2)
FNDA:7,(anonymous_3)
FNDA:7,(anonymous_4)
DA:1,1
DA:2,1
DA:3,1
DA:5,1
DA:11,1
DA:16,1
DA:30,1
DA:88,1
DA:89,14
DA:90,14
DA:91,14
DA:92,14
DA:93,14
DA:94,14
DA:95,14
DA:98,14
DA:101,14
DA:114,14
DA:116,2
DA:117,2
DA:118,2
DA:119,2
DA:120,2
DA:122,1
DA:123,1
DA:125,1
DA:126,1
DA:128,0
DA:129,0
DA:131,0
DA:132,0
DA:134,0
DA:135,0
DA:137,0
DA:138,0
DA:141,0
DA:160,14
DA:161,2
DA:162,7
DA:174,14
DA:175,7
DA:176,7
DA:177,3
DA:178,3
DA:180,1
DA:181,1
DA:183,0
DA:184,0
DA:186,0
DA:187,0
DA:189,0
DA:190,0
DA:192,2
DA:193,2
DA:195,3
DA:196,3
DA:200,4
DA:202,3
DA:203,1
DA:204,1
DA:206,1
DA:207,1
DA:208,1
DA:212,2
DA:214,2
DA:216,1
DA:217,1
DA:220,1
DA:221,1
DA:222,1
DA:227,2
DA:228,2
DA:230,2
DA:243,14
LF:74
LH:59
BRDA:118,0,0,2
BRDA:118,0,1,0
BRDA:120,1,0,1
BRDA:120,1,1,1
BRDA:120,1,2,0
BRDA:120,1,3,0
BRDA:120,1,4,0
BRDA:120,1,5,0
BRDA:162,2,0,2
BRDA:162,2,1,1
BRDA:176,3,0,3
BRDA:176,4,0,7
BRDA:176,4,1,3
BRDA:178,5,0,1
BRDA:178,5,1,0
BRDA:178,5,2,0
BRDA:178,5,3,0
BRDA:178,5,4,2
BRDA:200,6,0,3
BRDA:202,7,0,1
BRDA:202,8,0,3
BRDA:202,8,1,2
BRDA:202,8,2,1
BRDA:203,9,0,1
BRDA:212,10,0,2
BRDA:212,10,1,2
BRDA:214,11,0,1
BRDA:216,12,0,1
BRDA:227,13,0,2
BRF:29
BRH:21
end_of_record
TN:
SF:src/hooks/useRestaurantMenu.ts
FN:13,(anonymous_0)
FN:21,(anonymous_1)
FN:26,(anonymous_2)
FN:37,(anonymous_3)
FN:42,(anonymous_4)
FN:60,(anonymous_5)
FN:72,(anonymous_6)
FN:77,(anonymous_7)
FN:83,(anonymous_8)
FN:86,(anonymous_9)
FN:91,(anonymous_10)
FN:94,(anonymous_11)
FNF:12
FNH:0
FNDA:0,(anonymous_0)
FNDA:0,(anonymous_1)
FNDA:0,(anonymous_2)
FNDA:0,(anonymous_3)
FNDA:0,(anonymous_4)
FNDA:0,(anonymous_5)
FNDA:0,(anonymous_6)
FNDA:0,(anonymous_7)
FNDA:0,(anonymous_8)
FNDA:0,(anonymous_9)
FNDA:0,(anonymous_10)
FNDA:0,(anonymous_11)
DA:1,0
DA:2,0
DA:4,0
DA:5,0
DA:7,0
DA:11,0
DA:13,0
DA:14,0
DA:15,0
DA:16,0
DA:17,0
DA:18,0
DA:21,0
DA:22,0
DA:25,0
DA:26,0
DA:30,0
DA:32,0
DA:37,0
DA:42,0
DA:51,0
DA:57,0
DA:60,0
DA:61,0
DA:63,0
DA:64,0
DA:65,0
DA:66,0
DA:67,0
DA:70,0
DA:71,0
DA:73,0
DA:74,0
DA:75,0
DA:76,0
DA:77,0
DA:84,0
DA:87,0
DA:91,0
DA:92,0
DA:93,0
DA:94,0
DA:95,0
DA:96,0
DA:97,0
DA:101,0
LF:46
LH:0
BRDA:22,0,0,0
BRDA:30,1,0,0
BRDA:61,2,0,0
BRDA:61,3,0,0
BRDA:61,3,1,0
BRDA:63,4,0,0
BRDA:76,5,0,0
BRDA:96,6,0,0
BRF:8
BRH:0
end_of_record
TN:
SF:src/hooks/useToastState.ts
FN:10,(anonymous_0)
FN:18,(anonymous_1)
FNF:2
FNH:2
FNDA:59,(anonymous_0)
[...]
BRDA:286,49,0,0
BRDA:288,50,0,0
BRDA:288,50,1,0
BRDA:293,51,0,0
BRDA:306,52,0,0
BRDA:306,52,1,0
BRDA:310,53,0,0
BRDA:310,53,1,0
BRDA:313,54,0,0
BRDA:313,54,1,0
BRDA:317,55,0,0
BRDA:317,55,1,0
BRDA:317,56,0,0
BRDA:317,56,1,0
BRDA:317,57,0,0
BRDA:317,57,1,0
BRDA:319,58,0,0
BRDA:319,58,1,0
BRDA:319,58,2,0
BRDA:320,59,0,0
BRDA:320,59,1,0
BRDA:327,60,0,0
BRDA:327,60,1,0
BRDA:330,61,0,0
BRDA:330,61,1,0
BRDA:332,62,0,0
BRDA:332,62,1,0
BRDA:333,63,0,0
BRDA:333,63,1,0
BRDA:334,64,0,0
BRDA:334,64,1,0
BRDA:341,65,0,0
BRDA:341,65,1,0
BRDA:344,66,0,0
BRDA:344,66,1,0
BRDA:358,67,0,0
BRDA:360,68,0,0
BRDA:360,68,1,0
BRDA:365,69,0,0
BRDA:379,70,0,0
BRDA:379,70,1,0
BRDA:379,70,2,0
BRDA:380,71,0,0
BRDA:380,71,1,0
BRDA:386,72,0,0
BRDA:386,72,1,0
BRDA:389,73,0,0
BRDA:389,73,1,0
BRDA:399,74,0,0
BRDA:407,75,0,0
BRDA:422,76,0,0
BRDA:422,77,0,0
BRDA:422,77,1,0
BRDA:422,77,2,0
BRDA:422,77,3,0
BRDA:481,78,0,0
BRDA:481,78,1,0
BRDA:489,79,0,0
BRDA:489,79,1,0
BRDA:496,80,0,0
BRDA:496,80,1,0
BRDA:506,81,0,0
BRDA:506,81,1,0
BRDA:518,82,0,0
BRF:153
BRH:0
end_of_record
TN:
SF:src/pages/RestaurantPage/RestaurantPage.tsx
FN:47,(anonymous_1)
FN:69,(anonymous_2)
FN:92,(anonymous_3)
FN:100,(anonymous_4)
FN:103,(anonymous_5)
FN:112,(anonymous_6)
FN:125,(anonymous_7)
FN:126,(anonymous_8)
FN:130,(anonymous_9)
FN:131,(anonymous_10)
FN:139,(anonymous_11)
FN:143,(anonymous_12)
FN:144,(anonymous_13)
FN:155,(anonymous_14)
FN:161,(anonymous_15)
FN:166,(anonymous_16)
FN:167,(anonymous_17)
FN:172,(anonymous_18)
FN:175,(anonymous_19)
FN:176,(anonymous_20)
FN:178,(anonymous_21)
FN:180,(anonymous_22)
FN:180,(anonymous_23)
FNF:23
FNH:0
FNDA:0,(anonymous_1)
FNDA:0,(anonymous_2)
FNDA:0,(anonymous_3)
FNDA:0,(anonymous_4)
FNDA:0,(anonymous_5)
FNDA:0,(anonymous_6)
FNDA:0,(anonymous_7)
FNDA:0,(anonymous_8)
FNDA:0,(anonymous_9)
FNDA:0,(anonymous_10)
FNDA:0,(anonymous_11)
FNDA:0,(anonymous_12)
FNDA:0,(anonymous_13)
FNDA:0,(anonymous_14)
FNDA:0,(anonymous_15)
FNDA:0,(anonymous_16)
FNDA:0,(anonymous_17)
FNDA:0,(anonymous_18)
FNDA:0,(anonymous_19)
FNDA:0,(anonymous_20)
FNDA:0,(anonymous_21)
FNDA:0,(anonymous_22)
FNDA:0,(anonymous_23)
DA:1,0
DA:2,0
DA:3,0
DA:6,0
DA:12,0
DA:13,0
DA:14,0
DA:15,0
DA:17,0
DA:18,0
DA:19,0
DA:20,0
DA:21,0
DA:22,0
DA:23,0
DA:25,0
DA:26,0
DA:27,0
DA:28,0
DA:29,0
DA:30,0
DA:31,0
DA:32,0
DA:33,0
DA:34,0
DA:35,0
DA:37,0
DA:39,0
DA:41,0
DA:42,0
DA:43,0
DA:45,0
DA:47,0
DA:48,0
DA:49,0
DA:51,0
DA:52,0
DA:53,0
DA:54,0
DA:55,0
DA:56,0
DA:58,0
DA:59,0
DA:60,0
DA:61,0
DA:62,0
DA:63,0
DA:64,0
DA:65,0
DA:69,0
DA:70,0
DA:71,0
DA:80,0
DA:92,0
DA:93,0
DA:100,0
DA:101,0
DA:103,0
DA:104,0
DA:112,0
DA:113,0
DA:114,0
DA:117,0
DA:118,0
DA:125,0
DA:126,0
DA:127,0
DA:128,0
DA:129,0
DA:130,0
DA:132,0
DA:133,0
DA:134,0
DA:139,0
DA:140,0
DA:142,0
DA:144,0
DA:149,0
DA:151,0
DA:152,0
DA:156,0
DA:161,0
DA:162,0
DA:164,0
DA:165,0
DA:166,0
DA:168,0
DA:169,0
DA:170,0
DA:172,0
DA:175,0
DA:176,0
DA:177,0
DA:178,0
DA:179,0
DA:180,0
DA:184,0
LF:97
LH:0
BRDA:70,0,0,0
BRDA:70,0,1,0
BRDA:101,1,0,0
BRDA:113,2,0,0
BRDA:140,3,0,0
BRDA:151,4,0,0
BRDA:162,5,0,0
BRDA:162,6,0,0
BRDA:162,6,1,0
BRDA:177,7,0,0
BRDA:177,7,1,0
BRDA:178,8,0,0
BRDA:178,8,1,0
BRDA:189,9,0,0
BRDA:189,9,1,0
BRDA:196,10,0,0
BRDA:196,10,1,0
BRDA:239,11,0,0
BRDA:239,11,1,0
BRDA:262,12,0,0
BRDA:262,12,1,0
BRDA:271,13,0,0
BRDA:271,13,1,0
BRDA:273,14,0,0
BRDA:273,14,1,0
BRDA:273,14,2,0
BRDA:282,15,0,0
BRDA:282,15,1,0
BRDA:286,16,0,0
BRDA:286,16,1,0
BRDA:286,16,2,0
BRDA:305,17,0,0
BRDA:305,17,1,0
BRF:33
BRH:0
end_of_record
TN:
SF:src/pages/RestaurantPage/blocks/AboutBlock.tsx
FN:28,(anonymous_1)
FN:38,(anonymous_2)
FN:38,(anonymous_3)
FN:39,(anonymous_4)
FN:39,(anonymous_5)
FN:41,(anonymous_6)
FN:47,(anonymous_7)
FN:57,(anonymous_8)
FN:76,(anonymous_9)
FN:93,(anonymous_10)
FNF:10
FNH:8
FNDA:11,(anonymous_1)
FNDA:1,(anonymous_2)
FNDA:1,(anonymous_3)
FNDA:2,(anonymous_4)
FNDA:2,(anonymous_5)
FNDA:11,(anonymous_6)
FNDA:20,(anonymous_7)
FNDA:11,(anonymous_8)
FNDA:0,(anonymous_9)
FNDA:0,(anonymous_10)
DA:1,1
DA:2,1
DA:3,1
DA:7,1
DA:8,1
DA:9,1
DA:10,1
DA:11,1
DA:13,1
DA:15,1
DA:28,1
DA:35,11
DA:36,11
DA:38,11
DA:39,11
DA:41,11
DA:42,11
DA:44,10
DA:48,20
DA:57,11
DA:58,11
DA:59,10
DA:62,11
DA:76,0
DA:93,0
LF:25
LH:23
BRDA:42,0,0,1
BRDA:58,1,0,1
BRDA:70,2,0,11
BRDA:70,2,1,10
BRDA:76,3,0,0
BRDA:76,3,1,0
BRDA:78,4,0,10
BRDA:78,4,1,1
BRDA:93,5,0,0
BRDA:93,5,1,0
BRF:10
BRH:6
end_of_record
TN:
SF:src/pages/RestaurantPage/blocks/AddressBlock.tsx
FN:24,(anonymous_1)
FN:43,(anonymous_2)
FNF:2
FNH:2
FNDA:5,(anonymous_1)
FNDA:5,(anonymous_2)
DA:2,1
DA:3,1
DA:4,1
DA:5,1
DA:6,1
DA:8,1
DA:24,1
DA:34,5
DA:43,5
DA:44,5
DA:46,4
DA:54,5
LF:12
LH:12
BRDA:44,0,0,1
BRF:1
BRH:1
end_of_record
TN:
SF:src/pages/RestaurantPage/blocks/BanquetsBlock.tsx
FN:20,(anonymous_1)
FN:32,(anonymous_2)
FN:34,(anonymous_3)
FN:41,(anonymous_4)
FNF:4
FNH:4
FNDA:4,(anonymous_1)
FNDA:1,(anonymous_2)
FNDA:1,(anonymous_3)
FNDA:1,(anonymous_4)
DA:3,1
DA:4,1
DA:5,1
DA:6,1
DA:7,1
DA:8,1
DA:9,1
DA:10,1
DA:11,1
DA:20,1
DA:26,4
DA:32,4
DA:33,1
DA:34,1
DA:41,4
DA:42,1
DA:43,1
DA:51,4
LF:18
LH:18
BRDA:33,0,0,0
BRF:1
BRH:0
end_of_record
TN:
SF:src/pages/RestaurantPage/blocks/BookingsBlock.tsx
FN:45,(anonymous_1)
FN:67,(anonymous_2)
FN:71,(anonymous_3)
FN:88,(anonymous_4)
FN:98,(anonymous_5)
FN:109,(anonymous_6)
FN:148,(anonymous_7)
FN:161,(anonymous_8)
FN:168,(anonymous_9)
FN:172,(anonymous_10)
FNF:10
FNH:7
FNDA:7,(anonymous_1)
FNDA:0,(anonymous_2)
FNDA:0,(anonymous_3)
FNDA:1,(anonymous_4)
FNDA:12,(anonymous_5)
FNDA:0,(anonymous_6)
FNDA:1,(anonymous_7)
FNDA:3,(anonymous_8)
FNDA:12,(anonymous_9)
FNDA:1,(anonymous_10)
DA:1,1
DA:2,1
DA:3,1
DA:4,1
DA:5,1
DA:6,1
DA:7,1
DA:8,1
DA:13,1
DA:15,1
DA:16,1
DA:17,1
DA:18,1
DA:19,1
DA:22,1
DA:24,1
DA:45,1
DA:60,7
DA:61,7
DA:67,7
DA:68,0
DA:70,0
DA:71,0
DA:74,0
DA:76,0
DA:77,0
DA:78,0
DA:80,0
DA:81,0
DA:84,0
DA:85,0
DA:88,7
DA:89,1
DA:90,1
DA:98,7
DA:99,12
DA:100,12
DA:103,0
DA:107,0
DA:109,0
DA:110,0
DA:113,7
DA:148,1
DA:162,3
DA:169,12
DA:172,1
LF:46
LH:31
BRDA:68,0,0,0
BRDA:74,1,0,0
BRDA:80,2,0,0
BRDA:99,3,0,12
BRDA:107,4,0,0
BRDA:107,4,1,0
BRDA:107,5,0,0
BRDA:107,5,1,0
BRDA:107,5,2,0
BRDA:141,6,0,0
BRDA:141,6,1,7
BRDA:141,7,0,7
BRDA:141,7,1,7
BRDA:159,8,0,1
BRDA:159,8,1,6
BRDA:177,9,0,12
BRDA:177,9,1,0
BRF:17
BRH:7
end_of_record
TN:
SF:src/pages/RestaurantPage/blocks/CertificateBlock.tsx
FN:12,(anonymous_1)
FN:18,(anonymous_2)
FNF:2
FNH:0
FNDA:0,(anonymous_1)
FNDA:0,(anonymous_2)
DA:2,0
DA:3,0
DA:5,0
DA:6,0
DA:7,0
DA:8,0
DA:9,0
DA:10,0
DA:12,0
DA:13,0
DA:18,0
DA:19,0
DA:22,0
LF:13
LH:0
BRF:0
BRH:0
end_of_record
TN:
SF:src/pages/RestaurantPage/blocks/ChefBlock.tsx
FN:17,(anonymous_1)
FN:23,(anonymous_2)
FN:24,(anonymous_3)
FN:42,(anonymous_4)
FN:55,(anonymous_5)
FNF:5
FNH:5
FNDA:7,(anonymous_1)
FNDA:2,(anonymous_2)
FNDA:2,(anonymous_3)
FNDA:1,(anonymous_4)
FNDA:7,(anonymous_5)
DA:1,1
DA:2,1
DA:4,1
DA:5,1
DA:6,1
DA:7,1
DA:9,1
DA:17,1
DA:18,7
DA:23,7
DA:24,2
DA:27,7
DA:42,1
DA:56,7
LF:14
LH:14
BRDA:31,0,0,0
BRDA:31,0,1,7
BRDA:36,1,0,7
BRDA:36,1,1,5
BRDA:42,2,0,1
BRDA:42,2,1,1
BRDA:44,3,0,5
BRDA:44,3,1,2
BRF:8
BRH:7
end_of_record
TN:
SF:src/pages/RestaurantPage/blocks/EventsBlock.tsx
FN:16,(anonymous_0)
FN:23,(anonymous_1)
FN:37,(anonymous_2)
FNF:3
FNH:3
FNDA:4,(anonymous_0)
FNDA:1,(anonymous_1)
FNDA:4,(anonymous_2)
DA:1,1
DA:2,1
DA:6,1
DA:7,1
DA:8,1
DA:9,1
DA:10,1
DA:16,1
DA:17,4
DA:23,4
DA:24,1
DA:27,4
DA:28,2
DA:31,2
DA:38,4
LF:15
LH:15
BRDA:27,0,0,2
BRDA:27,1,0,4
BRDA:27,1,1,3
BRF:3
BRH:3
end_of_record
TN:
SF:src/pages/RestaurantPage/blocks/GalleryBlock.tsx
FN:26,(anonymous_1)
FN:29,(anonymous_2)
FN:36,(anonymous_3)
FN:42,(anonymous_4)
FN:54,(anonymous_5)
FN:59,(anonymous_6)
FN:60,(anonymous_7)
FN:65,(anonymous_8)
FN:66,(anonymous_9)
FN:91,(anonymous_10)
FN:97,(anonymous_11)
FN:104,(anonymous_12)
FN:129,(anonymous_13)
FN:140,(anonymous_14)
FN:144,(anonymous_15)
FN:163,(anonymous_16)
FN:172,(anonymous_17)
FN:177,(anonymous_18)
FN:186,(anonymous_19)
FNF:19
FNH:12
FNDA:3,(anonymous_1)
FNDA:12,(anonymous_2)
FNDA:6,(anonymous_3)
FNDA:11,(anonymous_4)
FNDA:7,(anonymous_5)
FNDA:6,(anonymous_6)
FNDA:12,(anonymous_7)
FNDA:0,(anonymous_8)
FNDA:0,(anonymous_9)
FNDA:0,(anonymous_10)
FNDA:4,(anonymous_11)
FNDA:7,(anonymous_12)
FNDA:0,(anonymous_13)
FNDA:12,(anonymous_14)
FNDA:0,(anonymous_15)
FNDA:9,(anonymous_16)
FNDA:6,(anonymous_17)
FNDA:0,(anonymous_18)
FNDA:0,(anonymous_19)
DA:1,1
DA:2,1
DA:3,1
DA:4,1
DA:9,1
DA:10,1
DA:11,1
DA:12,1
DA:13,1
DA:15,1
DA:26,1
DA:27,3
DA:29,3
DA:30,12
DA:31,6
DA:33,12
DA:36,6
DA:42,1
DA:43,11
DA:44,11
DA:45,11
DA:46,11
DA:47,11
DA:54,11
DA:55,7
DA:57,7
DA:59,7
DA:60,12
DA:62,7
DA:65,0
DA:66,0
DA:69,7
DA:70,7
DA:72,7
DA:74,6
DA:75,6
DA:78,6
DA:79,3
DA:80,3
DA:84,7
DA:91,11
DA:92,0
DA:93,0
DA:97,11
DA:98,4
DA:99,3
DA:104,11
DA:105,7
DA:108,11
DA:110,9
DA:129,0
DA:141,12
DA:144,0
DA:164,9
DA:173,6
DA:177,0
DA:186,0
LF:57
LH:49
BRDA:30,0,0,6
BRDA:57,1,0,7
BRDA:57,1,1,0
BRDA:78,2,0,3
BRDA:98,3,0,3
BRDA:108,4,0,2
BRDA:134,5,0,9
BRDA:134,5,1,9
BRDA:149,6,0,12
BRDA:149,6,1,0
BRDA:167,7,0,3
BRDA:167,7,1,6
BRDA:169,8,0,3
BRDA:169,8,1,6
BRDA:165,9,0,3
BRDA:165,9,1,6
BRF:16
BRH:14
end_of_record
TN:
SF:src/pages/RestaurantPage/blocks/GastronomyBlock.tsx
FN:18,(anonymous_1)
FN:41,(anonymous_2)
FNF:2
FNH:2
FNDA:3,(anonymous_1)
FNDA:1,(anonymous_2)
DA:2,1
DA:3,1
DA:4,1
DA:5,1
DA:6,1
DA:7,1
DA:8,1
DA:10,1
DA:18,1
DA:19,3
DA:21,3
DA:41,1
LF:12
LH:12
BRF:0
BRH:0
end_of_record
TN:
SF:src/pages/RestaurantPage/blocks/MenuBlock.tsx
FN:29,(anonymous_1)
FN:35,(anonymous_2)
FN:38,(anonymous_3)
FN:39,(anonymous_4)
FN:39,(anonymous_5)
FN:43,(anonymous_6)
FN:46,(anonymous_7)
FN:47,(anonymous_8)
FN:50,(anonymous_9)
FN:54,(anonymous_10)
FN:76,(anonymous_11)
FNF:11
FNH:0
FNDA:0,(anonymous_1)
FNDA:0,(anonymous_2)
FNDA:0,(anonymous_3)
FNDA:0,(anonymous_4)
FNDA:0,(anonymous_5)
FNDA:0,(anonymous_6)
FNDA:0,(anonymous_7)
FNDA:0,(anonymous_8)
FNDA:0,(anonymous_9)
FNDA:0,(anonymous_10)
FNDA:0,(anonymous_11)
DA:1,0
DA:2,0
DA:3,0
DA:4,0
DA:5,0
DA:9,0
DA:11,0
DA:13,0
DA:14,0
DA:15,0
DA:16,0
DA:17,0
DA:18,0
DA:20,0
DA:22,0
DA:29,0
DA:30,0
DA:31,0
DA:33,0
DA:35,0
DA:36,0
DA:37,0
DA:38,0
DA:39,0
DA:43,0
DA:44,0
DA:45,0
DA:46,0
DA:47,0
DA:50,0
DA:51,0
DA:54,0
DA:55,0
DA:58,0
DA:77,0
DA:78,0
DA:79,0
DA:81,0
LF:38
LH:0
BRDA:36,0,0,0
BRDA:44,1,0,0
BRDA:60,2,0,0
BRDA:60,2,1,0
BRDA:73,3,0,0
BRDA:73,3,1,0
BRDA:78,4,0,0
BRDA:78,4,1,0
BRDA:90,5,0,0
BRDA:90,5,1,0
BRDA:91,6,0,0
BRDA:91,6,1,0
BRDA:96,7,0,0
BRDA:96,7,1,0
BRDA:109,8,0,0
BRDA:109,8,1,0
BRF:16
BRH:0
end_of_record
TN:
SF:src/pages/RestaurantPage/blocks/NavigationBlock.tsx
FN:29,(anonymous_1)
FN:44,(anonymous_2)
FN:52,(anonymous_3)
FN:57,(anonymous_4)
FN:69,(anonymous_5)
FN:78,(anonymous_6)
FN:80,(anonymous_7)
FN:84,(anonymous_8)
FN:96,(anonymous_9)
FN:100,(anonymous_10)
FNF:10
FNH:0
FNDA:0,(anonymous_1)
FNDA:0,(anonymous_2)
FNDA:0,(anonymous_3)
FNDA:0,(anonymous_4)
FNDA:0,(anonymous_5)
FNDA:0,(anonymous_6)
FNDA:0,(anonymous_7)
FNDA:0,(anonymous_8)
FNDA:0,(anonymous_9)
FNDA:0,(anonymous_10)
DA:1,0
DA:2,0
DA:3,0
DA:4,0
DA:6,0
DA:8,0
DA:9,0
DA:11,0
DA:12,0
DA:13,0
DA:14,0
DA:15,0
DA:17,0
DA:29,0
DA:38,0
DA:40,0
DA:41,0
DA:42,0
DA:44,0
DA:45,0
DA:46,0
DA:48,0
DA:52,0
DA:53,0
DA:54,0
DA:57,0
DA:58,0
DA:59,0
DA:60,0
DA:64,0
DA:65,0
DA:66,0
DA:70,0
DA:74,0
DA:78,0
DA:80,0
DA:81,0
DA:83,0
DA:84,0
DA:87,0
DA:96,0
DA:100,0
LF:42
LH:0
BRDA:45,0,0,0
BRDA:45,0,1,0
BRDA:65,1,0,0
BRDA:65,2,0,0
BRDA:65,2,1,0
BRDA:88,3,0,0
BRDA:88,3,1,0
BRDA:94,4,0,0
BRDA:94,4,1,0
BRDA:97,5,0,0
BRDA:97,5,1,0
BRDA:97,5,2,0
BRDA:105,6,0,0
BRDA:105,6,1,0
BRF:14
BRH:0
end_of_record
TN:
SF:src/pages/TicketInfoPage/TicketInfoPage.tsx
FN:26,(anonymous_1)
FN:38,(anonymous_2)
FN:40,(anonymous_3)
FN:44,(anonymous_4)
FN:50,(anonymous_5)
FN:61,(anonymous_6)
FN:70,(anonymous_7)
FN:77,(anonymous_8)
FN:81,(anonymous_9)
FN:96,(anonymous_10)
FNF:10
FNH:0
FNDA:0,(anonymous_1)
FNDA:0,(anonymous_2)
FNDA:0,(anonymous_3)
FNDA:0,(anonymous_4)
FNDA:0,(anonymous_5)
FNDA:0,(anonymous_6)
FNDA:0,(anonymous_7)
FNDA:0,(anonymous_8)
FNDA:0,(anonymous_9)
FNDA:0,(anonymous_10)
DA:1,0
DA:2,0
DA:3,0
DA:4,0
DA:5,0
DA:7,0
DA:8,0
DA:12,0
DA:14,0
DA:15,0
DA:16,0
DA:17,0
DA:18,0
DA:20,0
DA:22,0
DA:24,0
DA:26,0
DA:27,0
DA:28,0
DA:29,0
DA:30,0
DA:31,0
DA:32,0
DA:33,0
DA:35,0
DA:36,0
DA:38,0
DA:39,0
DA:40,0
DA:41,0
DA:44,0
DA:45,0
DA:50,0
DA:51,0
DA:54,0
DA:55,0
DA:59,0
DA:60,0
DA:61,0
DA:62,0
DA:66,0
DA:70,0
DA:71,0
DA:72,0
DA:74,0
DA:77,0
DA:78,0
DA:81,0
DA:82,0
DA:83,0
DA:85,0
DA:89,0
DA:97,0
DA:98,0
LF:54
LH:0
BRDA:39,0,0,0
BRDA:39,0,1,0
BRDA:39,1,0,0
BRDA:39,1,1,0
BRDA:60,2,0,0
BRDA:60,3,0,0
BRDA:60,3,1,0
BRDA:71,4,0,0
BRDA:71,5,0,0
BRDA:71,5,1,0
BRDA:82,6,0,0
BRDA:82,6,1,0
BRDA:134,7,0,0
BRDA:134,7,1,0
BRDA:134,8,0,0
BRDA:134,8,1,0
BRDA:141,9,0,0
BRDA:141,9,1,0
BRDA:157,10,0,0
BRDA:157,10,1,0
BRDA:170,11,0,0
BRDA:170,11,1,0
BRDA:178,12,0,0
BRDA:178,12,1,0
BRDA:182,13,0,0
BRDA:182,13,1,0
BRDA:182,14,0,0
BRDA:182,14,1,0
BRDA:183,15,0,0
BRDA:183,15,1,0
BRDA:183,16,0,0
BRDA:183,16,1,0
BRDA:204,17,0,0
BRDA:204,17,1,0
BRDA:229,18,0,0
BRDA:229,18,1,0
BRDA:254,19,0,0
BRDA:254,19,1,0
BRDA:279,20,0,0
BRDA:279,20,1,0
BRDA:306,21,0,0
BRDA:306,21,1,0
BRDA:314,22,0,0
BRDA:314,22,1,0
BRDA:330,23,0,0
BRDA:330,23,1,0
BRDA:359,24,0,0
BRDA:359,24,1,0
BRF:48
BRH:0
end_of_record
TN:
SF:src/pages/UserPhoneConfirmation/UserPhoneConfirmationPage.tsx
FN:15,(anonymous_1)
FN:22,(anonymous_2)
FN:30,(anonymous_3)
FN:32,(anonymous_4)
FN:33,(anonymous_5)
FN:39,(anonymous_6)
FN:69,(anonymous_7)
FN:83,(anonymous_8)
FN:85,(anonymous_9)
FN:89,(anonymous_10)
FN:94,(anonymous_11)
FN:99,(anonymous_12)
FN:100,(anonymous_13)
FNF:13
FNH:0
FNDA:0,(anonymous_1)
FNDA:0,(anonymous_2)
FNDA:0,(anonymous_3)
FNDA:0,(anonymous_4)
FNDA:0,(anonymous_5)
FNDA:0,(anonymous_6)
FNDA:0,(anonymous_7)
FNDA:0,(anonymous_8)
FNDA:0,(anonymous_9)
FNDA:0,(anonymous_10)
FNDA:0,(anonymous_11)
FNDA:0,(anonymous_12)
FNDA:0,(anonymous_13)
DA:1,0
DA:2,0
DA:3,0
DA:4,0
DA:6,0
DA:8,0
DA:10,0
DA:11,0
DA:13,0
DA:15,0
DA:16,0
DA:17,0
DA:18,0
DA:19,0
DA:20,0
DA:22,0
DA:23,0
DA:25,0
DA:27,0
DA:30,0
DA:31,0
DA:32,0
DA:34,0
DA:39,0
DA:40,0
DA:41,0
DA:42,0
DA:43,0
DA:45,0
DA:46,0
DA:48,0
DA:49,0
DA:51,0
DA:52,0
DA:54,0
DA:55,0
DA:57,0
DA:58,0
DA:60,0
DA:61,0
DA:64,0
DA:69,0
DA:70,0
DA:71,0
DA:72,0
DA:83,0
DA:84,0
DA:86,0
DA:87,0
DA:90,0
DA:94,0
DA:95,0
DA:99,0
DA:100,0
DA:101,0
DA:102,0
DA:106,0
LF:57
LH:0
BRDA:23,0,0,0
BRDA:40,1,0,0
BRDA:41,2,0,0
BRDA:41,2,1,0
BRDA:42,3,0,0
BRDA:45,4,0,0
BRDA:48,5,0,0
BRDA:51,6,0,0
BRDA:54,7,0,0
BRDA:57,8,0,0
BRDA:60,9,0,0
BRDA:70,10,0,0
BRDA:87,11,0,0
BRDA:87,11,1,0
BRF:14
BRH:0
end_of_record
TN:
SF:src/pages/UserProfilePage/UserProfilePage.tsx
FN:21,(anonymous_1)
FN:38,(anonymous_2)
FN:49,(anonymous_3)
FN:63,(anonymous_4)
FN:68,(anonymous_5)
FN:69,(anonymous_6)
FN:75,(anonymous_7)
FN:77,(anonymous_8)
FN:81,(anonymous_9)
FN:87,(anonymous_10)
FN:100,(anonymous_11)
FN:105,(anonymous_12)
FN:112,(anonymous_13)
FN:116,(anonymous_14)
FN:136,(anonymous_15)
FN:144,(anonymous_16)
FN:145,(anonymous_17)
FN:151,(anonymous_18)
FN:152,(anonymous_19)
FN:158,(anonymous_20)
FN:159,(anonymous_21)
FN:168,(anonymous_22)
FN:169,(anonymous_23)
FN:175,(anonymous_24)
FN:191,(anonymous_25)
FN:193,(anonymous_26)
FN:210,(anonymous_27)
FNF:27
FNH:10
FNDA:3,(anonymous_1)
FNDA:3,(anonymous_2)
FNDA:1,(anonymous_3)
FNDA:1,(anonymous_4)
FNDA:1,(anonymous_5)
FNDA:1,(anonymous_6)
FNDA:2,(anonymous_7)
FNDA:0,(anonymous_8)
FNDA:2,(anonymous_9)
FNDA:1,(anonymous_10)
FNDA:1,(anonymous_11)
FNDA:0,(anonymous_12)
FNDA:0,(anonymous_13)
FNDA:0,(anonymous_14)
FNDA:0,(anonymous_15)
FNDA:0,(anonymous_16)
FNDA:0,(anonymous_17)
FNDA:0,(anonymous_18)
FNDA:0,(anonymous_19)
FNDA:0,(anonymous_20)
FNDA:0,(anonymous_21)
FNDA:0,(anonymous_22)
FNDA:0,(anonymous_23)
FNDA:0,(anonymous_24)
FNDA:0,(anonymous_25)
FNDA:0,(anonymous_26)
FNDA:0,(anonymous_27)
DA:1,1
DA:2,1
DA:3,1
DA:4,1
DA:5,1
DA:6,1
DA:7,1
DA:8,1
DA:9,1
DA:10,1
DA:11,1
DA:12,1
DA:13,1
DA:14,1
DA:15,1
DA:16,1
DA:17,1
DA:19,1
DA:21,1
DA:22,3
DA:23,3
DA:25,3
DA:26,3
DA:27,3
DA:28,3
DA:30,3
DA:38,3
DA:39,3
DA:42,3
DA:43,3
DA:47,3
DA:49,3
DA:50,1
DA:51,0
DA:52,0
DA:62,1
DA:63,1
DA:64,1
DA:68,3
DA:69,1
DA:70,1
DA:71,1
DA:75,3
DA:76,2
DA:77,0
DA:81,3
DA:82,2
DA:87,3
DA:88,1
DA:89,0
DA:91,1
DA:92,1
DA:101,1
DA:102,1
DA:103,1
DA:106,0
DA:107,0
DA:112,3
DA:113,0
DA:116,3
DA:117,0
DA:123,3
DA:136,0
DA:145,0
DA:152,0
DA:159,0
DA:169,0
DA:175,0
DA:192,0
DA:194,0
DA:211,0
LF:71
LH:54
BRDA:31,0,0,3
BRDA:31,0,1,2
BRDA:32,1,0,3
BRDA:32,1,1,2
BRDA:34,2,0,3
BRDA:34,2,1,3
BRDA:35,3,0,3
BRDA:35,3,1,3
BRDA:39,4,0,1
BRDA:39,4,1,2
BRDA:47,5,0,3
BRDA:47,5,1,3
BRDA:50,6,0,0
BRDA:76,7,0,0
BRDA:76,8,0,2
BRDA:76,8,1,2
BRDA:88,9,0,0
BRDA:96,10,0,1
BRDA:96,10,1,0
BRDA:106,11,0,0
BRDA:118,12,0,0
BRDA:118,12,1,0
BRDA:118,13,0,0
BRDA:118,13,1,0
BRDA:177,14,0,3
BRDA:177,14,1,3
BRDA:188,15,0,3
BRDA:188,15,1,0
BRDA:188,15,2,0
BRDA:192,16,0,0
BRDA:192,16,1,0
BRDA:208,17,0,0
BRDA:208,17,1,0
BRF:33
BRH:18
end_of_record
TN:
SF:src/pages/UserProfilePage/CalendarPopup/CalendarPopup.tsx
FN:30,(anonymous_1)
FN:31,(anonymous_2)
FNF:2
FNH:1
FNDA:2,(anonymous_1)
FNDA:0,(anonymous_2)
DA:1,1
DA:3,1
DA:4,1
DA:5,1
DA:17,1
DA:30,1
DA:31,2
DA:33,2
LF:8
LH:8
BRDA:36,0,0,0
BRDA:36,0,1,2
BRF:2
BRH:1
end_of_record
TN:
SF:src/pages/UserTicketsPage/UserTicketsPage.tsx
FN:19,(anonymous_1)
FN:25,(anonymous_2)
FN:31,(anonymous_3)
FN:32,(anonymous_4)
FN:33,(anonymous_5)
FN:42,(anonymous_6)
FN:53,(anonymous_7)
FN:59,(anonymous_8)
FN:64,(anonymous_9)
FNF:9
FNH:0
FNDA:0,(anonymous_1)
FNDA:0,(anonymous_2)
FNDA:0,(anonymous_3)
FNDA:0,(anonymous_4)
FNDA:0,(anonymous_5)
FNDA:0,(anonymous_6)
FNDA:0,(anonymous_7)
FNDA:0,(anonymous_8)
FNDA:0,(anonymous_9)
DA:1,0
DA:2,0
DA:3,0
DA:5,0
DA:9,0
DA:11,0
DA:12,0
DA:13,0
DA:14,0
DA:15,0
DA:17,0
DA:19,0
DA:20,0
DA:21,0
DA:22,0
DA:23,0
DA:25,0
DA:26,0
DA:27,0
DA:29,0
DA:30,0
DA:31,0
DA:32,0
DA:33,0
DA:36,0
DA:42,0
DA:54,0
DA:60,0
DA:61,0
DA:62,0
DA:65,0
LF:31
LH:0
BRDA:26,0,0,0
BRDA:50,1,0,0
BRDA:50,1,1,0
BRDA:57,2,0,0
BRDA:57,2,1,0
BRDA:57,3,0,0
BRDA:57,3,1,0
BRF:7
BRH:0
end_of_record
TN:
SF:src/pages/UserTicketsPage/Ticket/Ticket.tsx
FN:14,(anonymous_1)
FN:26,(anonymous_2)
FNF:2
FNH:0
FNDA:0,(anonymous_1)
FNDA:0,(anonymous_2)
DA:2,0
DA:3,0
DA:4,0
DA:8,0
DA:14,0
DA:15,0
DA:16,0
DA:26,0
LF:8
LH:0
BRDA:21,0,0,0
BRDA:21,0,1,0
BRDA:24,1,0,0
BRDA:24,1,1,0
BRDA:31,2,0,0
BRDA:31,2,1,0
BRF:6
BRH:0
end_of_record
TN:
SF:src/types/certificates.types.ts
FNF:0
FNH:0
DA:28,1
LF:1
LH:1
BRF:0
BRH:0
end_of_record
TN:
SF:src/types/stories.types.ts
FN:42,(anonymous_0)
FNF:1
FNH:1
FNDA:2,(anonymous_0)
DA:42,2
DA:43,2
DA:44,2
DA:45,2
LF:4
LH:4
BRDA:42,0,0,2
BRDA:42,0,1,2
BRF:2
BRH:2
end_of_record
TN:
SF:src/utils/menu.utils.ts
FN:6,(anonymous_0)
FN:27,(anonymous_1)
FN:28,(anonymous_2)
FNF:3
FNH:0
FNDA:0,(anonymous_0)
FNDA:0,(anonymous_1)
FNDA:0,(anonymous_2)
DA:6,0
DA:7,0
DA:9,0
DA:10,0
DA:12,0
DA:13,0
DA:15,0
DA:16,0
DA:18,0
DA:20,0
DA:21,0
DA:24,0
DA:27,0
DA:28,0
LF:14
LH:0
BRDA:7,0,0,0
BRDA:7,1,0,0
BRDA:7,1,1,0
BRDA:10,2,0,0
BRDA:10,3,0,0
BRDA:10,3,1,0
BRDA:13,4,0,0
BRDA:18,5,0,0
BRDA:20,6,0,0
BRDA:20,7,0,0
BRDA:20,7,1,0
BRDA:21,8,0,0
BRDA:21,8,1,0
BRDA:21,8,2,0
BRDA:21,8,3,0
BRDA:28,9,0,0
BRDA:28,9,1,0
BRF:17
BRH:0
end_of_record
TN:
SF:src/utils/trigram.utils.ts
FN:6,(anonymous_0)
FN:31,(anonymous_1)
FN:42,(anonymous_2)
FN:59,(anonymous_3)
FN:105,(anonymous_4)
FN:113,(anonymous_5)
FNF:6
FNH:0
FNDA:0,(anonymous_0)
FNDA:0,(anonymous_1)
FNDA:0,(anonymous_2)
FNDA:0,(anonymous_3)
FNDA:0,(anonymous_4)
FNDA:0,(anonymous_5)
DA:6,0
DA:7,0
DA:8,0
DA:10,0
DA:11,0
DA:12,0
DA:16,0
DA:18,0
DA:19,0
DA:22,0
DA:31,0
DA:32,0
DA:34,0
DA:35,0
DA:37,0
DA:38,0
DA:41,0
DA:42,0
DA:43,0
DA:44,0
DA:49,0
DA:59,0
DA:60,0
DA:61,0
DA:63,0
DA:64,0
DA:67,0
DA:68,0
DA:72,0
DA:73,0
DA:76,0
DA:77,0
DA:80,0
DA:81,0
DA:82,0
DA:83,0
DA:84,0
DA:89,0
DA:90,0
DA:94,0
DA:105,0
DA:111,0
DA:113,0
DA:114,0
DA:115,0
LF:45
LH:0
BRDA:10,0,0,0
BRDA:32,1,0,0
BRDA:32,2,0,0
BRDA:32,2,1,0
BRDA:37,3,0,0
BRDA:37,4,0,0
BRDA:37,4,1,0
BRDA:38,5,0,0
BRDA:38,6,0,0
BRDA:38,6,1,0
BRDA:43,7,0,0
BRDA:59,8,0,0
BRDA:60,9,0,0
BRDA:61,10,0,0
BRDA:67,11,0,0
BRDA:82,12,0,0
BRDA:89,13,0,0
BRDA:109,14,0,0
BRDA:111,15,0,0
BRF:19
BRH:0
end_of_record
